<?xml version="1.0" encoding="UTF-8"?>
<!-- Generated by org.testng.reporters.JUnitXMLReporter -->
<testsuite ignored="0" hostname="N-5CG7492PHQ" failures="0" tests="12" name="LOTests" time="1251.946" errors="0" timestamp="31 lip 2018 07:49:36 GMT">
  <testcase classname="LOT.LotBiletyAllSelectPlaces" name="Test_BuyTicketsEU" time="89.595"/>
  <testcase classname="LOT.LotBiletyAllSelectPlaces" name="Test_BuyTicketsEU" time="78.922"/>
  <testcase classname="LOT.LotBiletyAllSelectPlaces" name="Test_BuyTicketsEU" time="101.464"/>
  <testcase classname="LOT.LotBiletyAllSelectPlaces" name="Test_BuyTicketsEU" time="110.14"/>
  <testcase classname="LOT.LotBiletyAllSelectPlaces" name="Test_BuyTicketsEU" time="104.707"/>
  <testcase classname="LOT.LotBiletyAllSelectPlaces" name="Test_BuyTicketsEU" time="107.143"/>
  <testcase classname="LOT.LotBiletyAllSelectPlaces" name="Test_BuyTicketsEU" time="140.203"/>
  <testcase classname="LOT.LotBiletyAllSelectPlaces" name="Test_BuyTicketsEU" time="138.847"/>
  <testcase classname="LOT.LotBiletyAllSelectPlaces" name="Test_BuyTicketsHU" time="114.282"/>
  <testcase classname="LOT.LotBiletyAllSelectPlaces" name="Test_BuyTicketsUS" time="104.873"/>
  <testcase classname="LOT.LotBiletyAllSelectPlaces" name="Test_BuyTicketsUS" time="75.013"/>
  <testcase classname="LOT.LotBiletyAllSelectPlaces" name="Test_BuyTicketsUS" time="76.92"/>
</testsuite> <!-- LOTests -->
