<?xml version="1.0" encoding="UTF-8"?>
<!-- Generated by org.testng.reporters.JUnitXMLReporter -->
<testsuite ignored="0" hostname="N-5CG7492PHQ" failures="2" tests="2" name="LOTests" time="24.97" errors="0" timestamp="17 wrz 2018 13:11:18 GMT">
  <testcase classname="PRE2LOT.PRE2Short" name="Test_Pr2ShortEU" time="20.1">
    <failure type="java.lang.NullPointerException">
      <![CDATA[java.lang.NullPointerException
at Main.GetScreenshot.capture(GetScreenshot.java:17)
at PRE2LOT.PRE2Short.Test_Pr2ShortEU(PRE2Short.java:108)
... Removed 24 stack frames]]>
    </failure>
  </testcase> <!-- Test_Pr2ShortEU -->
  <testcase classname="PRE2LOT.PRE2Short" name="Test_Pr2ShortEU" time="20.927">
    <failure type="java.lang.NullPointerException">
      <![CDATA[java.lang.NullPointerException
at Main.GetScreenshot.capture(GetScreenshot.java:17)
at Main.LisinerTest.onTestFailure(LisinerTest.java:28)
... Removed 21 stack frames]]>
    </failure>
  </testcase> <!-- Test_Pr2ShortEU -->
</testsuite> <!-- LOTests -->
