<?xml version="1.0" encoding="UTF-8"?>
<!-- Generated by org.testng.reporters.JUnitXMLReporter -->
<testsuite ignored="1" hostname="N-5CG7492PHQ" failures="0" tests="1" name="LOTests" time="52.273" errors="0" timestamp="11 kwi 2018 14:41:12 GMT">
  <testcase classname="PRE2LOT.Booking" name="Test_From_WAW_TO_JFK_prices" time="27.578"/>
  <testcase classname="PRE2LOT.Booking" name="Test_From_WAW_TO_JFK" time="0.0">
    <ignored/>
  </testcase> <!-- Test_From_WAW_TO_JFK -->
</testsuite> <!-- LOTests -->
