<?xml version="1.0" encoding="UTF-8"?>
<!-- Generated by org.testng.reporters.JUnitXMLReporter -->
<testsuite ignored="0" hostname="N-5CG7492PHQ" failures="1" tests="2" name="LOTests" time="2.6" errors="0" timestamp="13 cze 2018 07:56:22 GMT">
  <testcase classname="LOT.LotBiletyEUcopy" name="Test_BuyTickets" time="0.0"/>
  <testcase classname="LOT.LotBiletyEUcopy" name="Test_BuyTickets" time="0.0">
    <failure type="java.lang.NullPointerException">
      <![CDATA[java.lang.NullPointerException
at Main.GetScreenshot.capture(GetScreenshot.java:17)
at Main.LisinerTest.onTestSuccess(LisinerTest.java:19)
... Removed 21 stack frames]]>
    </failure>
  </testcase> <!-- Test_BuyTickets -->
</testsuite> <!-- LOTests -->
