<?xml version="1.0" encoding="UTF-8"?>
<!-- Generated by org.testng.reporters.JUnitXMLReporter -->
<testsuite ignored="0" hostname="N-5CG7492PHQ" failures="0" tests="3" name="LOTests" time="221.909" errors="0" timestamp="24 lip 2018 11:13:43 GMT">
  <testcase classname="LOT.LotTicketsBusiness" name="Test_BuyTicketsEU" time="68.727"/>
  <testcase classname="LOT.LotTicketsBusiness" name="Test_BuyTicketsHU" time="84.448"/>
  <testcase classname="LOT.LotTicketsBusiness" name="Test_BuyTicketsUS" time="62.664"/>
</testsuite> <!-- LOTests -->
