<?xml version="1.0" encoding="UTF-8"?>
<!-- Generated by org.testng.reporters.JUnitXMLReporter -->
<testsuite ignored="0" hostname="N-5CG7492PHQ" failures="1" tests="3" name="LOTests" time="114.484" errors="0" timestamp="30 maj 2018 12:59:16 GMT">
  <testcase classname="LOT.LotBiletyEU" name="Test_BuyTickets" time="20.592">
    <failure type="org.openqa.selenium.WebDriverException" message="unknown error: Element &amp;lt;div class=&amp;quot;row-group jsOfferSection&amp;quot; id=&amp;quot;_availabilityportlet_WAR_lotairwaysportlet_offerIda-2-EUPINKTAN-2&amp;quot;&amp;gt;...&amp;lt;/div&amp;gt; is not clickable at point (506, 360). Other element would receive the click: &amp;lt;div class=&amp;quot;modal-backdrop fade in&amp;quot;&amp;gt;&amp;lt;/div&amp;gt;
  (Session info: chrome=66.0.3359.181)
  (Driver info: chromedriver=2.36.540470 (e522d04694c7ebea4ba8821272dbef4f9b818c91),platform=Windows NT 6.1.7601 SP1 x86_64) (WARNING: The server did not provide any stacktrace information)
Command duration or timeout: 0 milliseconds
Build info: version: &amp;apos;3.9.1&amp;apos;, revision: &amp;apos;63f7b50&amp;apos;, time: &amp;apos;2018-02-07T22:42:22.379Z&amp;apos;
System info: host: &amp;apos;N-5CG7492PHQ&amp;apos;, ip: &amp;apos;10.23.72.173&amp;apos;, os.name: &amp;apos;Windows 7&amp;apos;, os.arch: &amp;apos;amd64&amp;apos;, os.version: &amp;apos;6.1&amp;apos;, java.version: &amp;apos;9.0.4&amp;apos;
Driver info: org.openqa.selenium.chrome.ChromeDriver
Capabilities {acceptInsecureCerts: false, acceptSslCerts: false, applicationCacheEnabled: false, browserConnectionEnabled: false, browserName: chrome, chrome: {chromedriverVersion: 2.36.540470 (e522d04694c7eb..., userDataDir: C:\Users\30001236\AppData\L...}, cssSelectorsEnabled: true, databaseEnabled: false, handlesAlerts: true, hasTouchScreen: false, javascriptEnabled: true, locationContextEnabled: true, mobileEmulationEnabled: false, nativeEvents: true, networkConnectionEnabled: false, pageLoadStrategy: normal, platform: XP, platformName: XP, rotatable: false, setWindowRect: true, takesHeapSnapshot: true, takesScreenshot: true, unexpectedAlertBehaviour: , unhandledPromptBehavior: , version: 66.0.3359.181, webStorageEnabled: true}
Session ID: fa866407acd7bf0415a8c3b9a5c6c876">
      <![CDATA[org.openqa.selenium.WebDriverException: unknown error: Element <div class="row-group jsOfferSection" id="_availabilityportlet_WAR_lotairwaysportlet_offerIda-2-EUPINKTAN-2">...</div> is not clickable at point (506, 360). Other element would receive the click: <div class="modal-backdrop fade in"></div>
  (Session info: chrome=66.0.3359.181)
  (Driver info: chromedriver=2.36.540470 (e522d04694c7ebea4ba8821272dbef4f9b818c91),platform=Windows NT 6.1.7601 SP1 x86_64) (WARNING: The server did not provide any stacktrace information)
Command duration or timeout: 0 milliseconds
Build info: version: '3.9.1', revision: '63f7b50', time: '2018-02-07T22:42:22.379Z'
System info: host: 'N-5CG7492PHQ', ip: '10.23.72.173', os.name: 'Windows 7', os.arch: 'amd64', os.version: '6.1', java.version: '9.0.4'
Driver info: org.openqa.selenium.chrome.ChromeDriver
Capabilities {acceptInsecureCerts: false, acceptSslCerts: false, applicationCacheEnabled: false, browserConnectionEnabled: false, browserName: chrome, chrome: {chromedriverVersion: 2.36.540470 (e522d04694c7eb..., userDataDir: C:\Users\30001236\AppData\L...}, cssSelectorsEnabled: true, databaseEnabled: false, handlesAlerts: true, hasTouchScreen: false, javascriptEnabled: true, locationContextEnabled: true, mobileEmulationEnabled: false, nativeEvents: true, networkConnectionEnabled: false, pageLoadStrategy: normal, platform: XP, platformName: XP, rotatable: false, setWindowRect: true, takesHeapSnapshot: true, takesScreenshot: true, unexpectedAlertBehaviour: , unhandledPromptBehavior: , version: 66.0.3359.181, webStorageEnabled: true}
Session ID: fa866407acd7bf0415a8c3b9a5c6c876
at org.openqa.selenium.remote.ErrorHandler.createThrowable(ErrorHandler.java:214)
at org.openqa.selenium.remote.ErrorHandler.throwIfResponseFailed(ErrorHandler.java:166)
at org.openqa.selenium.remote.http.JsonHttpResponseCodec.reconstructValue(JsonHttpResponseCodec.java:40)
at org.openqa.selenium.remote.http.AbstractHttpResponseCodec.decode(AbstractHttpResponseCodec.java:80)
at org.openqa.selenium.remote.http.AbstractHttpResponseCodec.decode(AbstractHttpResponseCodec.java:44)
at org.openqa.selenium.remote.HttpCommandExecutor.execute(HttpCommandExecutor.java:160)
at org.openqa.selenium.remote.service.DriverCommandExecutor.execute(DriverCommandExecutor.java:83)
at org.openqa.selenium.remote.RemoteWebDriver.execute(RemoteWebDriver.java:601)
at org.openqa.selenium.remote.RemoteWebElement.execute(RemoteWebElement.java:279)
at org.openqa.selenium.remote.RemoteWebElement.click(RemoteWebElement.java:83)
at org.openqa.selenium.support.pagefactory.internal.LocatingElementHandler.invoke(LocatingElementHandler.java:51)
at com.sun.proxy.$Proxy12.click(Unknown Source)
at LOT.LotBiletyEU.Test_BuyTickets(LotBiletyEU.java:134)
... Removed 32 stack frames]]>
    </failure>
  </testcase> <!-- Test_BuyTickets -->
  <testcase classname="LOT.LotBiletyEU" name="Test_BuyTickets" time="38.941"/>
  <testcase classname="LOT.LotBiletyEU" name="Test_BuyTickets" time="48.988"/>
</testsuite> <!-- LOTests -->
