<?xml version="1.0" encoding="UTF-8"?>
<!-- Generated by org.testng.reporters.JUnitXMLReporter -->
<testsuite ignored="7" hostname="N-5CG7492PHQ" failures="0" tests="1" name="LOTests" time="64.189" errors="0" timestamp="26 lip 2018 11:20:21 GMT">
  <testcase classname="LOT.LotMultiTickets" name="Test_BuyTickets2adults1child" time="60.094"/>
  <testcase classname="LOT.LotMultiTickets" name="Test_BuyTickets2adults1youth" time="0.0">
    <ignored/>
  </testcase> <!-- Test_BuyTickets2adults1youth -->
  <testcase classname="LOT.LotMultiTickets" name="Test_BuyTickets2adults" time="0.0">
    <ignored/>
  </testcase> <!-- Test_BuyTickets2adults -->
  <testcase classname="LOT.LotMultiTickets" name="Test_BuyTickets3adults" time="0.0">
    <ignored/>
  </testcase> <!-- Test_BuyTickets3adults -->
  <testcase classname="LOT.LotMultiTickets" name="Test_BuyTickets2adults2youth" time="0.0">
    <ignored/>
  </testcase> <!-- Test_BuyTickets2adults2youth -->
  <testcase classname="LOT.LotMultiTickets" name="Test_BuyTickets4adults" time="0.0">
    <ignored/>
  </testcase> <!-- Test_BuyTickets4adults -->
  <testcase classname="LOT.LotMultiTickets" name="Test_BuyTickets1adult1infant" time="0.0">
    <ignored/>
  </testcase> <!-- Test_BuyTickets1adult1infant -->
  <testcase classname="LOT.LotMultiTickets" name="Test_BuyTickets1adult1youth" time="0.0">
    <ignored/>
  </testcase> <!-- Test_BuyTickets1adult1youth -->
</testsuite> <!-- LOTests -->
