<?xml version="1.0" encoding="UTF-8"?>
<!-- Generated by org.testng.reporters.JUnitXMLReporter -->
<testsuite ignored="0" hostname="N-5CG7492PHQ" failures="0" tests="30" name="LOTests" time="1.982" errors="0" timestamp="09 sie 2018 09:10:48 GMT">
  <testcase classname="LOT.LotMMB" name="@BeforeTest setUp" time="0.25">
    <failure type="java.lang.IllegalStateException" message="The path to the driver executable must be set by the webdriver.gecko.driver system property; for more information, see https://github.com/mozilla/geckodriver. The latest version can be downloaded from https://github.com/mozilla/geckodriver/releases">
      <![CDATA[java.lang.IllegalStateException: The path to the driver executable must be set by the webdriver.gecko.driver system property; for more information, see https://github.com/mozilla/geckodriver. The latest version can be downloaded from https://github.com/mozilla/geckodriver/releases
at com.google.common.base.Preconditions.checkState(Preconditions.java:847)
at org.openqa.selenium.remote.service.DriverService.findExecutable(DriverService.java:124)
at org.openqa.selenium.firefox.GeckoDriverService.access$100(GeckoDriverService.java:41)
at org.openqa.selenium.firefox.GeckoDriverService$Builder.findDefaultExecutable(GeckoDriverService.java:141)
at org.openqa.selenium.remote.service.DriverService$Builder.build(DriverService.java:339)
at org.openqa.selenium.firefox.FirefoxDriver.toExecutor(FirefoxDriver.java:158)
at org.openqa.selenium.firefox.FirefoxDriver.<init>(FirefoxDriver.java:120)
at org.openqa.selenium.firefox.FirefoxDriver.<init>(FirefoxDriver.java:98)
at LOT.LotMMB.setUp(LotMMB.java:33)
... Removed 23 stack frames]]>
    </failure>
  </testcase> <!-- @BeforeTest setUp -->
  <testcase classname="LOT.LotMMB" name="@AfterTest tearDown" time="0.001">
    <failure type="java.lang.NullPointerException">
      <![CDATA[java.lang.NullPointerException
at LOT.LotMMB.tearDown(LotMMB.java:98)
... Removed 23 stack frames]]>
    </failure>
  </testcase> <!-- @AfterTest tearDown -->
  <testcase classname="LOT.LotMMB" name="MMB" time="0.0">
    <skipped/>
  </testcase> <!-- MMB -->
  <testcase classname="LOT.LotMMB" name="MMB" time="0.0">
    <skipped/>
  </testcase> <!-- MMB -->
  <testcase classname="LOT.LotMMB" name="MMB" time="0.0">
    <skipped/>
  </testcase> <!-- MMB -->
  <testcase classname="LOT.LotMMB" name="MMB" time="0.0">
    <skipped/>
  </testcase> <!-- MMB -->
  <testcase classname="LOT.LotMMB" name="MMB" time="0.0">
    <skipped/>
  </testcase> <!-- MMB -->
  <testcase classname="LOT.LotMMB" name="MMB" time="0.0">
    <skipped/>
  </testcase> <!-- MMB -->
  <testcase classname="LOT.LotMMB" name="MMB" time="0.0">
    <skipped/>
  </testcase> <!-- MMB -->
  <testcase classname="LOT.LotMMB" name="MMB" time="0.0">
    <skipped/>
  </testcase> <!-- MMB -->
  <testcase classname="LOT.LotMMB" name="MMB" time="0.0">
    <skipped/>
  </testcase> <!-- MMB -->
  <testcase classname="LOT.LotMMB" name="MMB" time="0.0">
    <skipped/>
  </testcase> <!-- MMB -->
  <testcase classname="LOT.LotMMB" name="MMB" time="0.0">
    <skipped/>
  </testcase> <!-- MMB -->
  <testcase classname="LOT.LotMMB" name="MMB" time="0.0">
    <skipped/>
  </testcase> <!-- MMB -->
  <testcase classname="LOT.LotMMB" name="MMB" time="0.0">
    <skipped/>
  </testcase> <!-- MMB -->
  <testcase classname="LOT.LotMMB" name="MMB" time="0.0">
    <skipped/>
  </testcase> <!-- MMB -->
  <testcase classname="LOT.LotMMB" name="MMB" time="0.0">
    <skipped/>
  </testcase> <!-- MMB -->
  <testcase classname="LOT.LotMMB" name="MMB" time="0.0">
    <skipped/>
  </testcase> <!-- MMB -->
  <testcase classname="LOT.LotMMB" name="MMB" time="0.0">
    <skipped/>
  </testcase> <!-- MMB -->
  <testcase classname="LOT.LotMMB" name="MMB" time="0.0">
    <skipped/>
  </testcase> <!-- MMB -->
  <testcase classname="LOT.LotMMB" name="MMB" time="0.0">
    <skipped/>
  </testcase> <!-- MMB -->
  <testcase classname="LOT.LotMMB" name="MMB" time="0.0">
    <skipped/>
  </testcase> <!-- MMB -->
  <testcase classname="LOT.LotMMB" name="MMB" time="0.0">
    <skipped/>
  </testcase> <!-- MMB -->
  <testcase classname="LOT.LotMMB" name="MMB" time="0.0">
    <skipped/>
  </testcase> <!-- MMB -->
  <testcase classname="LOT.LotMMB" name="MMB" time="0.0">
    <skipped/>
  </testcase> <!-- MMB -->
  <testcase classname="LOT.LotMMB" name="MMB" time="0.0">
    <skipped/>
  </testcase> <!-- MMB -->
  <testcase classname="LOT.LotMMB" name="MMB" time="0.0">
    <skipped/>
  </testcase> <!-- MMB -->
  <testcase classname="LOT.LotMMB" name="MMB" time="0.0">
    <skipped/>
  </testcase> <!-- MMB -->
  <testcase classname="LOT.LotMMB" name="MMB" time="0.0">
    <skipped/>
  </testcase> <!-- MMB -->
  <testcase classname="LOT.LotMMB" name="MMB" time="0.0">
    <skipped/>
  </testcase> <!-- MMB -->
  <testcase classname="LOT.LotMMB" name="MMB" time="0.0">
    <skipped/>
  </testcase> <!-- MMB -->
  <testcase classname="LOT.LotMMB" name="MMB" time="0.0">
    <skipped/>
  </testcase> <!-- MMB -->
</testsuite> <!-- LOTests -->
