<?xml version="1.0" encoding="UTF-8"?>
<!-- Generated by org.testng.reporters.JUnitXMLReporter -->
<testsuite ignored="2" hostname="N-5CG7492PHQ" failures="0" tests="1" name="LOTests" time="65.007" errors="0" timestamp="12 kwi 2018 11:18:36 GMT">
  <testcase classname="PRE2LOT.Booking" name="Test_From_WAW_TO_ICN_prices" time="51.494"/>
  <testcase classname="PRE2LOT.Booking" name="Test_From_WAW_TO_JFK" time="0.0">
    <ignored/>
  </testcase> <!-- Test_From_WAW_TO_JFK -->
  <testcase classname="PRE2LOT.Booking" name="Test_From_WAW_TO_JFK_prices" time="0.0">
    <ignored/>
  </testcase> <!-- Test_From_WAW_TO_JFK_prices -->
</testsuite> <!-- LOTests -->
