<?xml version="1.0" encoding="UTF-8"?>
<!-- Generated by org.testng.reporters.JUnitXMLReporter -->
<testsuite ignored="5" hostname="N-5CG7492PHQ" failures="0" tests="1" name="LOTests" time="23.041" errors="0" timestamp="13 mar 2018 12:59:28 GMT">
  <testcase classname="LOT.LotBilety" name="Bilet_WAW_LHR_Economy" time="19.32"/>
  <testcase classname="LOT.LotBilety" name="Test_Promocji" time="0.0">
    <ignored/>
  </testcase> <!-- Test_Promocji -->
  <testcase classname="LOT.LotBilety" name="Test_Biletow" time="0.0">
    <ignored/>
  </testcase> <!-- Test_Biletow -->
  <testcase classname="LOT.LotBilety" name="Bilet_WAW_LHR_PremiumEconomy" time="0.0">
    <ignored/>
  </testcase> <!-- Bilet_WAW_LHR_PremiumEconomy -->
  <testcase classname="LOT.LotBilety" name="Test_Zarezewuj" time="0.0">
    <ignored/>
  </testcase> <!-- Test_Zarezewuj -->
  <testcase classname="LOT.LotBilety" name="Bilet_WAW_LHR_Business" time="0.0">
    <ignored/>
  </testcase> <!-- Bilet_WAW_LHR_Business -->
</testsuite> <!-- LOTests -->
