<?xml version="1.0" encoding="UTF-8"?>
<!-- Generated by org.testng.reporters.JUnitXMLReporter -->
<testsuite ignored="0" hostname="N-5CG7492PHQ" failures="0" tests="3" name="LOTests" time="92.052" errors="0" timestamp="16 paź 2018 13:41:22 GMT">
  <testcase classname="LOT.LotBiletyAllshortSauceLabsTEST" name="Test_BuyTickets" time="15.844"/>
  <testcase classname="LOT.LotBiletyAllshortSauceLabsTEST" name="Test_BuyTickets" time="17.804"/>
  <testcase classname="LOT.LotBiletyAllshortSauceLabsTEST" name="Test_BuyTickets" time="22.393"/>
</testsuite> <!-- LOTests -->
