<?xml version="1.0" encoding="UTF-8"?>
<!-- Generated by org.testng.reporters.JUnitXMLReporter -->
<testsuite ignored="0" hostname="N-5CG7492PHQ" failures="0" tests="3" name="LOTests" time="1.57" errors="0" timestamp="18 wrz 2018 12:14:15 GMT">
  <testcase classname="LOT.IE11.LotBiletyAllshortIE11" name="@BeforeTest setUp" time="0.138">
    <failure type="org.openqa.selenium.WebDriverException" message="SafariDriver requires Safari 10 running on OSX El Capitan or greater.
Build info: version: &amp;apos;3.14.0&amp;apos;, revision: &amp;apos;aacccce0&amp;apos;, time: &amp;apos;2018-08-02T20:19:58.91Z&amp;apos;
System info: host: &amp;apos;N-5CG7492PHQ&amp;apos;, ip: &amp;apos;192.168.12.19&amp;apos;, os.name: &amp;apos;Windows 7&amp;apos;, os.arch: &amp;apos;amd64&amp;apos;, os.version: &amp;apos;6.1&amp;apos;, java.version: &amp;apos;10.0.1&amp;apos;
Driver info: driver.version: SafariDriver">
      <![CDATA[org.openqa.selenium.WebDriverException: SafariDriver requires Safari 10 running on OSX El Capitan or greater.
Build info: version: '3.14.0', revision: 'aacccce0', time: '2018-08-02T20:19:58.91Z'
System info: host: 'N-5CG7492PHQ', ip: '192.168.12.19', os.name: 'Windows 7', os.arch: 'amd64', os.version: '6.1', java.version: '10.0.1'
Driver info: driver.version: SafariDriver
at org.openqa.selenium.safari.SafariDriverService.createDefaultService(SafariDriverService.java:59)
at org.openqa.selenium.safari.SafariDriver.<init>(SafariDriver.java:60)
at org.openqa.selenium.safari.SafariDriver.<init>(SafariDriver.java:38)
at LOT.IE11.LotBiletyAllshortIE11.setUp(LotBiletyAllshortIE11.java:49)
... Removed 23 stack frames]]>
    </failure>
  </testcase> <!-- @BeforeTest setUp -->
  <testcase classname="LOT.IE11.LotBiletyAllshortIE11" name="Test_BuyTicketsEU" time="0.0">
    <skipped/>
  </testcase> <!-- Test_BuyTicketsEU -->
  <testcase classname="LOT.IE11.LotBiletyAllshortIE11" name="Test_BuyTicketsHU" time="0.0">
    <skipped/>
  </testcase> <!-- Test_BuyTicketsHU -->
  <testcase classname="LOT.IE11.LotBiletyAllshortIE11" name="Test_BuyTicketsUS" time="0.0">
    <skipped/>
  </testcase> <!-- Test_BuyTicketsUS -->
</testsuite> <!-- LOTests -->
