<?xml version="1.0" encoding="UTF-8"?>
<!-- Generated by org.testng.reporters.JUnitXMLReporter -->
<testsuite ignored="0" hostname="N-5CG7492PHQ" failures="0" tests="4" name="LOTests" time="123.326" errors="0" timestamp="13 kwi 2018 09:57:17 GMT">
  <testcase classname="PRE2LOT.Booking" name="Test_From_WAW_TO_BCN_prices" time="32.604"/>
  <testcase classname="PRE2LOT.Booking" name="Test_From_WAW_TO_ICN_prices" time="20.901"/>
  <testcase classname="PRE2LOT.Booking" name="Test_From_WAW_TO_JFK_prices" time="14.017"/>
  <testcase classname="PRE2LOT.Booking" name="Test_From_WAW_TO_LUX_prices" time="18.826"/>
</testsuite> <!-- LOTests -->
