<?xml version="1.0" encoding="UTF-8"?>
<!-- Generated by org.testng.reporters.JUnitXMLReporter -->
<testsuite ignored="5" hostname="N-5CG7492PHQ" failures="0" tests="1" name="LOTests" time="44.249" errors="0" timestamp="05 kwi 2018 09:13:08 GMT">
  <testcase classname="LOT.LotBilety" name="Test_Biletow" time="41.201"/>
  <testcase classname="LOT.LotBilety" name="Test_Promocji" time="0.0">
    <ignored/>
  </testcase> <!-- Test_Promocji -->
  <testcase classname="LOT.LotBilety" name="Bilet_WAW_LHR_Economy" time="0.0">
    <ignored/>
  </testcase> <!-- Bilet_WAW_LHR_Economy -->
  <testcase classname="LOT.LotBilety" name="Bilet_WAW_LHR_PremiumEconomy" time="0.0">
    <ignored/>
  </testcase> <!-- Bilet_WAW_LHR_PremiumEconomy -->
  <testcase classname="LOT.LotBilety" name="Test_Zarezewuj" time="0.0">
    <ignored/>
  </testcase> <!-- Test_Zarezewuj -->
  <testcase classname="LOT.LotBilety" name="Bilet_WAW_LHR_Business" time="0.0">
    <ignored/>
  </testcase> <!-- Bilet_WAW_LHR_Business -->
</testsuite> <!-- LOTests -->
