<?xml version="1.0" encoding="UTF-8"?>
<!-- Generated by org.testng.reporters.JUnitXMLReporter -->
<testsuite ignored="7" hostname="N-5CG7492PHQ" failures="0" tests="1" name="LOTests" time="34.846" errors="0" timestamp="22 sie 2018 08:02:35 GMT">
  <testcase classname="LOT.LotLuggageComplaint" name="LuggageComplaintDEDE" time="26.462"/>
  <testcase classname="LOT.LotLuggageComplaint" name="LuggageComplaintFRFR" time="0.0">
    <ignored/>
  </testcase> <!-- LuggageComplaintFRFR -->
  <testcase classname="LOT.LotLuggageComplaint" name="LuggageComplaintITIT" time="0.0">
    <ignored/>
  </testcase> <!-- LuggageComplaintITIT -->
  <testcase classname="LOT.LotLuggageComplaint" name="LuggageComplaintRURU" time="0.0">
    <ignored/>
  </testcase> <!-- LuggageComplaintRURU -->
  <testcase classname="LOT.LotLuggageComplaint" name="LuggageComplaintPLEN" time="0.0">
    <ignored/>
  </testcase> <!-- LuggageComplaintPLEN -->
  <testcase classname="LOT.LotLuggageComplaint" name="LuggageComplaintESES" time="0.0">
    <ignored/>
  </testcase> <!-- LuggageComplaintESES -->
  <testcase classname="LOT.LotLuggageComplaint" name="LuggageComplaintKRKO" time="0.0">
    <ignored/>
  </testcase> <!-- LuggageComplaintKRKO -->
  <testcase classname="LOT.LotLuggageComplaint" name="LuggageComplaintPLPL" time="0.0">
    <ignored/>
  </testcase> <!-- LuggageComplaintPLPL -->
</testsuite> <!-- LOTests -->
