<?xml version="1.0" encoding="UTF-8"?>
<!-- Generated by org.testng.reporters.JUnitXMLReporter -->
<testsuite ignored="0" hostname="N-5CG7492PHQ" failures="1" tests="1" name="LOTests" time="7.146" errors="0" timestamp="26 wrz 2018 11:40:49 GMT">
  <testcase classname="LOT.FireFox.LotBiletyAllshortFF" name="Test_BuyTicketsEU" time="0.0">
    <failure type="org.testng.TestNGException" message="
Method public void LOT.FireFox.LotBiletyAllshortFF.Test_BuyTicketsEU(java.lang.String,java.lang.String,java.lang.String,org.apache.poi.xssf.usermodel.XSSFCell,org.apache.poi.xssf.usermodel.XSSFCell) throws java.lang.Exception requires a @DataProvider named : data">
      <![CDATA[org.testng.TestNGException: 
Method public void LOT.FireFox.LotBiletyAllshortFF.Test_BuyTicketsEU(java.lang.String,java.lang.String,java.lang.String,org.apache.poi.xssf.usermodel.XSSFCell,org.apache.poi.xssf.usermodel.XSSFCell) throws java.lang.Exception requires a @DataProvider named : data
... Removed 21 stack frames]]>
    </failure>
  </testcase> <!-- Test_BuyTicketsEU -->
</testsuite> <!-- LOTests -->
