<?xml version="1.0" encoding="UTF-8"?>
<!-- Generated by org.testng.reporters.JUnitXMLReporter -->
<testsuite ignored="0" hostname="N-5CG7492PHQ" failures="0" tests="3" name="QC" time="33.727" errors="0" timestamp="19 paź 2018 12:47:48 GMT">
  <testcase classname="Selenium.Test" name="Test_BuyTicketsEU" time="14.753"/>
  <testcase classname="Selenium.Test" name="Test_BuyTicketsEU" time="5.707"/>
  <testcase classname="Selenium.Test" name="Test_BuyTicketsEU" time="6.121"/>
</testsuite> <!-- QC -->
