<?xml version="1.0" encoding="UTF-8"?>
<testng-results ignored="0" total="85" passed="79" failed="6" skipped="0">
  <reporter-output>
    <line>
      <![CDATA[<a href='C:\Users\30001236\IdeaProjects\LOTests\ErrorScreenshot\HomePage dk\plEWRWAW22.053.020180626_130206.jpg'> <img src='C:\Users\30001236\IdeaProjects\LOTests\ErrorScreenshot\HomePage dk\plEWRWAW22.053.020180626_130206.jpg' height='400' width='600'/> </a><br>20180626_130206]]>
    </line>
    <line>
      <![CDATA[<a href='C:\Users\30001236\IdeaProjects\LOTests\ErrorScreenshot\FlightPage dk\plEWRWAW22.053.020180626_130222.jpg'> <img src='C:\Users\30001236\IdeaProjects\LOTests\ErrorScreenshot\FlightPage dk\plEWRWAW22.053.020180626_130222.jpg' height='400' width='600'/> </a><br>20180626_130222]]>
    </line>
    <line>
      <![CDATA[<a href='C:\Users\30001236\IdeaProjects\LOTests\ErrorScreenshot\PassengersPage dk\plEWRWAW22.053.020180626_130228.jpg'> <img src='C:\Users\30001236\IdeaProjects\LOTests\ErrorScreenshot\PassengersPage dk\plEWRWAW22.053.020180626_130228.jpg' height='400' width='600'/> </a><br>20180626_130228]]>
    </line>
    <line>
      <![CDATA[<a href='C:\Users\30001236\IdeaProjects\LOTests\ErrorScreenshot\ExtraPage dk\plEWRWAW22.053.020180626_130249.jpg'> <img src='C:\Users\30001236\IdeaProjects\LOTests\ErrorScreenshot\ExtraPage dk\plEWRWAW22.053.020180626_130249.jpg' height='400' width='600'/> </a><br>20180626_130249]]>
    </line>
    <line>
      <![CDATA[<a href='C:\Users\30001236\IdeaProjects\LOTests\ErrorScreenshot\PaymentPage dk\plEWRWAW22.053.020180626_130253.jpg'> <img src='C:\Users\30001236\IdeaProjects\LOTests\ErrorScreenshot\PaymentPage dk\plEWRWAW22.053.020180626_130253.jpg' height='400' width='600'/> </a><br>20180626_130253]]>
    </line>
    <line>
      <![CDATA[<a href='C:\Users\30001236\IdeaProjects\LOTests\ErrorScreenshot\Test_BuyTicketsEU20180626_130257.jpg'> <img src='C:\Users\30001236\IdeaProjects\LOTests\ErrorScreenshot\Test_BuyTicketsEU20180626_130257.jpg' height='400' width='600'/> </a><br>20180626_130257]]>
    </line>
    <line>
      <![CDATA[<a href='C:\Users\30001236\IdeaProjects\LOTests\ErrorScreenshot\HomePage eg\enLAXWAW258.0331.020180626_130301.jpg'> <img src='C:\Users\30001236\IdeaProjects\LOTests\ErrorScreenshot\HomePage eg\enLAXWAW258.0331.020180626_130301.jpg' height='400' width='600'/> </a><br>20180626_130301]]>
    </line>
    <line>
      <![CDATA[<a href='C:\Users\30001236\IdeaProjects\LOTests\ErrorScreenshot\FlightPage eg\enLAXWAW258.0331.020180626_130314.jpg'> <img src='C:\Users\30001236\IdeaProjects\LOTests\ErrorScreenshot\FlightPage eg\enLAXWAW258.0331.020180626_130314.jpg' height='400' width='600'/> </a><br>20180626_130314]]>
    </line>
    <line>
      <![CDATA[<a href='C:\Users\30001236\IdeaProjects\LOTests\ErrorScreenshot\PassengersPage eg\enLAXWAW258.0331.020180626_130320.jpg'> <img src='C:\Users\30001236\IdeaProjects\LOTests\ErrorScreenshot\PassengersPage eg\enLAXWAW258.0331.020180626_130320.jpg' height='400' width='600'/> </a><br>20180626_130320]]>
    </line>
    <line>
      <![CDATA[<a href='C:\Users\30001236\IdeaProjects\LOTests\ErrorScreenshot\ExtraPage eg\enLAXWAW258.0331.020180626_130342.jpg'> <img src='C:\Users\30001236\IdeaProjects\LOTests\ErrorScreenshot\ExtraPage eg\enLAXWAW258.0331.020180626_130342.jpg' height='400' width='600'/> </a><br>20180626_130342]]>
    </line>
    <line>
      <![CDATA[<a href='C:\Users\30001236\IdeaProjects\LOTests\ErrorScreenshot\PaymentPage eg\enLAXWAW258.0331.020180626_130345.jpg'> <img src='C:\Users\30001236\IdeaProjects\LOTests\ErrorScreenshot\PaymentPage eg\enLAXWAW258.0331.020180626_130345.jpg' height='400' width='600'/> </a><br>20180626_130345]]>
    </line>
    <line>
      <![CDATA[<a href='C:\Users\30001236\IdeaProjects\LOTests\ErrorScreenshot\Test_BuyTicketsEU20180626_130349.jpg'> <img src='C:\Users\30001236\IdeaProjects\LOTests\ErrorScreenshot\Test_BuyTicketsEU20180626_130349.jpg' height='400' width='600'/> </a><br>20180626_130349]]>
    </line>
    <line>
      <![CDATA[<a href='C:\Users\30001236\IdeaProjects\LOTests\ErrorScreenshot\HomePage eg\plKRKFRA92.0348.020180626_130358.jpg'> <img src='C:\Users\30001236\IdeaProjects\LOTests\ErrorScreenshot\HomePage eg\plKRKFRA92.0348.020180626_130358.jpg' height='400' width='600'/> </a><br>20180626_130358]]>
    </line>
    <line>
      <![CDATA[<a href='C:\Users\30001236\IdeaProjects\LOTests\ErrorScreenshot\FlightPage eg\plKRKFRA92.0348.020180626_130412.jpg'> <img src='C:\Users\30001236\IdeaProjects\LOTests\ErrorScreenshot\FlightPage eg\plKRKFRA92.0348.020180626_130412.jpg' height='400' width='600'/> </a><br>20180626_130412]]>
    </line>
    <line>
      <![CDATA[<a href='C:\Users\30001236\IdeaProjects\LOTests\ErrorScreenshot\PassengersPage eg\plKRKFRA92.0348.020180626_130438.jpg'> <img src='C:\Users\30001236\IdeaProjects\LOTests\ErrorScreenshot\PassengersPage eg\plKRKFRA92.0348.020180626_130438.jpg' height='400' width='600'/> </a><br>20180626_130438]]>
    </line>
    <line>
      <![CDATA[<a href='C:\Users\30001236\IdeaProjects\LOTests\ErrorScreenshot\ExtraPage eg\plKRKFRA92.0348.020180626_130518.jpg'> <img src='C:\Users\30001236\IdeaProjects\LOTests\ErrorScreenshot\ExtraPage eg\plKRKFRA92.0348.020180626_130518.jpg' height='400' width='600'/> </a><br>20180626_130518]]>
    </line>
    <line>
      <![CDATA[<a href='C:\Users\30001236\IdeaProjects\LOTests\ErrorScreenshot\PaymentPage eg\plKRKFRA92.0348.020180626_130523.jpg'> <img src='C:\Users\30001236\IdeaProjects\LOTests\ErrorScreenshot\PaymentPage eg\plKRKFRA92.0348.020180626_130523.jpg' height='400' width='600'/> </a><br>20180626_130523]]>
    </line>
    <line>
      <![CDATA[<a href='C:\Users\30001236\IdeaProjects\LOTests\ErrorScreenshot\Test_BuyTicketsEU20180626_130526.jpg'> <img src='C:\Users\30001236\IdeaProjects\LOTests\ErrorScreenshot\Test_BuyTicketsEU20180626_130526.jpg' height='400' width='600'/> </a><br>20180626_130526]]>
    </line>
    <line>
      <![CDATA[<a href='C:\Users\30001236\IdeaProjects\LOTests\ErrorScreenshot\HomePage ee\ruTLLWAW68.0113.020180626_130531.jpg'> <img src='C:\Users\30001236\IdeaProjects\LOTests\ErrorScreenshot\HomePage ee\ruTLLWAW68.0113.020180626_130531.jpg' height='400' width='600'/> </a><br>20180626_130531]]>
    </line>
    <line>
      <![CDATA[<a href='C:\Users\30001236\IdeaProjects\LOTests\ErrorScreenshot\FlightPage ee\ruTLLWAW68.0113.020180626_130545.jpg'> <img src='C:\Users\30001236\IdeaProjects\LOTests\ErrorScreenshot\FlightPage ee\ruTLLWAW68.0113.020180626_130545.jpg' height='400' width='600'/> </a><br>20180626_130545]]>
    </line>
    <line>
      <![CDATA[<a href='C:\Users\30001236\IdeaProjects\LOTests\ErrorScreenshot\PassengersPage ee\ruTLLWAW68.0113.020180626_130611.jpg'> <img src='C:\Users\30001236\IdeaProjects\LOTests\ErrorScreenshot\PassengersPage ee\ruTLLWAW68.0113.020180626_130611.jpg' height='400' width='600'/> </a><br>20180626_130611]]>
    </line>
    <line>
      <![CDATA[<a href='C:\Users\30001236\IdeaProjects\LOTests\ErrorScreenshot\ExtraPage ee\ruTLLWAW68.0113.020180626_130643.jpg'> <img src='C:\Users\30001236\IdeaProjects\LOTests\ErrorScreenshot\ExtraPage ee\ruTLLWAW68.0113.020180626_130643.jpg' height='400' width='600'/> </a><br>20180626_130643]]>
    </line>
    <line>
      <![CDATA[<a href='C:\Users\30001236\IdeaProjects\LOTests\ErrorScreenshot\PaymentPage ee\ruTLLWAW68.0113.020180626_130646.jpg'> <img src='C:\Users\30001236\IdeaProjects\LOTests\ErrorScreenshot\PaymentPage ee\ruTLLWAW68.0113.020180626_130646.jpg' height='400' width='600'/> </a><br>20180626_130646]]>
    </line>
    <line>
      <![CDATA[<a href='C:\Users\30001236\IdeaProjects\LOTests\ErrorScreenshot\Test_BuyTicketsEU20180626_130649.jpg'> <img src='C:\Users\30001236\IdeaProjects\LOTests\ErrorScreenshot\Test_BuyTicketsEU20180626_130649.jpg' height='400' width='600'/> </a><br>20180626_130649]]>
    </line>
    <line>
      <![CDATA[<a href='C:\Users\30001236\IdeaProjects\LOTests\ErrorScreenshot\HomePage ee\enEVNWAW15.085.020180626_130654.jpg'> <img src='C:\Users\30001236\IdeaProjects\LOTests\ErrorScreenshot\HomePage ee\enEVNWAW15.085.020180626_130654.jpg' height='400' width='600'/> </a><br>20180626_130654]]>
    </line>
    <line>
      <![CDATA[<a href='C:\Users\30001236\IdeaProjects\LOTests\ErrorScreenshot\FlightPage ee\enEVNWAW15.085.020180626_130705.jpg'> <img src='C:\Users\30001236\IdeaProjects\LOTests\ErrorScreenshot\FlightPage ee\enEVNWAW15.085.020180626_130705.jpg' height='400' width='600'/> </a><br>20180626_130705]]>
    </line>
    <line>
      <![CDATA[<a href='C:\Users\30001236\IdeaProjects\LOTests\ErrorScreenshot\PassengersPage ee\enEVNWAW15.085.020180626_130730.jpg'> <img src='C:\Users\30001236\IdeaProjects\LOTests\ErrorScreenshot\PassengersPage ee\enEVNWAW15.085.020180626_130730.jpg' height='400' width='600'/> </a><br>20180626_130730]]>
    </line>
    <line>
      <![CDATA[<a href='C:\Users\30001236\IdeaProjects\LOTests\ErrorScreenshot\ExtraPage ee\enEVNWAW15.085.020180626_130801.jpg'> <img src='C:\Users\30001236\IdeaProjects\LOTests\ErrorScreenshot\ExtraPage ee\enEVNWAW15.085.020180626_130801.jpg' height='400' width='600'/> </a><br>20180626_130801]]>
    </line>
    <line>
      <![CDATA[<a href='C:\Users\30001236\IdeaProjects\LOTests\ErrorScreenshot\PaymentPage ee\enEVNWAW15.085.020180626_130805.jpg'> <img src='C:\Users\30001236\IdeaProjects\LOTests\ErrorScreenshot\PaymentPage ee\enEVNWAW15.085.020180626_130805.jpg' height='400' width='600'/> </a><br>20180626_130805]]>
    </line>
    <line>
      <![CDATA[<a href='C:\Users\30001236\IdeaProjects\LOTests\ErrorScreenshot\Test_BuyTicketsEU20180626_130808.jpg'> <img src='C:\Users\30001236\IdeaProjects\LOTests\ErrorScreenshot\Test_BuyTicketsEU20180626_130808.jpg' height='400' width='600'/> </a><br>20180626_130808]]>
    </line>
    <line>
      <![CDATA[<a href='C:\Users\30001236\IdeaProjects\LOTests\ErrorScreenshot\HomePage fi\enWAWLCA85.0152.020180626_130813.jpg'> <img src='C:\Users\30001236\IdeaProjects\LOTests\ErrorScreenshot\HomePage fi\enWAWLCA85.0152.020180626_130813.jpg' height='400' width='600'/> </a><br>20180626_130813]]>
    </line>
    <line>
      <![CDATA[<a href='C:\Users\30001236\IdeaProjects\LOTests\ErrorScreenshot\FlightPage fi\enWAWLCA85.0152.020180626_130827.jpg'> <img src='C:\Users\30001236\IdeaProjects\LOTests\ErrorScreenshot\FlightPage fi\enWAWLCA85.0152.020180626_130827.jpg' height='400' width='600'/> </a><br>20180626_130827]]>
    </line>
    <line>
      <![CDATA[<a href='C:\Users\30001236\IdeaProjects\LOTests\ErrorScreenshot\PassengersPage fi\enWAWLCA85.0152.020180626_130853.jpg'> <img src='C:\Users\30001236\IdeaProjects\LOTests\ErrorScreenshot\PassengersPage fi\enWAWLCA85.0152.020180626_130853.jpg' height='400' width='600'/> </a><br>20180626_130853]]>
    </line>
    <line>
      <![CDATA[<a href='C:\Users\30001236\IdeaProjects\LOTests\ErrorScreenshot\ExtraPage fi\enWAWLCA85.0152.020180626_130925.jpg'> <img src='C:\Users\30001236\IdeaProjects\LOTests\ErrorScreenshot\ExtraPage fi\enWAWLCA85.0152.020180626_130925.jpg' height='400' width='600'/> </a><br>20180626_130925]]>
    </line>
    <line>
      <![CDATA[<a href='C:\Users\30001236\IdeaProjects\LOTests\ErrorScreenshot\PaymentPage fi\enWAWLCA85.0152.020180626_130929.jpg'> <img src='C:\Users\30001236\IdeaProjects\LOTests\ErrorScreenshot\PaymentPage fi\enWAWLCA85.0152.020180626_130929.jpg' height='400' width='600'/> </a><br>20180626_130929]]>
    </line>
    <line>
      <![CDATA[<a href='C:\Users\30001236\IdeaProjects\LOTests\ErrorScreenshot\Test_BuyTicketsEU20180626_130932.jpg'> <img src='C:\Users\30001236\IdeaProjects\LOTests\ErrorScreenshot\Test_BuyTicketsEU20180626_130932.jpg' height='400' width='600'/> </a><br>20180626_130932]]>
    </line>
    <line>
      <![CDATA[<a href='C:\Users\30001236\IdeaProjects\LOTests\ErrorScreenshot\HomePage fr\frWAWSVO164.0253.020180626_130936.jpg'> <img src='C:\Users\30001236\IdeaProjects\LOTests\ErrorScreenshot\HomePage fr\frWAWSVO164.0253.020180626_130936.jpg' height='400' width='600'/> </a><br>20180626_130936]]>
    </line>
    <line>
      <![CDATA[<a href='C:\Users\30001236\IdeaProjects\LOTests\ErrorScreenshot\FlightPage fr\frWAWSVO164.0253.020180626_131028.jpg'> <img src='C:\Users\30001236\IdeaProjects\LOTests\ErrorScreenshot\FlightPage fr\frWAWSVO164.0253.020180626_131028.jpg' height='400' width='600'/> </a><br>20180626_131028]]>
    </line>
    <line>
      <![CDATA[<a href='C:\Users\30001236\IdeaProjects\LOTests\ErrorScreenshot\PassengersPage fr\frWAWSVO164.0253.020180626_131056.jpg'> <img src='C:\Users\30001236\IdeaProjects\LOTests\ErrorScreenshot\PassengersPage fr\frWAWSVO164.0253.020180626_131056.jpg' height='400' width='600'/> </a><br>20180626_131056]]>
    </line>
    <line>
      <![CDATA[<a href='C:\Users\30001236\IdeaProjects\LOTests\ErrorScreenshot\ExtraPage fr\frWAWSVO164.0253.020180626_131127.jpg'> <img src='C:\Users\30001236\IdeaProjects\LOTests\ErrorScreenshot\ExtraPage fr\frWAWSVO164.0253.020180626_131127.jpg' height='400' width='600'/> </a><br>20180626_131127]]>
    </line>
    <line>
      <![CDATA[<a href='C:\Users\30001236\IdeaProjects\LOTests\ErrorScreenshot\PaymentPage fr\frWAWSVO164.0253.020180626_131132.jpg'> <img src='C:\Users\30001236\IdeaProjects\LOTests\ErrorScreenshot\PaymentPage fr\frWAWSVO164.0253.020180626_131132.jpg' height='400' width='600'/> </a><br>20180626_131132]]>
    </line>
    <line>
      <![CDATA[<a href='C:\Users\30001236\IdeaProjects\LOTests\ErrorScreenshot\Test_BuyTicketsEU20180626_131135.jpg'> <img src='C:\Users\30001236\IdeaProjects\LOTests\ErrorScreenshot\Test_BuyTicketsEU20180626_131135.jpg' height='400' width='600'/> </a><br>20180626_131135]]>
    </line>
    <line>
      <![CDATA[<a href='C:\Users\30001236\IdeaProjects\LOTests\ErrorScreenshot\HomePage fr\enWAWIEG34.0236.020180626_131142.jpg'> <img src='C:\Users\30001236\IdeaProjects\LOTests\ErrorScreenshot\HomePage fr\enWAWIEG34.0236.020180626_131142.jpg' height='400' width='600'/> </a><br>20180626_131142]]>
    </line>
    <line>
      <![CDATA[<a href='C:\Users\30001236\IdeaProjects\LOTests\ErrorScreenshot\Test_BuyTicketsEU20180626_131219.jpg'> <img src='C:\Users\30001236\IdeaProjects\LOTests\ErrorScreenshot\Test_BuyTicketsEU20180626_131219.jpg' height='400' width='600'/> </a><br>20180626_131219]]>
    </line>
    <line>
      <![CDATA[<a href='C:\Users\30001236\IdeaProjects\LOTests\ErrorScreenshot\HomePage fr\plKRKWAW17.045.020180626_131224.jpg'> <img src='C:\Users\30001236\IdeaProjects\LOTests\ErrorScreenshot\HomePage fr\plKRKWAW17.045.020180626_131224.jpg' height='400' width='600'/> </a><br>20180626_131224]]>
    </line>
    <line>
      <![CDATA[<a href='C:\Users\30001236\IdeaProjects\LOTests\ErrorScreenshot\FlightPage fr\plKRKWAW17.045.020180626_131238.jpg'> <img src='C:\Users\30001236\IdeaProjects\LOTests\ErrorScreenshot\FlightPage fr\plKRKWAW17.045.020180626_131238.jpg' height='400' width='600'/> </a><br>20180626_131238]]>
    </line>
    <line>
      <![CDATA[<a href='C:\Users\30001236\IdeaProjects\LOTests\ErrorScreenshot\PassengersPage fr\plKRKWAW17.045.020180626_131307.jpg'> <img src='C:\Users\30001236\IdeaProjects\LOTests\ErrorScreenshot\PassengersPage fr\plKRKWAW17.045.020180626_131307.jpg' height='400' width='600'/> </a><br>20180626_131307]]>
    </line>
    <line>
      <![CDATA[<a href='C:\Users\30001236\IdeaProjects\LOTests\ErrorScreenshot\ExtraPage fr\plKRKWAW17.045.020180626_131338.jpg'> <img src='C:\Users\30001236\IdeaProjects\LOTests\ErrorScreenshot\ExtraPage fr\plKRKWAW17.045.020180626_131338.jpg' height='400' width='600'/> </a><br>20180626_131338]]>
    </line>
    <line>
      <![CDATA[<a href='C:\Users\30001236\IdeaProjects\LOTests\ErrorScreenshot\PaymentPage fr\plKRKWAW17.045.020180626_131341.jpg'> <img src='C:\Users\30001236\IdeaProjects\LOTests\ErrorScreenshot\PaymentPage fr\plKRKWAW17.045.020180626_131341.jpg' height='400' width='600'/> </a><br>20180626_131341]]>
    </line>
    <line>
      <![CDATA[<a href='C:\Users\30001236\IdeaProjects\LOTests\ErrorScreenshot\Test_BuyTicketsEU20180626_131344.jpg'> <img src='C:\Users\30001236\IdeaProjects\LOTests\ErrorScreenshot\Test_BuyTicketsEU20180626_131344.jpg' height='400' width='600'/> </a><br>20180626_131344]]>
    </line>
    <line>
      <![CDATA[<a href='C:\Users\30001236\IdeaProjects\LOTests\ErrorScreenshot\HomePage gr\enKTWWAW9.028.020180626_131348.jpg'> <img src='C:\Users\30001236\IdeaProjects\LOTests\ErrorScreenshot\HomePage gr\enKTWWAW9.028.020180626_131348.jpg' height='400' width='600'/> </a><br>20180626_131348]]>
    </line>
    <line>
      <![CDATA[<a href='C:\Users\30001236\IdeaProjects\LOTests\ErrorScreenshot\FlightPage gr\enKTWWAW9.028.020180626_131357.jpg'> <img src='C:\Users\30001236\IdeaProjects\LOTests\ErrorScreenshot\FlightPage gr\enKTWWAW9.028.020180626_131357.jpg' height='400' width='600'/> </a><br>20180626_131357]]>
    </line>
    <line>
      <![CDATA[<a href='C:\Users\30001236\IdeaProjects\LOTests\ErrorScreenshot\PassengersPage gr\enKTWWAW9.028.020180626_131423.jpg'> <img src='C:\Users\30001236\IdeaProjects\LOTests\ErrorScreenshot\PassengersPage gr\enKTWWAW9.028.020180626_131423.jpg' height='400' width='600'/> </a><br>20180626_131423]]>
    </line>
    <line>
      <![CDATA[<a href='C:\Users\30001236\IdeaProjects\LOTests\ErrorScreenshot\ExtraPage gr\enKTWWAW9.028.020180626_131453.jpg'> <img src='C:\Users\30001236\IdeaProjects\LOTests\ErrorScreenshot\ExtraPage gr\enKTWWAW9.028.020180626_131453.jpg' height='400' width='600'/> </a><br>20180626_131453]]>
    </line>
    <line>
      <![CDATA[<a href='C:\Users\30001236\IdeaProjects\LOTests\ErrorScreenshot\PaymentPage gr\enKTWWAW9.028.020180626_131456.jpg'> <img src='C:\Users\30001236\IdeaProjects\LOTests\ErrorScreenshot\PaymentPage gr\enKTWWAW9.028.020180626_131456.jpg' height='400' width='600'/> </a><br>20180626_131456]]>
    </line>
    <line>
      <![CDATA[<a href='C:\Users\30001236\IdeaProjects\LOTests\ErrorScreenshot\Test_BuyTicketsEU20180626_131459.jpg'> <img src='C:\Users\30001236\IdeaProjects\LOTests\ErrorScreenshot\Test_BuyTicketsEU20180626_131459.jpg' height='400' width='600'/> </a><br>20180626_131459]]>
    </line>
    <line>
      <![CDATA[<a href='C:\Users\30001236\IdeaProjects\LOTests\ErrorScreenshot\HomePage gr\plOTPWAW113.0283.020180626_131504.jpg'> <img src='C:\Users\30001236\IdeaProjects\LOTests\ErrorScreenshot\HomePage gr\plOTPWAW113.0283.020180626_131504.jpg' height='400' width='600'/> </a><br>20180626_131504]]>
    </line>
    <line>
      <![CDATA[<a href='C:\Users\30001236\IdeaProjects\LOTests\ErrorScreenshot\FlightPage gr\plOTPWAW113.0283.020180626_131517.jpg'> <img src='C:\Users\30001236\IdeaProjects\LOTests\ErrorScreenshot\FlightPage gr\plOTPWAW113.0283.020180626_131517.jpg' height='400' width='600'/> </a><br>20180626_131517]]>
    </line>
    <line>
      <![CDATA[<a href='C:\Users\30001236\IdeaProjects\LOTests\ErrorScreenshot\PassengersPage gr\plOTPWAW113.0283.020180626_131542.jpg'> <img src='C:\Users\30001236\IdeaProjects\LOTests\ErrorScreenshot\PassengersPage gr\plOTPWAW113.0283.020180626_131542.jpg' height='400' width='600'/> </a><br>20180626_131542]]>
    </line>
    <line>
      <![CDATA[<a href='C:\Users\30001236\IdeaProjects\LOTests\ErrorScreenshot\ExtraPage gr\plOTPWAW113.0283.020180626_131613.jpg'> <img src='C:\Users\30001236\IdeaProjects\LOTests\ErrorScreenshot\ExtraPage gr\plOTPWAW113.0283.020180626_131613.jpg' height='400' width='600'/> </a><br>20180626_131613]]>
    </line>
    <line>
      <![CDATA[<a href='C:\Users\30001236\IdeaProjects\LOTests\ErrorScreenshot\PaymentPage gr\plOTPWAW113.0283.020180626_131616.jpg'> <img src='C:\Users\30001236\IdeaProjects\LOTests\ErrorScreenshot\PaymentPage gr\plOTPWAW113.0283.020180626_131616.jpg' height='400' width='600'/> </a><br>20180626_131616]]>
    </line>
    <line>
      <![CDATA[<a href='C:\Users\30001236\IdeaProjects\LOTests\ErrorScreenshot\Test_BuyTicketsEU20180626_131619.jpg'> <img src='C:\Users\30001236\IdeaProjects\LOTests\ErrorScreenshot\Test_BuyTicketsEU20180626_131619.jpg' height='400' width='600'/> </a><br>20180626_131619]]>
    </line>
    <line>
      <![CDATA[<a href='C:\Users\30001236\IdeaProjects\LOTests\ErrorScreenshot\HomePage ge\enLWOWAW151.0224.020180626_131624.jpg'> <img src='C:\Users\30001236\IdeaProjects\LOTests\ErrorScreenshot\HomePage ge\enLWOWAW151.0224.020180626_131624.jpg' height='400' width='600'/> </a><br>20180626_131624]]>
    </line>
    <line>
      <![CDATA[<a href='C:\Users\30001236\IdeaProjects\LOTests\ErrorScreenshot\FlightPage ge\enLWOWAW151.0224.020180626_131635.jpg'> <img src='C:\Users\30001236\IdeaProjects\LOTests\ErrorScreenshot\FlightPage ge\enLWOWAW151.0224.020180626_131635.jpg' height='400' width='600'/> </a><br>20180626_131635]]>
    </line>
    <line>
      <![CDATA[<a href='C:\Users\30001236\IdeaProjects\LOTests\ErrorScreenshot\PassengersPage ge\enLWOWAW151.0224.020180626_131701.jpg'> <img src='C:\Users\30001236\IdeaProjects\LOTests\ErrorScreenshot\PassengersPage ge\enLWOWAW151.0224.020180626_131701.jpg' height='400' width='600'/> </a><br>20180626_131701]]>
    </line>
    <line>
      <![CDATA[<a href='C:\Users\30001236\IdeaProjects\LOTests\ErrorScreenshot\ExtraPage ge\enLWOWAW151.0224.020180626_131731.jpg'> <img src='C:\Users\30001236\IdeaProjects\LOTests\ErrorScreenshot\ExtraPage ge\enLWOWAW151.0224.020180626_131731.jpg' height='400' width='600'/> </a><br>20180626_131731]]>
    </line>
    <line>
      <![CDATA[<a href='C:\Users\30001236\IdeaProjects\LOTests\ErrorScreenshot\PaymentPage ge\enLWOWAW151.0224.020180626_131734.jpg'> <img src='C:\Users\30001236\IdeaProjects\LOTests\ErrorScreenshot\PaymentPage ge\enLWOWAW151.0224.020180626_131734.jpg' height='400' width='600'/> </a><br>20180626_131734]]>
    </line>
    <line>
      <![CDATA[<a href='C:\Users\30001236\IdeaProjects\LOTests\ErrorScreenshot\Test_BuyTicketsEU20180626_131737.jpg'> <img src='C:\Users\30001236\IdeaProjects\LOTests\ErrorScreenshot\Test_BuyTicketsEU20180626_131737.jpg' height='400' width='600'/> </a><br>20180626_131737]]>
    </line>
    <line>
      <![CDATA[<a href='C:\Users\30001236\IdeaProjects\LOTests\ErrorScreenshot\HomePage es\esWAWVCE99.0135.020180626_131742.jpg'> <img src='C:\Users\30001236\IdeaProjects\LOTests\ErrorScreenshot\HomePage es\esWAWVCE99.0135.020180626_131742.jpg' height='400' width='600'/> </a><br>20180626_131742]]>
    </line>
    <line>
      <![CDATA[<a href='C:\Users\30001236\IdeaProjects\LOTests\ErrorScreenshot\FlightPage es\esWAWVCE99.0135.020180626_131755.jpg'> <img src='C:\Users\30001236\IdeaProjects\LOTests\ErrorScreenshot\FlightPage es\esWAWVCE99.0135.020180626_131755.jpg' height='400' width='600'/> </a><br>20180626_131755]]>
    </line>
    <line>
      <![CDATA[<a href='C:\Users\30001236\IdeaProjects\LOTests\ErrorScreenshot\PassengersPage es\esWAWVCE99.0135.020180626_131823.jpg'> <img src='C:\Users\30001236\IdeaProjects\LOTests\ErrorScreenshot\PassengersPage es\esWAWVCE99.0135.020180626_131823.jpg' height='400' width='600'/> </a><br>20180626_131823]]>
    </line>
    <line>
      <![CDATA[<a href='C:\Users\30001236\IdeaProjects\LOTests\ErrorScreenshot\ExtraPage es\esWAWVCE99.0135.020180626_131853.jpg'> <img src='C:\Users\30001236\IdeaProjects\LOTests\ErrorScreenshot\ExtraPage es\esWAWVCE99.0135.020180626_131853.jpg' height='400' width='600'/> </a><br>20180626_131853]]>
    </line>
    <line>
      <![CDATA[<a href='C:\Users\30001236\IdeaProjects\LOTests\ErrorScreenshot\PaymentPage es\esWAWVCE99.0135.020180626_131856.jpg'> <img src='C:\Users\30001236\IdeaProjects\LOTests\ErrorScreenshot\PaymentPage es\esWAWVCE99.0135.020180626_131856.jpg' height='400' width='600'/> </a><br>20180626_131856]]>
    </line>
    <line>
      <![CDATA[<a href='C:\Users\30001236\IdeaProjects\LOTests\ErrorScreenshot\Test_BuyTicketsEU20180626_131900.jpg'> <img src='C:\Users\30001236\IdeaProjects\LOTests\ErrorScreenshot\Test_BuyTicketsEU20180626_131900.jpg' height='400' width='600'/> </a><br>20180626_131900]]>
    </line>
    <line>
      <![CDATA[<a href='C:\Users\30001236\IdeaProjects\LOTests\ErrorScreenshot\HomePage es\enKRKJFK24.035.020180626_131906.jpg'> <img src='C:\Users\30001236\IdeaProjects\LOTests\ErrorScreenshot\HomePage es\enKRKJFK24.035.020180626_131906.jpg' height='400' width='600'/> </a><br>20180626_131906]]>
    </line>
    <line>
      <![CDATA[<a href='C:\Users\30001236\IdeaProjects\LOTests\ErrorScreenshot\FlightPage es\enKRKJFK24.035.020180626_131919.jpg'> <img src='C:\Users\30001236\IdeaProjects\LOTests\ErrorScreenshot\FlightPage es\enKRKJFK24.035.020180626_131919.jpg' height='400' width='600'/> </a><br>20180626_131919]]>
    </line>
    <line>
      <![CDATA[<a href='C:\Users\30001236\IdeaProjects\LOTests\ErrorScreenshot\PassengersPage es\enKRKJFK24.035.020180626_131927.jpg'> <img src='C:\Users\30001236\IdeaProjects\LOTests\ErrorScreenshot\PassengersPage es\enKRKJFK24.035.020180626_131927.jpg' height='400' width='600'/> </a><br>20180626_131927]]>
    </line>
    <line>
      <![CDATA[<a href='C:\Users\30001236\IdeaProjects\LOTests\ErrorScreenshot\ExtraPage es\enKRKJFK24.035.020180626_131953.jpg'> <img src='C:\Users\30001236\IdeaProjects\LOTests\ErrorScreenshot\ExtraPage es\enKRKJFK24.035.020180626_131953.jpg' height='400' width='600'/> </a><br>20180626_131953]]>
    </line>
    <line>
      <![CDATA[<a href='C:\Users\30001236\IdeaProjects\LOTests\ErrorScreenshot\PaymentPage es\enKRKJFK24.035.020180626_131956.jpg'> <img src='C:\Users\30001236\IdeaProjects\LOTests\ErrorScreenshot\PaymentPage es\enKRKJFK24.035.020180626_131956.jpg' height='400' width='600'/> </a><br>20180626_131956]]>
    </line>
    <line>
      <![CDATA[<a href='C:\Users\30001236\IdeaProjects\LOTests\ErrorScreenshot\Test_BuyTicketsEU20180626_131959.jpg'> <img src='C:\Users\30001236\IdeaProjects\LOTests\ErrorScreenshot\Test_BuyTicketsEU20180626_131959.jpg' height='400' width='600'/> </a><br>20180626_131959]]>
    </line>
    <line>
      <![CDATA[<a href='C:\Users\30001236\IdeaProjects\LOTests\ErrorScreenshot\HomePage es\plWAWICN15.0136.020180626_132004.jpg'> <img src='C:\Users\30001236\IdeaProjects\LOTests\ErrorScreenshot\HomePage es\plWAWICN15.0136.020180626_132004.jpg' height='400' width='600'/> </a><br>20180626_132004]]>
    </line>
    <line>
      <![CDATA[<a href='C:\Users\30001236\IdeaProjects\LOTests\ErrorScreenshot\FlightPage es\plWAWICN15.0136.020180626_132015.jpg'> <img src='C:\Users\30001236\IdeaProjects\LOTests\ErrorScreenshot\FlightPage es\plWAWICN15.0136.020180626_132015.jpg' height='400' width='600'/> </a><br>20180626_132015]]>
    </line>
    <line>
      <![CDATA[<a href='C:\Users\30001236\IdeaProjects\LOTests\ErrorScreenshot\PassengersPage es\plWAWICN15.0136.020180626_132022.jpg'> <img src='C:\Users\30001236\IdeaProjects\LOTests\ErrorScreenshot\PassengersPage es\plWAWICN15.0136.020180626_132022.jpg' height='400' width='600'/> </a><br>20180626_132022]]>
    </line>
    <line>
      <![CDATA[<a href='C:\Users\30001236\IdeaProjects\LOTests\ErrorScreenshot\ExtraPage es\plWAWICN15.0136.020180626_132053.jpg'> <img src='C:\Users\30001236\IdeaProjects\LOTests\ErrorScreenshot\ExtraPage es\plWAWICN15.0136.020180626_132053.jpg' height='400' width='600'/> </a><br>20180626_132053]]>
    </line>
    <line>
      <![CDATA[<a href='C:\Users\30001236\IdeaProjects\LOTests\ErrorScreenshot\PaymentPage es\plWAWICN15.0136.020180626_132057.jpg'> <img src='C:\Users\30001236\IdeaProjects\LOTests\ErrorScreenshot\PaymentPage es\plWAWICN15.0136.020180626_132057.jpg' height='400' width='600'/> </a><br>20180626_132057]]>
    </line>
    <line>
      <![CDATA[<a href='C:\Users\30001236\IdeaProjects\LOTests\ErrorScreenshot\Test_BuyTicketsEU20180626_132101.jpg'> <img src='C:\Users\30001236\IdeaProjects\LOTests\ErrorScreenshot\Test_BuyTicketsEU20180626_132101.jpg' height='400' width='600'/> </a><br>20180626_132101]]>
    </line>
    <line>
      <![CDATA[<a href='C:\Users\30001236\IdeaProjects\LOTests\ErrorScreenshot\HomePage nl\enICNWAW21.097.020180626_132106.jpg'> <img src='C:\Users\30001236\IdeaProjects\LOTests\ErrorScreenshot\HomePage nl\enICNWAW21.097.020180626_132106.jpg' height='400' width='600'/> </a><br>20180626_132106]]>
    </line>
    <line>
      <![CDATA[<a href='C:\Users\30001236\IdeaProjects\LOTests\ErrorScreenshot\FlightPage nl\enICNWAW21.097.020180626_132116.jpg'> <img src='C:\Users\30001236\IdeaProjects\LOTests\ErrorScreenshot\FlightPage nl\enICNWAW21.097.020180626_132116.jpg' height='400' width='600'/> </a><br>20180626_132116]]>
    </line>
    <line>
      <![CDATA[<a href='C:\Users\30001236\IdeaProjects\LOTests\ErrorScreenshot\PassengersPage nl\enICNWAW21.097.020180626_132123.jpg'> <img src='C:\Users\30001236\IdeaProjects\LOTests\ErrorScreenshot\PassengersPage nl\enICNWAW21.097.020180626_132123.jpg' height='400' width='600'/> </a><br>20180626_132123]]>
    </line>
    <line>
      <![CDATA[<a href='C:\Users\30001236\IdeaProjects\LOTests\ErrorScreenshot\ExtraPage nl\enICNWAW21.097.020180626_132154.jpg'> <img src='C:\Users\30001236\IdeaProjects\LOTests\ErrorScreenshot\ExtraPage nl\enICNWAW21.097.020180626_132154.jpg' height='400' width='600'/> </a><br>20180626_132154]]>
    </line>
    <line>
      <![CDATA[<a href='C:\Users\30001236\IdeaProjects\LOTests\ErrorScreenshot\PaymentPage nl\enICNWAW21.097.020180626_132157.jpg'> <img src='C:\Users\30001236\IdeaProjects\LOTests\ErrorScreenshot\PaymentPage nl\enICNWAW21.097.020180626_132157.jpg' height='400' width='600'/> </a><br>20180626_132157]]>
    </line>
    <line>
      <![CDATA[<a href='C:\Users\30001236\IdeaProjects\LOTests\ErrorScreenshot\Test_BuyTicketsEU20180626_132200.jpg'> <img src='C:\Users\30001236\IdeaProjects\LOTests\ErrorScreenshot\Test_BuyTicketsEU20180626_132200.jpg' height='400' width='600'/> </a><br>20180626_132200]]>
    </line>
    <line>
      <![CDATA[<a href='C:\Users\30001236\IdeaProjects\LOTests\ErrorScreenshot\HomePage nl\plWAWLAX148.0225.020180626_132205.jpg'> <img src='C:\Users\30001236\IdeaProjects\LOTests\ErrorScreenshot\HomePage nl\plWAWLAX148.0225.020180626_132205.jpg' height='400' width='600'/> </a><br>20180626_132205]]>
    </line>
    <line>
      <![CDATA[<a href='C:\Users\30001236\IdeaProjects\LOTests\ErrorScreenshot\FlightPage nl\plWAWLAX148.0225.020180626_132221.jpg'> <img src='C:\Users\30001236\IdeaProjects\LOTests\ErrorScreenshot\FlightPage nl\plWAWLAX148.0225.020180626_132221.jpg' height='400' width='600'/> </a><br>20180626_132221]]>
    </line>
    <line>
      <![CDATA[<a href='C:\Users\30001236\IdeaProjects\LOTests\ErrorScreenshot\PassengersPage nl\plWAWLAX148.0225.020180626_132229.jpg'> <img src='C:\Users\30001236\IdeaProjects\LOTests\ErrorScreenshot\PassengersPage nl\plWAWLAX148.0225.020180626_132229.jpg' height='400' width='600'/> </a><br>20180626_132229]]>
    </line>
    <line>
      <![CDATA[<a href='C:\Users\30001236\IdeaProjects\LOTests\ErrorScreenshot\ExtraPage nl\plWAWLAX148.0225.020180626_132252.jpg'> <img src='C:\Users\30001236\IdeaProjects\LOTests\ErrorScreenshot\ExtraPage nl\plWAWLAX148.0225.020180626_132252.jpg' height='400' width='600'/> </a><br>20180626_132252]]>
    </line>
    <line>
      <![CDATA[<a href='C:\Users\30001236\IdeaProjects\LOTests\ErrorScreenshot\PaymentPage nl\plWAWLAX148.0225.020180626_132258.jpg'> <img src='C:\Users\30001236\IdeaProjects\LOTests\ErrorScreenshot\PaymentPage nl\plWAWLAX148.0225.020180626_132258.jpg' height='400' width='600'/> </a><br>20180626_132258]]>
    </line>
    <line>
      <![CDATA[<a href='C:\Users\30001236\IdeaProjects\LOTests\ErrorScreenshot\Test_BuyTicketsEU20180626_132302.jpg'> <img src='C:\Users\30001236\IdeaProjects\LOTests\ErrorScreenshot\Test_BuyTicketsEU20180626_132302.jpg' height='400' width='600'/> </a><br>20180626_132302]]>
    </line>
    <line>
      <![CDATA[<a href='C:\Users\30001236\IdeaProjects\LOTests\ErrorScreenshot\HomePage il\enWAWYYZ1.021.020180626_132306.jpg'> <img src='C:\Users\30001236\IdeaProjects\LOTests\ErrorScreenshot\HomePage il\enWAWYYZ1.021.020180626_132306.jpg' height='400' width='600'/> </a><br>20180626_132306]]>
    </line>
    <line>
      <![CDATA[<a href='C:\Users\30001236\IdeaProjects\LOTests\ErrorScreenshot\FlightPage il\enWAWYYZ1.021.020180626_132348.jpg'> <img src='C:\Users\30001236\IdeaProjects\LOTests\ErrorScreenshot\FlightPage il\enWAWYYZ1.021.020180626_132348.jpg' height='400' width='600'/> </a><br>20180626_132348]]>
    </line>
    <line>
      <![CDATA[<a href='C:\Users\30001236\IdeaProjects\LOTests\ErrorScreenshot\PassengersPage il\enWAWYYZ1.021.020180626_132353.jpg'> <img src='C:\Users\30001236\IdeaProjects\LOTests\ErrorScreenshot\PassengersPage il\enWAWYYZ1.021.020180626_132353.jpg' height='400' width='600'/> </a><br>20180626_132353]]>
    </line>
    <line>
      <![CDATA[<a href='C:\Users\30001236\IdeaProjects\LOTests\ErrorScreenshot\ExtraPage il\enWAWYYZ1.021.020180626_132415.jpg'> <img src='C:\Users\30001236\IdeaProjects\LOTests\ErrorScreenshot\ExtraPage il\enWAWYYZ1.021.020180626_132415.jpg' height='400' width='600'/> </a><br>20180626_132415]]>
    </line>
    <line>
      <![CDATA[<a href='C:\Users\30001236\IdeaProjects\LOTests\ErrorScreenshot\PaymentPage il\enWAWYYZ1.021.020180626_132419.jpg'> <img src='C:\Users\30001236\IdeaProjects\LOTests\ErrorScreenshot\PaymentPage il\enWAWYYZ1.021.020180626_132419.jpg' height='400' width='600'/> </a><br>20180626_132419]]>
    </line>
    <line>
      <![CDATA[<a href='C:\Users\30001236\IdeaProjects\LOTests\ErrorScreenshot\Test_BuyTicketsEU20180626_132422.jpg'> <img src='C:\Users\30001236\IdeaProjects\LOTests\ErrorScreenshot\Test_BuyTicketsEU20180626_132422.jpg' height='400' width='600'/> </a><br>20180626_132422]]>
    </line>
    <line>
      <![CDATA[<a href='C:\Users\30001236\IdeaProjects\LOTests\ErrorScreenshot\HomePage il\enWAWPEK46.0271.020180626_132427.jpg'> <img src='C:\Users\30001236\IdeaProjects\LOTests\ErrorScreenshot\HomePage il\enWAWPEK46.0271.020180626_132427.jpg' height='400' width='600'/> </a><br>20180626_132427]]>
    </line>
    <line>
      <![CDATA[<a href='C:\Users\30001236\IdeaProjects\LOTests\ErrorScreenshot\FlightPage il\enWAWPEK46.0271.020180626_132514.jpg'> <img src='C:\Users\30001236\IdeaProjects\LOTests\ErrorScreenshot\FlightPage il\enWAWPEK46.0271.020180626_132514.jpg' height='400' width='600'/> </a><br>20180626_132514]]>
    </line>
    <line>
      <![CDATA[<a href='C:\Users\30001236\IdeaProjects\LOTests\ErrorScreenshot\PassengersPage il\enWAWPEK46.0271.020180626_132519.jpg'> <img src='C:\Users\30001236\IdeaProjects\LOTests\ErrorScreenshot\PassengersPage il\enWAWPEK46.0271.020180626_132519.jpg' height='400' width='600'/> </a><br>20180626_132519]]>
    </line>
    <line>
      <![CDATA[<a href='C:\Users\30001236\IdeaProjects\LOTests\ErrorScreenshot\ExtraPage il\enWAWPEK46.0271.020180626_132549.jpg'> <img src='C:\Users\30001236\IdeaProjects\LOTests\ErrorScreenshot\ExtraPage il\enWAWPEK46.0271.020180626_132549.jpg' height='400' width='600'/> </a><br>20180626_132549]]>
    </line>
    <line>
      <![CDATA[<a href='C:\Users\30001236\IdeaProjects\LOTests\ErrorScreenshot\PaymentPage il\enWAWPEK46.0271.020180626_132552.jpg'> <img src='C:\Users\30001236\IdeaProjects\LOTests\ErrorScreenshot\PaymentPage il\enWAWPEK46.0271.020180626_132552.jpg' height='400' width='600'/> </a><br>20180626_132552]]>
    </line>
    <line>
      <![CDATA[<a href='C:\Users\30001236\IdeaProjects\LOTests\ErrorScreenshot\Test_BuyTicketsEU20180626_132556.jpg'> <img src='C:\Users\30001236\IdeaProjects\LOTests\ErrorScreenshot\Test_BuyTicketsEU20180626_132556.jpg' height='400' width='600'/> </a><br>20180626_132556]]>
    </line>
    <line>
      <![CDATA[<a href='C:\Users\30001236\IdeaProjects\LOTests\ErrorScreenshot\HomePage jp\jaORDWAW258.0273.020180626_132600.jpg'> <img src='C:\Users\30001236\IdeaProjects\LOTests\ErrorScreenshot\HomePage jp\jaORDWAW258.0273.020180626_132600.jpg' height='400' width='600'/> </a><br>20180626_132600]]>
    </line>
    <line>
      <![CDATA[<a href='C:\Users\30001236\IdeaProjects\LOTests\ErrorScreenshot\FlightPage jp\jaORDWAW258.0273.020180626_132617.jpg'> <img src='C:\Users\30001236\IdeaProjects\LOTests\ErrorScreenshot\FlightPage jp\jaORDWAW258.0273.020180626_132617.jpg' height='400' width='600'/> </a><br>20180626_132617]]>
    </line>
    <line>
      <![CDATA[<a href='C:\Users\30001236\IdeaProjects\LOTests\ErrorScreenshot\PassengersPage jp\jaORDWAW258.0273.020180626_132623.jpg'> <img src='C:\Users\30001236\IdeaProjects\LOTests\ErrorScreenshot\PassengersPage jp\jaORDWAW258.0273.020180626_132623.jpg' height='400' width='600'/> </a><br>20180626_132623]]>
    </line>
    <line>
      <![CDATA[<a href='C:\Users\30001236\IdeaProjects\LOTests\ErrorScreenshot\ExtraPage jp\jaORDWAW258.0273.020180626_132644.jpg'> <img src='C:\Users\30001236\IdeaProjects\LOTests\ErrorScreenshot\ExtraPage jp\jaORDWAW258.0273.020180626_132644.jpg' height='400' width='600'/> </a><br>20180626_132644]]>
    </line>
    <line>
      <![CDATA[<a href='C:\Users\30001236\IdeaProjects\LOTests\ErrorScreenshot\PaymentPage jp\jaORDWAW258.0273.020180626_132649.jpg'> <img src='C:\Users\30001236\IdeaProjects\LOTests\ErrorScreenshot\PaymentPage jp\jaORDWAW258.0273.020180626_132649.jpg' height='400' width='600'/> </a><br>20180626_132649]]>
    </line>
    <line>
      <![CDATA[<a href='C:\Users\30001236\IdeaProjects\LOTests\ErrorScreenshot\Test_BuyTicketsEU20180626_132652.jpg'> <img src='C:\Users\30001236\IdeaProjects\LOTests\ErrorScreenshot\Test_BuyTicketsEU20180626_132652.jpg' height='400' width='600'/> </a><br>20180626_132652]]>
    </line>
    <line>
      <![CDATA[<a href='C:\Users\30001236\IdeaProjects\LOTests\ErrorScreenshot\HomePage jp\enTLVWAW159.0212.020180626_132656.jpg'> <img src='C:\Users\30001236\IdeaProjects\LOTests\ErrorScreenshot\HomePage jp\enTLVWAW159.0212.020180626_132656.jpg' height='400' width='600'/> </a><br>20180626_132656]]>
    </line>
    <line>
      <![CDATA[<a href='C:\Users\30001236\IdeaProjects\LOTests\ErrorScreenshot\FlightPage jp\enTLVWAW159.0212.020180626_132712.jpg'> <img src='C:\Users\30001236\IdeaProjects\LOTests\ErrorScreenshot\FlightPage jp\enTLVWAW159.0212.020180626_132712.jpg' height='400' width='600'/> </a><br>20180626_132712]]>
    </line>
    <line>
      <![CDATA[<a href='C:\Users\30001236\IdeaProjects\LOTests\ErrorScreenshot\PassengersPage jp\enTLVWAW159.0212.020180626_132741.jpg'> <img src='C:\Users\30001236\IdeaProjects\LOTests\ErrorScreenshot\PassengersPage jp\enTLVWAW159.0212.020180626_132741.jpg' height='400' width='600'/> </a><br>20180626_132741]]>
    </line>
    <line>
      <![CDATA[<a href='C:\Users\30001236\IdeaProjects\LOTests\ErrorScreenshot\ExtraPage jp\enTLVWAW159.0212.020180626_132811.jpg'> <img src='C:\Users\30001236\IdeaProjects\LOTests\ErrorScreenshot\ExtraPage jp\enTLVWAW159.0212.020180626_132811.jpg' height='400' width='600'/> </a><br>20180626_132811]]>
    </line>
    <line>
      <![CDATA[<a href='C:\Users\30001236\IdeaProjects\LOTests\ErrorScreenshot\PaymentPage jp\enTLVWAW159.0212.020180626_132815.jpg'> <img src='C:\Users\30001236\IdeaProjects\LOTests\ErrorScreenshot\PaymentPage jp\enTLVWAW159.0212.020180626_132815.jpg' height='400' width='600'/> </a><br>20180626_132815]]>
    </line>
    <line>
      <![CDATA[<a href='C:\Users\30001236\IdeaProjects\LOTests\ErrorScreenshot\Test_BuyTicketsEU20180626_132818.jpg'> <img src='C:\Users\30001236\IdeaProjects\LOTests\ErrorScreenshot\Test_BuyTicketsEU20180626_132818.jpg' height='400' width='600'/> </a><br>20180626_132818]]>
    </line>
    <line>
      <![CDATA[<a href='C:\Users\30001236\IdeaProjects\LOTests\ErrorScreenshot\HomePage jp\plRZESIN53.078.020180626_132822.jpg'> <img src='C:\Users\30001236\IdeaProjects\LOTests\ErrorScreenshot\HomePage jp\plRZESIN53.078.020180626_132822.jpg' height='400' width='600'/> </a><br>20180626_132822]]>
    </line>
    <line>
      <![CDATA[<a href='C:\Users\30001236\IdeaProjects\LOTests\ErrorScreenshot\FlightPage jp\plRZESIN53.078.020180626_132836.jpg'> <img src='C:\Users\30001236\IdeaProjects\LOTests\ErrorScreenshot\FlightPage jp\plRZESIN53.078.020180626_132836.jpg' height='400' width='600'/> </a><br>20180626_132836]]>
    </line>
    <line>
      <![CDATA[<a href='C:\Users\30001236\IdeaProjects\LOTests\ErrorScreenshot\PassengersPage jp\plRZESIN53.078.020180626_132843.jpg'> <img src='C:\Users\30001236\IdeaProjects\LOTests\ErrorScreenshot\PassengersPage jp\plRZESIN53.078.020180626_132843.jpg' height='400' width='600'/> </a><br>20180626_132843]]>
    </line>
    <line>
      <![CDATA[<a href='C:\Users\30001236\IdeaProjects\LOTests\ErrorScreenshot\ExtraPage jp\plRZESIN53.078.020180626_132918.jpg'> <img src='C:\Users\30001236\IdeaProjects\LOTests\ErrorScreenshot\ExtraPage jp\plRZESIN53.078.020180626_132918.jpg' height='400' width='600'/> </a><br>20180626_132918]]>
    </line>
    <line>
      <![CDATA[<a href='C:\Users\30001236\IdeaProjects\LOTests\ErrorScreenshot\PaymentPage jp\plRZESIN53.078.020180626_132921.jpg'> <img src='C:\Users\30001236\IdeaProjects\LOTests\ErrorScreenshot\PaymentPage jp\plRZESIN53.078.020180626_132921.jpg' height='400' width='600'/> </a><br>20180626_132921]]>
    </line>
    <line>
      <![CDATA[<a href='C:\Users\30001236\IdeaProjects\LOTests\ErrorScreenshot\Test_BuyTicketsEU20180626_132924.jpg'> <img src='C:\Users\30001236\IdeaProjects\LOTests\ErrorScreenshot\Test_BuyTicketsEU20180626_132924.jpg' height='400' width='600'/> </a><br>20180626_132924]]>
    </line>
    <line>
      <![CDATA[<a href='C:\Users\30001236\IdeaProjects\LOTests\ErrorScreenshot\HomePage ca\enGDNJFK83.0268.020180626_132928.jpg'> <img src='C:\Users\30001236\IdeaProjects\LOTests\ErrorScreenshot\HomePage ca\enGDNJFK83.0268.020180626_132928.jpg' height='400' width='600'/> </a><br>20180626_132928]]>
    </line>
    <line>
      <![CDATA[<a href='C:\Users\30001236\IdeaProjects\LOTests\ErrorScreenshot\FlightPage ca\enGDNJFK83.0268.020180626_132943.jpg'> <img src='C:\Users\30001236\IdeaProjects\LOTests\ErrorScreenshot\FlightPage ca\enGDNJFK83.0268.020180626_132943.jpg' height='400' width='600'/> </a><br>20180626_132943]]>
    </line>
    <line>
      <![CDATA[<a href='C:\Users\30001236\IdeaProjects\LOTests\ErrorScreenshot\PassengersPage ca\enGDNJFK83.0268.020180626_132948.jpg'> <img src='C:\Users\30001236\IdeaProjects\LOTests\ErrorScreenshot\PassengersPage ca\enGDNJFK83.0268.020180626_132948.jpg' height='400' width='600'/> </a><br>20180626_132948]]>
    </line>
    <line>
      <![CDATA[<a href='C:\Users\30001236\IdeaProjects\LOTests\ErrorScreenshot\ExtraPage ca\enGDNJFK83.0268.020180626_133013.jpg'> <img src='C:\Users\30001236\IdeaProjects\LOTests\ErrorScreenshot\ExtraPage ca\enGDNJFK83.0268.020180626_133013.jpg' height='400' width='600'/> </a><br>20180626_133013]]>
    </line>
    <line>
      <![CDATA[<a href='C:\Users\30001236\IdeaProjects\LOTests\ErrorScreenshot\PaymentPage ca\enGDNJFK83.0268.020180626_133017.jpg'> <img src='C:\Users\30001236\IdeaProjects\LOTests\ErrorScreenshot\PaymentPage ca\enGDNJFK83.0268.020180626_133017.jpg' height='400' width='600'/> </a><br>20180626_133017]]>
    </line>
    <line>
      <![CDATA[<a href='C:\Users\30001236\IdeaProjects\LOTests\ErrorScreenshot\Test_BuyTicketsEU20180626_133020.jpg'> <img src='C:\Users\30001236\IdeaProjects\LOTests\ErrorScreenshot\Test_BuyTicketsEU20180626_133020.jpg' height='400' width='600'/> </a><br>20180626_133020]]>
    </line>
    <line>
      <![CDATA[<a href='C:\Users\30001236\IdeaProjects\LOTests\ErrorScreenshot\HomePage ca\plWAWNRT29.094.020180626_133024.jpg'> <img src='C:\Users\30001236\IdeaProjects\LOTests\ErrorScreenshot\HomePage ca\plWAWNRT29.094.020180626_133024.jpg' height='400' width='600'/> </a><br>20180626_133024]]>
    </line>
    <line>
      <![CDATA[<a href='C:\Users\30001236\IdeaProjects\LOTests\ErrorScreenshot\FlightPage ca\plWAWNRT29.094.020180626_133039.jpg'> <img src='C:\Users\30001236\IdeaProjects\LOTests\ErrorScreenshot\FlightPage ca\plWAWNRT29.094.020180626_133039.jpg' height='400' width='600'/> </a><br>20180626_133039]]>
    </line>
    <line>
      <![CDATA[<a href='C:\Users\30001236\IdeaProjects\LOTests\ErrorScreenshot\PassengersPage ca\plWAWNRT29.094.020180626_133045.jpg'> <img src='C:\Users\30001236\IdeaProjects\LOTests\ErrorScreenshot\PassengersPage ca\plWAWNRT29.094.020180626_133045.jpg' height='400' width='600'/> </a><br>20180626_133045]]>
    </line>
    <line>
      <![CDATA[<a href='C:\Users\30001236\IdeaProjects\LOTests\ErrorScreenshot\ExtraPage ca\plWAWNRT29.094.020180626_133117.jpg'> <img src='C:\Users\30001236\IdeaProjects\LOTests\ErrorScreenshot\ExtraPage ca\plWAWNRT29.094.020180626_133117.jpg' height='400' width='600'/> </a><br>20180626_133117]]>
    </line>
    <line>
      <![CDATA[<a href='C:\Users\30001236\IdeaProjects\LOTests\ErrorScreenshot\PaymentPage ca\plWAWNRT29.094.020180626_133121.jpg'> <img src='C:\Users\30001236\IdeaProjects\LOTests\ErrorScreenshot\PaymentPage ca\plWAWNRT29.094.020180626_133121.jpg' height='400' width='600'/> </a><br>20180626_133121]]>
    </line>
    <line>
      <![CDATA[<a href='C:\Users\30001236\IdeaProjects\LOTests\ErrorScreenshot\Test_BuyTicketsEU20180626_133124.jpg'> <img src='C:\Users\30001236\IdeaProjects\LOTests\ErrorScreenshot\Test_BuyTicketsEU20180626_133124.jpg' height='400' width='600'/> </a><br>20180626_133124]]>
    </line>
    <line>
      <![CDATA[<a href='C:\Users\30001236\IdeaProjects\LOTests\ErrorScreenshot\HomePage kz\ruNRTWAW6.014.020180626_133134.jpg'> <img src='C:\Users\30001236\IdeaProjects\LOTests\ErrorScreenshot\HomePage kz\ruNRTWAW6.014.020180626_133134.jpg' height='400' width='600'/> </a><br>20180626_133134]]>
    </line>
    <line>
      <![CDATA[<a href='C:\Users\30001236\IdeaProjects\LOTests\ErrorScreenshot\FlightPage kz\ruNRTWAW6.014.020180626_133151.jpg'> <img src='C:\Users\30001236\IdeaProjects\LOTests\ErrorScreenshot\FlightPage kz\ruNRTWAW6.014.020180626_133151.jpg' height='400' width='600'/> </a><br>20180626_133151]]>
    </line>
    <line>
      <![CDATA[<a href='C:\Users\30001236\IdeaProjects\LOTests\ErrorScreenshot\PassengersPage kz\ruNRTWAW6.014.020180626_133159.jpg'> <img src='C:\Users\30001236\IdeaProjects\LOTests\ErrorScreenshot\PassengersPage kz\ruNRTWAW6.014.020180626_133159.jpg' height='400' width='600'/> </a><br>20180626_133159]]>
    </line>
    <line>
      <![CDATA[<a href='C:\Users\30001236\IdeaProjects\LOTests\ErrorScreenshot\ExtraPage kz\ruNRTWAW6.014.020180626_133234.jpg'> <img src='C:\Users\30001236\IdeaProjects\LOTests\ErrorScreenshot\ExtraPage kz\ruNRTWAW6.014.020180626_133234.jpg' height='400' width='600'/> </a><br>20180626_133234]]>
    </line>
    <line>
      <![CDATA[<a href='C:\Users\30001236\IdeaProjects\LOTests\ErrorScreenshot\PaymentPage kz\ruNRTWAW6.014.020180626_133247.jpg'> <img src='C:\Users\30001236\IdeaProjects\LOTests\ErrorScreenshot\PaymentPage kz\ruNRTWAW6.014.020180626_133247.jpg' height='400' width='600'/> </a><br>20180626_133247]]>
    </line>
    <line>
      <![CDATA[<a href='C:\Users\30001236\IdeaProjects\LOTests\ErrorScreenshot\Test_BuyTicketsEU20180626_133251.jpg'> <img src='C:\Users\30001236\IdeaProjects\LOTests\ErrorScreenshot\Test_BuyTicketsEU20180626_133251.jpg' height='400' width='600'/> </a><br>20180626_133251]]>
    </line>
    <line>
      <![CDATA[<a href='C:\Users\30001236\IdeaProjects\LOTests\ErrorScreenshot\HomePage kz\enWAWMAD33.0153.020180626_133302.jpg'> <img src='C:\Users\30001236\IdeaProjects\LOTests\ErrorScreenshot\HomePage kz\enWAWMAD33.0153.020180626_133302.jpg' height='400' width='600'/> </a><br>20180626_133302]]>
    </line>
    <line>
      <![CDATA[<a href='C:\Users\30001236\IdeaProjects\LOTests\ErrorScreenshot\FlightPage kz\enWAWMAD33.0153.020180626_133319.jpg'> <img src='C:\Users\30001236\IdeaProjects\LOTests\ErrorScreenshot\FlightPage kz\enWAWMAD33.0153.020180626_133319.jpg' height='400' width='600'/> </a><br>20180626_133319]]>
    </line>
    <line>
      <![CDATA[<a href='C:\Users\30001236\IdeaProjects\LOTests\ErrorScreenshot\PassengersPage kz\enWAWMAD33.0153.020180626_133344.jpg'> <img src='C:\Users\30001236\IdeaProjects\LOTests\ErrorScreenshot\PassengersPage kz\enWAWMAD33.0153.020180626_133344.jpg' height='400' width='600'/> </a><br>20180626_133344]]>
    </line>
    <line>
      <![CDATA[<a href='C:\Users\30001236\IdeaProjects\LOTests\ErrorScreenshot\ExtraPage kz\enWAWMAD33.0153.020180626_133415.jpg'> <img src='C:\Users\30001236\IdeaProjects\LOTests\ErrorScreenshot\ExtraPage kz\enWAWMAD33.0153.020180626_133415.jpg' height='400' width='600'/> </a><br>20180626_133415]]>
    </line>
    <line>
      <![CDATA[<a href='C:\Users\30001236\IdeaProjects\LOTests\ErrorScreenshot\PaymentPage kz\enWAWMAD33.0153.020180626_133420.jpg'> <img src='C:\Users\30001236\IdeaProjects\LOTests\ErrorScreenshot\PaymentPage kz\enWAWMAD33.0153.020180626_133420.jpg' height='400' width='600'/> </a><br>20180626_133420]]>
    </line>
    <line>
      <![CDATA[<a href='C:\Users\30001236\IdeaProjects\LOTests\ErrorScreenshot\Test_BuyTicketsEU20180626_133423.jpg'> <img src='C:\Users\30001236\IdeaProjects\LOTests\ErrorScreenshot\Test_BuyTicketsEU20180626_133423.jpg' height='400' width='600'/> </a><br>20180626_133423]]>
    </line>
    <line>
      <![CDATA[<a href='C:\Users\30001236\IdeaProjects\LOTests\ErrorScreenshot\HomePage kz\plMADWAW123.0144.020180626_133429.jpg'> <img src='C:\Users\30001236\IdeaProjects\LOTests\ErrorScreenshot\HomePage kz\plMADWAW123.0144.020180626_133429.jpg' height='400' width='600'/> </a><br>20180626_133429]]>
    </line>
    <line>
      <![CDATA[<a href='C:\Users\30001236\IdeaProjects\LOTests\ErrorScreenshot\FlightPage kz\plMADWAW123.0144.020180626_133443.jpg'> <img src='C:\Users\30001236\IdeaProjects\LOTests\ErrorScreenshot\FlightPage kz\plMADWAW123.0144.020180626_133443.jpg' height='400' width='600'/> </a><br>20180626_133443]]>
    </line>
    <line>
      <![CDATA[<a href='C:\Users\30001236\IdeaProjects\LOTests\ErrorScreenshot\PassengersPage kz\plMADWAW123.0144.020180626_133509.jpg'> <img src='C:\Users\30001236\IdeaProjects\LOTests\ErrorScreenshot\PassengersPage kz\plMADWAW123.0144.020180626_133509.jpg' height='400' width='600'/> </a><br>20180626_133509]]>
    </line>
    <line>
      <![CDATA[<a href='C:\Users\30001236\IdeaProjects\LOTests\ErrorScreenshot\ExtraPage kz\plMADWAW123.0144.020180626_133540.jpg'> <img src='C:\Users\30001236\IdeaProjects\LOTests\ErrorScreenshot\ExtraPage kz\plMADWAW123.0144.020180626_133540.jpg' height='400' width='600'/> </a><br>20180626_133540]]>
    </line>
    <line>
      <![CDATA[<a href='C:\Users\30001236\IdeaProjects\LOTests\ErrorScreenshot\PaymentPage kz\plMADWAW123.0144.020180626_133544.jpg'> <img src='C:\Users\30001236\IdeaProjects\LOTests\ErrorScreenshot\PaymentPage kz\plMADWAW123.0144.020180626_133544.jpg' height='400' width='600'/> </a><br>20180626_133544]]>
    </line>
    <line>
      <![CDATA[<a href='C:\Users\30001236\IdeaProjects\LOTests\ErrorScreenshot\Test_BuyTicketsEU20180626_133547.jpg'> <img src='C:\Users\30001236\IdeaProjects\LOTests\ErrorScreenshot\Test_BuyTicketsEU20180626_133547.jpg' height='400' width='600'/> </a><br>20180626_133547]]>
    </line>
    <line>
      <![CDATA[<a href='C:\Users\30001236\IdeaProjects\LOTests\ErrorScreenshot\HomePage kr\koWAWKBP262.0341.020180626_133552.jpg'> <img src='C:\Users\30001236\IdeaProjects\LOTests\ErrorScreenshot\HomePage kr\koWAWKBP262.0341.020180626_133552.jpg' height='400' width='600'/> </a><br>20180626_133552]]>
    </line>
    <line>
      <![CDATA[<a href='C:\Users\30001236\IdeaProjects\LOTests\ErrorScreenshot\FlightPage kr\koWAWKBP262.0341.020180626_133606.jpg'> <img src='C:\Users\30001236\IdeaProjects\LOTests\ErrorScreenshot\FlightPage kr\koWAWKBP262.0341.020180626_133606.jpg' height='400' width='600'/> </a><br>20180626_133606]]>
    </line>
    <line>
      <![CDATA[<a href='C:\Users\30001236\IdeaProjects\LOTests\ErrorScreenshot\PassengersPage kr\koWAWKBP262.0341.020180626_133633.jpg'> <img src='C:\Users\30001236\IdeaProjects\LOTests\ErrorScreenshot\PassengersPage kr\koWAWKBP262.0341.020180626_133633.jpg' height='400' width='600'/> </a><br>20180626_133633]]>
    </line>
    <line>
      <![CDATA[<a href='C:\Users\30001236\IdeaProjects\LOTests\ErrorScreenshot\ExtraPage kr\koWAWKBP262.0341.020180626_133703.jpg'> <img src='C:\Users\30001236\IdeaProjects\LOTests\ErrorScreenshot\ExtraPage kr\koWAWKBP262.0341.020180626_133703.jpg' height='400' width='600'/> </a><br>20180626_133703]]>
    </line>
    <line>
      <![CDATA[<a href='C:\Users\30001236\IdeaProjects\LOTests\ErrorScreenshot\PaymentPage kr\koWAWKBP262.0341.020180626_133706.jpg'> <img src='C:\Users\30001236\IdeaProjects\LOTests\ErrorScreenshot\PaymentPage kr\koWAWKBP262.0341.020180626_133706.jpg' height='400' width='600'/> </a><br>20180626_133706]]>
    </line>
    <line>
      <![CDATA[<a href='C:\Users\30001236\IdeaProjects\LOTests\ErrorScreenshot\Test_BuyTicketsEU20180626_133709.jpg'> <img src='C:\Users\30001236\IdeaProjects\LOTests\ErrorScreenshot\Test_BuyTicketsEU20180626_133709.jpg' height='400' width='600'/> </a><br>20180626_133709]]>
    </line>
    <line>
      <![CDATA[<a href='C:\Users\30001236\IdeaProjects\LOTests\ErrorScreenshot\HomePage kr\enWAWTIA227.0267.020180626_133714.jpg'> <img src='C:\Users\30001236\IdeaProjects\LOTests\ErrorScreenshot\HomePage kr\enWAWTIA227.0267.020180626_133714.jpg' height='400' width='600'/> </a><br>20180626_133714]]>
    </line>
    <line>
      <![CDATA[<a href='C:\Users\30001236\IdeaProjects\LOTests\ErrorScreenshot\FlightPage kr\enWAWTIA227.0267.020180626_133756.jpg'> <img src='C:\Users\30001236\IdeaProjects\LOTests\ErrorScreenshot\FlightPage kr\enWAWTIA227.0267.020180626_133756.jpg' height='400' width='600'/> </a><br>20180626_133756]]>
    </line>
    <line>
      <![CDATA[<a href='C:\Users\30001236\IdeaProjects\LOTests\ErrorScreenshot\PassengersPage kr\enWAWTIA227.0267.020180626_133821.jpg'> <img src='C:\Users\30001236\IdeaProjects\LOTests\ErrorScreenshot\PassengersPage kr\enWAWTIA227.0267.020180626_133821.jpg' height='400' width='600'/> </a><br>20180626_133821]]>
    </line>
    <line>
      <![CDATA[<a href='C:\Users\30001236\IdeaProjects\LOTests\ErrorScreenshot\ExtraPage kr\enWAWTIA227.0267.020180626_133855.jpg'> <img src='C:\Users\30001236\IdeaProjects\LOTests\ErrorScreenshot\ExtraPage kr\enWAWTIA227.0267.020180626_133855.jpg' height='400' width='600'/> </a><br>20180626_133855]]>
    </line>
    <line>
      <![CDATA[<a href='C:\Users\30001236\IdeaProjects\LOTests\ErrorScreenshot\PaymentPage kr\enWAWTIA227.0267.020180626_133858.jpg'> <img src='C:\Users\30001236\IdeaProjects\LOTests\ErrorScreenshot\PaymentPage kr\enWAWTIA227.0267.020180626_133858.jpg' height='400' width='600'/> </a><br>20180626_133858]]>
    </line>
    <line>
      <![CDATA[<a href='C:\Users\30001236\IdeaProjects\LOTests\ErrorScreenshot\Test_BuyTicketsEU20180626_133901.jpg'> <img src='C:\Users\30001236\IdeaProjects\LOTests\ErrorScreenshot\Test_BuyTicketsEU20180626_133901.jpg' height='400' width='600'/> </a><br>20180626_133901]]>
    </line>
    <line>
      <![CDATA[<a href='C:\Users\30001236\IdeaProjects\LOTests\ErrorScreenshot\HomePage kr\plWAWMSQ21.0136.020180626_133906.jpg'> <img src='C:\Users\30001236\IdeaProjects\LOTests\ErrorScreenshot\HomePage kr\plWAWMSQ21.0136.020180626_133906.jpg' height='400' width='600'/> </a><br>20180626_133906]]>
    </line>
    <line>
      <![CDATA[<a href='C:\Users\30001236\IdeaProjects\LOTests\ErrorScreenshot\FlightPage kr\plWAWMSQ21.0136.020180626_133950.jpg'> <img src='C:\Users\30001236\IdeaProjects\LOTests\ErrorScreenshot\FlightPage kr\plWAWMSQ21.0136.020180626_133950.jpg' height='400' width='600'/> </a><br>20180626_133950]]>
    </line>
    <line>
      <![CDATA[<a href='C:\Users\30001236\IdeaProjects\LOTests\ErrorScreenshot\PassengersPage kr\plWAWMSQ21.0136.020180626_134015.jpg'> <img src='C:\Users\30001236\IdeaProjects\LOTests\ErrorScreenshot\PassengersPage kr\plWAWMSQ21.0136.020180626_134015.jpg' height='400' width='600'/> </a><br>20180626_134015]]>
    </line>
    <line>
      <![CDATA[<a href='C:\Users\30001236\IdeaProjects\LOTests\ErrorScreenshot\ExtraPage kr\plWAWMSQ21.0136.020180626_134046.jpg'> <img src='C:\Users\30001236\IdeaProjects\LOTests\ErrorScreenshot\ExtraPage kr\plWAWMSQ21.0136.020180626_134046.jpg' height='400' width='600'/> </a><br>20180626_134046]]>
    </line>
    <line>
      <![CDATA[<a href='C:\Users\30001236\IdeaProjects\LOTests\ErrorScreenshot\PaymentPage kr\plWAWMSQ21.0136.020180626_134050.jpg'> <img src='C:\Users\30001236\IdeaProjects\LOTests\ErrorScreenshot\PaymentPage kr\plWAWMSQ21.0136.020180626_134050.jpg' height='400' width='600'/> </a><br>20180626_134050]]>
    </line>
    <line>
      <![CDATA[<a href='C:\Users\30001236\IdeaProjects\LOTests\ErrorScreenshot\Test_BuyTicketsEU20180626_134053.jpg'> <img src='C:\Users\30001236\IdeaProjects\LOTests\ErrorScreenshot\Test_BuyTicketsEU20180626_134053.jpg' height='400' width='600'/> </a><br>20180626_134053]]>
    </line>
    <line>
      <![CDATA[<a href='C:\Users\30001236\IdeaProjects\LOTests\ErrorScreenshot\HomePage lb\enWAWGDN69.0126.020180626_134059.jpg'> <img src='C:\Users\30001236\IdeaProjects\LOTests\ErrorScreenshot\HomePage lb\enWAWGDN69.0126.020180626_134059.jpg' height='400' width='600'/> </a><br>20180626_134059]]>
    </line>
    <line>
      <![CDATA[<a href='C:\Users\30001236\IdeaProjects\LOTests\ErrorScreenshot\FlightPage lb\enWAWGDN69.0126.020180626_134156.jpg'> <img src='C:\Users\30001236\IdeaProjects\LOTests\ErrorScreenshot\FlightPage lb\enWAWGDN69.0126.020180626_134156.jpg' height='400' width='600'/> </a><br>20180626_134156]]>
    </line>
    <line>
      <![CDATA[<a href='C:\Users\30001236\IdeaProjects\LOTests\ErrorScreenshot\PassengersPage lb\enWAWGDN69.0126.020180626_134223.jpg'> <img src='C:\Users\30001236\IdeaProjects\LOTests\ErrorScreenshot\PassengersPage lb\enWAWGDN69.0126.020180626_134223.jpg' height='400' width='600'/> </a><br>20180626_134223]]>
    </line>
    <line>
      <![CDATA[<a href='C:\Users\30001236\IdeaProjects\LOTests\ErrorScreenshot\ExtraPage lb\enWAWGDN69.0126.020180626_134254.jpg'> <img src='C:\Users\30001236\IdeaProjects\LOTests\ErrorScreenshot\ExtraPage lb\enWAWGDN69.0126.020180626_134254.jpg' height='400' width='600'/> </a><br>20180626_134254]]>
    </line>
    <line>
      <![CDATA[<a href='C:\Users\30001236\IdeaProjects\LOTests\ErrorScreenshot\PaymentPage lb\enWAWGDN69.0126.020180626_134258.jpg'> <img src='C:\Users\30001236\IdeaProjects\LOTests\ErrorScreenshot\PaymentPage lb\enWAWGDN69.0126.020180626_134258.jpg' height='400' width='600'/> </a><br>20180626_134258]]>
    </line>
    <line>
      <![CDATA[<a href='C:\Users\30001236\IdeaProjects\LOTests\ErrorScreenshot\Test_BuyTicketsEU20180626_134301.jpg'> <img src='C:\Users\30001236\IdeaProjects\LOTests\ErrorScreenshot\Test_BuyTicketsEU20180626_134301.jpg' height='400' width='600'/> </a><br>20180626_134301]]>
    </line>
    <line>
      <![CDATA[<a href='C:\Users\30001236\IdeaProjects\LOTests\ErrorScreenshot\HomePage lb\plGDNKRK55.0123.020180626_134307.jpg'> <img src='C:\Users\30001236\IdeaProjects\LOTests\ErrorScreenshot\HomePage lb\plGDNKRK55.0123.020180626_134307.jpg' height='400' width='600'/> </a><br>20180626_134307]]>
    </line>
    <line>
      <![CDATA[<a href='C:\Users\30001236\IdeaProjects\LOTests\ErrorScreenshot\FlightPage lb\plGDNKRK55.0123.020180626_134321.jpg'> <img src='C:\Users\30001236\IdeaProjects\LOTests\ErrorScreenshot\FlightPage lb\plGDNKRK55.0123.020180626_134321.jpg' height='400' width='600'/> </a><br>20180626_134321]]>
    </line>
    <line>
      <![CDATA[<a href='C:\Users\30001236\IdeaProjects\LOTests\ErrorScreenshot\PassengersPage lb\plGDNKRK55.0123.020180626_134348.jpg'> <img src='C:\Users\30001236\IdeaProjects\LOTests\ErrorScreenshot\PassengersPage lb\plGDNKRK55.0123.020180626_134348.jpg' height='400' width='600'/> </a><br>20180626_134348]]>
    </line>
    <line>
      <![CDATA[<a href='C:\Users\30001236\IdeaProjects\LOTests\ErrorScreenshot\ExtraPage lb\plGDNKRK55.0123.020180626_134423.jpg'> <img src='C:\Users\30001236\IdeaProjects\LOTests\ErrorScreenshot\ExtraPage lb\plGDNKRK55.0123.020180626_134423.jpg' height='400' width='600'/> </a><br>20180626_134423]]>
    </line>
    <line>
      <![CDATA[<a href='C:\Users\30001236\IdeaProjects\LOTests\ErrorScreenshot\PaymentPage lb\plGDNKRK55.0123.020180626_134433.jpg'> <img src='C:\Users\30001236\IdeaProjects\LOTests\ErrorScreenshot\PaymentPage lb\plGDNKRK55.0123.020180626_134433.jpg' height='400' width='600'/> </a><br>20180626_134433]]>
    </line>
    <line>
      <![CDATA[<a href='C:\Users\30001236\IdeaProjects\LOTests\ErrorScreenshot\Test_BuyTicketsEU20180626_134437.jpg'> <img src='C:\Users\30001236\IdeaProjects\LOTests\ErrorScreenshot\Test_BuyTicketsEU20180626_134437.jpg' height='400' width='600'/> </a><br>20180626_134437]]>
    </line>
    <line>
      <![CDATA[<a href='C:\Users\30001236\IdeaProjects\LOTests\ErrorScreenshot\HomePage lt\enKRKGDN119.0141.020180626_134451.jpg'> <img src='C:\Users\30001236\IdeaProjects\LOTests\ErrorScreenshot\HomePage lt\enKRKGDN119.0141.020180626_134451.jpg' height='400' width='600'/> </a><br>20180626_134451]]>
    </line>
    <line>
      <![CDATA[<a href='C:\Users\30001236\IdeaProjects\LOTests\ErrorScreenshot\FlightPage lt\enKRKGDN119.0141.020180626_134505.jpg'> <img src='C:\Users\30001236\IdeaProjects\LOTests\ErrorScreenshot\FlightPage lt\enKRKGDN119.0141.020180626_134505.jpg' height='400' width='600'/> </a><br>20180626_134505]]>
    </line>
    <line>
      <![CDATA[<a href='C:\Users\30001236\IdeaProjects\LOTests\ErrorScreenshot\PassengersPage lt\enKRKGDN119.0141.020180626_134533.jpg'> <img src='C:\Users\30001236\IdeaProjects\LOTests\ErrorScreenshot\PassengersPage lt\enKRKGDN119.0141.020180626_134533.jpg' height='400' width='600'/> </a><br>20180626_134533]]>
    </line>
    <line>
      <![CDATA[<a href='C:\Users\30001236\IdeaProjects\LOTests\ErrorScreenshot\ExtraPage lt\enKRKGDN119.0141.020180626_134605.jpg'> <img src='C:\Users\30001236\IdeaProjects\LOTests\ErrorScreenshot\ExtraPage lt\enKRKGDN119.0141.020180626_134605.jpg' height='400' width='600'/> </a><br>20180626_134605]]>
    </line>
    <line>
      <![CDATA[<a href='C:\Users\30001236\IdeaProjects\LOTests\ErrorScreenshot\PaymentPage lt\enKRKGDN119.0141.020180626_134609.jpg'> <img src='C:\Users\30001236\IdeaProjects\LOTests\ErrorScreenshot\PaymentPage lt\enKRKGDN119.0141.020180626_134609.jpg' height='400' width='600'/> </a><br>20180626_134609]]>
    </line>
    <line>
      <![CDATA[<a href='C:\Users\30001236\IdeaProjects\LOTests\ErrorScreenshot\Test_BuyTicketsEU20180626_134612.jpg'> <img src='C:\Users\30001236\IdeaProjects\LOTests\ErrorScreenshot\Test_BuyTicketsEU20180626_134612.jpg' height='400' width='600'/> </a><br>20180626_134612]]>
    </line>
    <line>
      <![CDATA[<a href='C:\Users\30001236\IdeaProjects\LOTests\ErrorScreenshot\HomePage lt\plLWOKRK39.0251.020180626_134619.jpg'> <img src='C:\Users\30001236\IdeaProjects\LOTests\ErrorScreenshot\HomePage lt\plLWOKRK39.0251.020180626_134619.jpg' height='400' width='600'/> </a><br>20180626_134619]]>
    </line>
    <line>
      <![CDATA[<a href='C:\Users\30001236\IdeaProjects\LOTests\ErrorScreenshot\FlightPage lt\plLWOKRK39.0251.020180626_134639.jpg'> <img src='C:\Users\30001236\IdeaProjects\LOTests\ErrorScreenshot\FlightPage lt\plLWOKRK39.0251.020180626_134639.jpg' height='400' width='600'/> </a><br>20180626_134639]]>
    </line>
    <line>
      <![CDATA[<a href='C:\Users\30001236\IdeaProjects\LOTests\ErrorScreenshot\PassengersPage lt\plLWOKRK39.0251.020180626_134707.jpg'> <img src='C:\Users\30001236\IdeaProjects\LOTests\ErrorScreenshot\PassengersPage lt\plLWOKRK39.0251.020180626_134707.jpg' height='400' width='600'/> </a><br>20180626_134707]]>
    </line>
    <line>
      <![CDATA[<a href='C:\Users\30001236\IdeaProjects\LOTests\ErrorScreenshot\ExtraPage lt\plLWOKRK39.0251.020180626_134742.jpg'> <img src='C:\Users\30001236\IdeaProjects\LOTests\ErrorScreenshot\ExtraPage lt\plLWOKRK39.0251.020180626_134742.jpg' height='400' width='600'/> </a><br>20180626_134742]]>
    </line>
    <line>
      <![CDATA[<a href='C:\Users\30001236\IdeaProjects\LOTests\ErrorScreenshot\PaymentPage lt\plLWOKRK39.0251.020180626_134746.jpg'> <img src='C:\Users\30001236\IdeaProjects\LOTests\ErrorScreenshot\PaymentPage lt\plLWOKRK39.0251.020180626_134746.jpg' height='400' width='600'/> </a><br>20180626_134746]]>
    </line>
    <line>
      <![CDATA[<a href='C:\Users\30001236\IdeaProjects\LOTests\ErrorScreenshot\Test_BuyTicketsEU20180626_134749.jpg'> <img src='C:\Users\30001236\IdeaProjects\LOTests\ErrorScreenshot\Test_BuyTicketsEU20180626_134749.jpg' height='400' width='600'/> </a><br>20180626_134749]]>
    </line>
    <line>
      <![CDATA[<a href='C:\Users\30001236\IdeaProjects\LOTests\ErrorScreenshot\HomePage lu\enKRKJFK55.0168.020180626_134753.jpg'> <img src='C:\Users\30001236\IdeaProjects\LOTests\ErrorScreenshot\HomePage lu\enKRKJFK55.0168.020180626_134753.jpg' height='400' width='600'/> </a><br>20180626_134753]]>
    </line>
    <line>
      <![CDATA[<a href='C:\Users\30001236\IdeaProjects\LOTests\ErrorScreenshot\FlightPage lu\enKRKJFK55.0168.020180626_134805.jpg'> <img src='C:\Users\30001236\IdeaProjects\LOTests\ErrorScreenshot\FlightPage lu\enKRKJFK55.0168.020180626_134805.jpg' height='400' width='600'/> </a><br>20180626_134805]]>
    </line>
    <line>
      <![CDATA[<a href='C:\Users\30001236\IdeaProjects\LOTests\ErrorScreenshot\PassengersPage lu\enKRKJFK55.0168.020180626_134810.jpg'> <img src='C:\Users\30001236\IdeaProjects\LOTests\ErrorScreenshot\PassengersPage lu\enKRKJFK55.0168.020180626_134810.jpg' height='400' width='600'/> </a><br>20180626_134810]]>
    </line>
    <line>
      <![CDATA[<a href='C:\Users\30001236\IdeaProjects\LOTests\ErrorScreenshot\ExtraPage lu\enKRKJFK55.0168.020180626_134835.jpg'> <img src='C:\Users\30001236\IdeaProjects\LOTests\ErrorScreenshot\ExtraPage lu\enKRKJFK55.0168.020180626_134835.jpg' height='400' width='600'/> </a><br>20180626_134835]]>
    </line>
    <line>
      <![CDATA[<a href='C:\Users\30001236\IdeaProjects\LOTests\ErrorScreenshot\PaymentPage lu\enKRKJFK55.0168.020180626_134839.jpg'> <img src='C:\Users\30001236\IdeaProjects\LOTests\ErrorScreenshot\PaymentPage lu\enKRKJFK55.0168.020180626_134839.jpg' height='400' width='600'/> </a><br>20180626_134839]]>
    </line>
    <line>
      <![CDATA[<a href='C:\Users\30001236\IdeaProjects\LOTests\ErrorScreenshot\Test_BuyTicketsEU20180626_134842.jpg'> <img src='C:\Users\30001236\IdeaProjects\LOTests\ErrorScreenshot\Test_BuyTicketsEU20180626_134842.jpg' height='400' width='600'/> </a><br>20180626_134842]]>
    </line>
    <line>
      <![CDATA[<a href='C:\Users\30001236\IdeaProjects\LOTests\ErrorScreenshot\HomePage lu\plWAWPOZ112.0233.020180626_134847.jpg'> <img src='C:\Users\30001236\IdeaProjects\LOTests\ErrorScreenshot\HomePage lu\plWAWPOZ112.0233.020180626_134847.jpg' height='400' width='600'/> </a><br>20180626_134847]]>
    </line>
    <line>
      <![CDATA[<a href='C:\Users\30001236\IdeaProjects\LOTests\ErrorScreenshot\FlightPage lu\plWAWPOZ112.0233.020180626_134859.jpg'> <img src='C:\Users\30001236\IdeaProjects\LOTests\ErrorScreenshot\FlightPage lu\plWAWPOZ112.0233.020180626_134859.jpg' height='400' width='600'/> </a><br>20180626_134859]]>
    </line>
    <line>
      <![CDATA[<a href='C:\Users\30001236\IdeaProjects\LOTests\ErrorScreenshot\PassengersPage lu\plWAWPOZ112.0233.020180626_134926.jpg'> <img src='C:\Users\30001236\IdeaProjects\LOTests\ErrorScreenshot\PassengersPage lu\plWAWPOZ112.0233.020180626_134926.jpg' height='400' width='600'/> </a><br>20180626_134926]]>
    </line>
    <line>
      <![CDATA[<a href='C:\Users\30001236\IdeaProjects\LOTests\ErrorScreenshot\ExtraPage lu\plWAWPOZ112.0233.020180626_134957.jpg'> <img src='C:\Users\30001236\IdeaProjects\LOTests\ErrorScreenshot\ExtraPage lu\plWAWPOZ112.0233.020180626_134957.jpg' height='400' width='600'/> </a><br>20180626_134957]]>
    </line>
    <line>
      <![CDATA[<a href='C:\Users\30001236\IdeaProjects\LOTests\ErrorScreenshot\PaymentPage lu\plWAWPOZ112.0233.020180626_135001.jpg'> <img src='C:\Users\30001236\IdeaProjects\LOTests\ErrorScreenshot\PaymentPage lu\plWAWPOZ112.0233.020180626_135001.jpg' height='400' width='600'/> </a><br>20180626_135001]]>
    </line>
    <line>
      <![CDATA[<a href='C:\Users\30001236\IdeaProjects\LOTests\ErrorScreenshot\Test_BuyTicketsEU20180626_135004.jpg'> <img src='C:\Users\30001236\IdeaProjects\LOTests\ErrorScreenshot\Test_BuyTicketsEU20180626_135004.jpg' height='400' width='600'/> </a><br>20180626_135004]]>
    </line>
    <line>
      <![CDATA[<a href='C:\Users\30001236\IdeaProjects\LOTests\ErrorScreenshot\HomePage lv\enWAWKRK124.0172.020180626_135010.jpg'> <img src='C:\Users\30001236\IdeaProjects\LOTests\ErrorScreenshot\HomePage lv\enWAWKRK124.0172.020180626_135010.jpg' height='400' width='600'/> </a><br>20180626_135010]]>
    </line>
    <line>
      <![CDATA[<a href='C:\Users\30001236\IdeaProjects\LOTests\ErrorScreenshot\FlightPage lv\enWAWKRK124.0172.020180626_135055.jpg'> <img src='C:\Users\30001236\IdeaProjects\LOTests\ErrorScreenshot\FlightPage lv\enWAWKRK124.0172.020180626_135055.jpg' height='400' width='600'/> </a><br>20180626_135055]]>
    </line>
    <line>
      <![CDATA[<a href='C:\Users\30001236\IdeaProjects\LOTests\ErrorScreenshot\PassengersPage lv\enWAWKRK124.0172.020180626_135128.jpg'> <img src='C:\Users\30001236\IdeaProjects\LOTests\ErrorScreenshot\PassengersPage lv\enWAWKRK124.0172.020180626_135128.jpg' height='400' width='600'/> </a><br>20180626_135128]]>
    </line>
    <line>
      <![CDATA[<a href='C:\Users\30001236\IdeaProjects\LOTests\ErrorScreenshot\ExtraPage lv\enWAWKRK124.0172.020180626_135158.jpg'> <img src='C:\Users\30001236\IdeaProjects\LOTests\ErrorScreenshot\ExtraPage lv\enWAWKRK124.0172.020180626_135158.jpg' height='400' width='600'/> </a><br>20180626_135158]]>
    </line>
    <line>
      <![CDATA[<a href='C:\Users\30001236\IdeaProjects\LOTests\ErrorScreenshot\PaymentPage lv\enWAWKRK124.0172.020180626_135202.jpg'> <img src='C:\Users\30001236\IdeaProjects\LOTests\ErrorScreenshot\PaymentPage lv\enWAWKRK124.0172.020180626_135202.jpg' height='400' width='600'/> </a><br>20180626_135202]]>
    </line>
    <line>
      <![CDATA[<a href='C:\Users\30001236\IdeaProjects\LOTests\ErrorScreenshot\Test_BuyTicketsEU20180626_135206.jpg'> <img src='C:\Users\30001236\IdeaProjects\LOTests\ErrorScreenshot\Test_BuyTicketsEU20180626_135206.jpg' height='400' width='600'/> </a><br>20180626_135206]]>
    </line>
    <line>
      <![CDATA[<a href='C:\Users\30001236\IdeaProjects\LOTests\ErrorScreenshot\HomePage lv\plGDNLUZ43.0333.020180626_135214.jpg'> <img src='C:\Users\30001236\IdeaProjects\LOTests\ErrorScreenshot\HomePage lv\plGDNLUZ43.0333.020180626_135214.jpg' height='400' width='600'/> </a><br>20180626_135214]]>
    </line>
    <line>
      <![CDATA[<a href='C:\Users\30001236\IdeaProjects\LOTests\ErrorScreenshot\Test_BuyTicketsEU20180626_135222.jpg'> <img src='C:\Users\30001236\IdeaProjects\LOTests\ErrorScreenshot\Test_BuyTicketsEU20180626_135222.jpg' height='400' width='600'/> </a><br>20180626_135222]]>
    </line>
    <line>
      <![CDATA[<a href='C:\Users\30001236\IdeaProjects\LOTests\ErrorScreenshot\HomePage mk\enKRKLUZ95.0218.020180626_135226.jpg'> <img src='C:\Users\30001236\IdeaProjects\LOTests\ErrorScreenshot\HomePage mk\enKRKLUZ95.0218.020180626_135226.jpg' height='400' width='600'/> </a><br>20180626_135226]]>
    </line>
    <line>
      <![CDATA[<a href='C:\Users\30001236\IdeaProjects\LOTests\ErrorScreenshot\FlightPage mk\enKRKLUZ95.0218.020180626_135237.jpg'> <img src='C:\Users\30001236\IdeaProjects\LOTests\ErrorScreenshot\FlightPage mk\enKRKLUZ95.0218.020180626_135237.jpg' height='400' width='600'/> </a><br>20180626_135237]]>
    </line>
    <line>
      <![CDATA[<a href='C:\Users\30001236\IdeaProjects\LOTests\ErrorScreenshot\PassengersPage mk\enKRKLUZ95.0218.020180626_135303.jpg'> <img src='C:\Users\30001236\IdeaProjects\LOTests\ErrorScreenshot\PassengersPage mk\enKRKLUZ95.0218.020180626_135303.jpg' height='400' width='600'/> </a><br>20180626_135303]]>
    </line>
    <line>
      <![CDATA[<a href='C:\Users\30001236\IdeaProjects\LOTests\ErrorScreenshot\ExtraPage mk\enKRKLUZ95.0218.020180626_135337.jpg'> <img src='C:\Users\30001236\IdeaProjects\LOTests\ErrorScreenshot\ExtraPage mk\enKRKLUZ95.0218.020180626_135337.jpg' height='400' width='600'/> </a><br>20180626_135337]]>
    </line>
    <line>
      <![CDATA[<a href='C:\Users\30001236\IdeaProjects\LOTests\ErrorScreenshot\PaymentPage mk\enKRKLUZ95.0218.020180626_135341.jpg'> <img src='C:\Users\30001236\IdeaProjects\LOTests\ErrorScreenshot\PaymentPage mk\enKRKLUZ95.0218.020180626_135341.jpg' height='400' width='600'/> </a><br>20180626_135341]]>
    </line>
    <line>
      <![CDATA[<a href='C:\Users\30001236\IdeaProjects\LOTests\ErrorScreenshot\Test_BuyTicketsEU20180626_135344.jpg'> <img src='C:\Users\30001236\IdeaProjects\LOTests\ErrorScreenshot\Test_BuyTicketsEU20180626_135344.jpg' height='400' width='600'/> </a><br>20180626_135344]]>
    </line>
    <line>
      <![CDATA[<a href='C:\Users\30001236\IdeaProjects\LOTests\ErrorScreenshot\HomePage mk\plIEGGDN79.0212.020180626_135350.jpg'> <img src='C:\Users\30001236\IdeaProjects\LOTests\ErrorScreenshot\HomePage mk\plIEGGDN79.0212.020180626_135350.jpg' height='400' width='600'/> </a><br>20180626_135350]]>
    </line>
    <line>
      <![CDATA[<a href='C:\Users\30001236\IdeaProjects\LOTests\ErrorScreenshot\Test_BuyTicketsEU20180626_135357.jpg'> <img src='C:\Users\30001236\IdeaProjects\LOTests\ErrorScreenshot\Test_BuyTicketsEU20180626_135357.jpg' height='400' width='600'/> </a><br>20180626_135357]]>
    </line>
    <line>
      <![CDATA[<a href='C:\Users\30001236\IdeaProjects\LOTests\ErrorScreenshot\HomePage md\enWROWAW119.0151.020180626_135402.jpg'> <img src='C:\Users\30001236\IdeaProjects\LOTests\ErrorScreenshot\HomePage md\enWROWAW119.0151.020180626_135402.jpg' height='400' width='600'/> </a><br>20180626_135402]]>
    </line>
    <line>
      <![CDATA[<a href='C:\Users\30001236\IdeaProjects\LOTests\ErrorScreenshot\FlightPage md\enWROWAW119.0151.020180626_135413.jpg'> <img src='C:\Users\30001236\IdeaProjects\LOTests\ErrorScreenshot\FlightPage md\enWROWAW119.0151.020180626_135413.jpg' height='400' width='600'/> </a><br>20180626_135413]]>
    </line>
    <line>
      <![CDATA[<a href='C:\Users\30001236\IdeaProjects\LOTests\ErrorScreenshot\PassengersPage md\enWROWAW119.0151.020180626_135440.jpg'> <img src='C:\Users\30001236\IdeaProjects\LOTests\ErrorScreenshot\PassengersPage md\enWROWAW119.0151.020180626_135440.jpg' height='400' width='600'/> </a><br>20180626_135440]]>
    </line>
    <line>
      <![CDATA[<a href='C:\Users\30001236\IdeaProjects\LOTests\ErrorScreenshot\ExtraPage md\enWROWAW119.0151.020180626_135511.jpg'> <img src='C:\Users\30001236\IdeaProjects\LOTests\ErrorScreenshot\ExtraPage md\enWROWAW119.0151.020180626_135511.jpg' height='400' width='600'/> </a><br>20180626_135511]]>
    </line>
    <line>
      <![CDATA[<a href='C:\Users\30001236\IdeaProjects\LOTests\ErrorScreenshot\PaymentPage md\enWROWAW119.0151.020180626_135515.jpg'> <img src='C:\Users\30001236\IdeaProjects\LOTests\ErrorScreenshot\PaymentPage md\enWROWAW119.0151.020180626_135515.jpg' height='400' width='600'/> </a><br>20180626_135515]]>
    </line>
    <line>
      <![CDATA[<a href='C:\Users\30001236\IdeaProjects\LOTests\ErrorScreenshot\Test_BuyTicketsEU20180626_135518.jpg'> <img src='C:\Users\30001236\IdeaProjects\LOTests\ErrorScreenshot\Test_BuyTicketsEU20180626_135518.jpg' height='400' width='600'/> </a><br>20180626_135518]]>
    </line>
    <line>
      <![CDATA[<a href='C:\Users\30001236\IdeaProjects\LOTests\ErrorScreenshot\HomePage md\plWAWWRO34.0267.020180626_135528.jpg'> <img src='C:\Users\30001236\IdeaProjects\LOTests\ErrorScreenshot\HomePage md\plWAWWRO34.0267.020180626_135528.jpg' height='400' width='600'/> </a><br>20180626_135528]]>
    </line>
    <line>
      <![CDATA[<a href='C:\Users\30001236\IdeaProjects\LOTests\ErrorScreenshot\FlightPage md\plWAWWRO34.0267.020180626_135542.jpg'> <img src='C:\Users\30001236\IdeaProjects\LOTests\ErrorScreenshot\FlightPage md\plWAWWRO34.0267.020180626_135542.jpg' height='400' width='600'/> </a><br>20180626_135542]]>
    </line>
    <line>
      <![CDATA[<a href='C:\Users\30001236\IdeaProjects\LOTests\ErrorScreenshot\PassengersPage md\plWAWWRO34.0267.020180626_135609.jpg'> <img src='C:\Users\30001236\IdeaProjects\LOTests\ErrorScreenshot\PassengersPage md\plWAWWRO34.0267.020180626_135609.jpg' height='400' width='600'/> </a><br>20180626_135609]]>
    </line>
    <line>
      <![CDATA[<a href='C:\Users\30001236\IdeaProjects\LOTests\ErrorScreenshot\ExtraPage md\plWAWWRO34.0267.020180626_135639.jpg'> <img src='C:\Users\30001236\IdeaProjects\LOTests\ErrorScreenshot\ExtraPage md\plWAWWRO34.0267.020180626_135639.jpg' height='400' width='600'/> </a><br>20180626_135639]]>
    </line>
    <line>
      <![CDATA[<a href='C:\Users\30001236\IdeaProjects\LOTests\ErrorScreenshot\PaymentPage md\plWAWWRO34.0267.020180626_135642.jpg'> <img src='C:\Users\30001236\IdeaProjects\LOTests\ErrorScreenshot\PaymentPage md\plWAWWRO34.0267.020180626_135642.jpg' height='400' width='600'/> </a><br>20180626_135642]]>
    </line>
    <line>
      <![CDATA[<a href='C:\Users\30001236\IdeaProjects\LOTests\ErrorScreenshot\Test_BuyTicketsEU20180626_135646.jpg'> <img src='C:\Users\30001236\IdeaProjects\LOTests\ErrorScreenshot\Test_BuyTicketsEU20180626_135646.jpg' height='400' width='600'/> </a><br>20180626_135646]]>
    </line>
    <line>
      <![CDATA[<a href='C:\Users\30001236\IdeaProjects\LOTests\ErrorScreenshot\HomePage de\deNRTKRK162.0255.020180626_135649.jpg'> <img src='C:\Users\30001236\IdeaProjects\LOTests\ErrorScreenshot\HomePage de\deNRTKRK162.0255.020180626_135649.jpg' height='400' width='600'/> </a><br>20180626_135649]]>
    </line>
    <line>
      <![CDATA[<a href='C:\Users\30001236\IdeaProjects\LOTests\ErrorScreenshot\FlightPage de\deNRTKRK162.0255.020180626_135706.jpg'> <img src='C:\Users\30001236\IdeaProjects\LOTests\ErrorScreenshot\FlightPage de\deNRTKRK162.0255.020180626_135706.jpg' height='400' width='600'/> </a><br>20180626_135706]]>
    </line>
    <line>
      <![CDATA[<a href='C:\Users\30001236\IdeaProjects\LOTests\ErrorScreenshot\PassengersPage de\deNRTKRK162.0255.020180626_135715.jpg'> <img src='C:\Users\30001236\IdeaProjects\LOTests\ErrorScreenshot\PassengersPage de\deNRTKRK162.0255.020180626_135715.jpg' height='400' width='600'/> </a><br>20180626_135715]]>
    </line>
    <line>
      <![CDATA[<a href='C:\Users\30001236\IdeaProjects\LOTests\ErrorScreenshot\ExtraPage de\deNRTKRK162.0255.020180626_135750.jpg'> <img src='C:\Users\30001236\IdeaProjects\LOTests\ErrorScreenshot\ExtraPage de\deNRTKRK162.0255.020180626_135750.jpg' height='400' width='600'/> </a><br>20180626_135750]]>
    </line>
    <line>
      <![CDATA[<a href='C:\Users\30001236\IdeaProjects\LOTests\ErrorScreenshot\PaymentPage de\deNRTKRK162.0255.020180626_135753.jpg'> <img src='C:\Users\30001236\IdeaProjects\LOTests\ErrorScreenshot\PaymentPage de\deNRTKRK162.0255.020180626_135753.jpg' height='400' width='600'/> </a><br>20180626_135753]]>
    </line>
    <line>
      <![CDATA[<a href='C:\Users\30001236\IdeaProjects\LOTests\ErrorScreenshot\Test_BuyTicketsEU20180626_135756.jpg'> <img src='C:\Users\30001236\IdeaProjects\LOTests\ErrorScreenshot\Test_BuyTicketsEU20180626_135756.jpg' height='400' width='600'/> </a><br>20180626_135756]]>
    </line>
    <line>
      <![CDATA[<a href='C:\Users\30001236\IdeaProjects\LOTests\ErrorScreenshot\HomePage de\enNRTWAW45.0161.020180626_135802.jpg'> <img src='C:\Users\30001236\IdeaProjects\LOTests\ErrorScreenshot\HomePage de\enNRTWAW45.0161.020180626_135802.jpg' height='400' width='600'/> </a><br>20180626_135802]]>
    </line>
    <line>
      <![CDATA[<a href='C:\Users\30001236\IdeaProjects\LOTests\ErrorScreenshot\FlightPage de\enNRTWAW45.0161.020180626_135847.jpg'> <img src='C:\Users\30001236\IdeaProjects\LOTests\ErrorScreenshot\FlightPage de\enNRTWAW45.0161.020180626_135847.jpg' height='400' width='600'/> </a><br>20180626_135847]]>
    </line>
    <line>
[...]
at com.sun.proxy.$Proxy13.isDisplayed(Unknown Source)
at org.openqa.selenium.support.ui.ExpectedConditions.elementIfVisible(ExpectedConditions.java:315)
at org.openqa.selenium.support.ui.ExpectedConditions.access$100(ExpectedConditions.java:44)
at org.openqa.selenium.support.ui.ExpectedConditions$10.apply(ExpectedConditions.java:301)
at org.openqa.selenium.support.ui.ExpectedConditions$10.apply(ExpectedConditions.java:298)
at org.openqa.selenium.support.ui.FluentWait.until(FluentWait.java:208)
... 25 more
]]>
            </full-stacktrace>
          </exception> <!-- org.openqa.selenium.TimeoutException -->
          <reporter-output>
            <line>
              <![CDATA[<a href='C:\Users\30001236\IdeaProjects\LOTests\ErrorScreenshot\HomePage hu\enWAWMUC152.0162.020180626_145635.jpg'> <img src='C:\Users\30001236\IdeaProjects\LOTests\ErrorScreenshot\HomePage hu\enWAWMUC152.0162.020180626_145635.jpg' height='400' width='600'/> </a><br>20180626_145635]]>
            </line>
            <line>
              <![CDATA[<a href='C:\Users\30001236\IdeaProjects\LOTests\ErrorScreenshot\Test_BuyTicketsHU20180626_145709.jpg'> <img src='C:\Users\30001236\IdeaProjects\LOTests\ErrorScreenshot\Test_BuyTicketsHU20180626_145709.jpg' height='400' width='600'/> </a><br>20180626_145709]]>
            </line>
          </reporter-output>
        </test-method> <!-- Test_BuyTicketsHU -->
        <test-method signature="Test_BuyTicketsHU(java.lang.String, java.lang.String, java.lang.String, org.apache.poi.xssf.usermodel.XSSFCell, org.apache.poi.xssf.usermodel.XSSFCell)[pri:0, instance:LOT.LotBiletyAll@71c3b41]" started-at="2018-06-26T12:57:09Z" name="Test_BuyTicketsHU" data-provider="dataHU" finished-at="2018-06-26T12:57:49Z" duration-ms="39541" status="FAIL">
          <params>
            <param index="0">
              <value>
                <![CDATA[hu/pl]]>
              </value>
            </param>
            <param index="1">
              <value>
                <![CDATA[WAW]]>
              </value>
            </param>
            <param index="2">
              <value>
                <![CDATA[CPH]]>
              </value>
            </param>
            <param index="3">
              <value>
                <![CDATA[98.0]]>
              </value>
            </param>
            <param index="4">
              <value>
                <![CDATA[123.0]]>
              </value>
            </param>
          </params>
          <exception class="org.openqa.selenium.TimeoutException">
            <message>
              <![CDATA[Expected condition failed: waiting for visibility of Proxy element for: DefaultElementLocator 'By.id: nr-cart' (tried for 20 second(s) with 500 MILLISECONDS interval)]]>
            </message>
            <full-stacktrace>
              <![CDATA[org.openqa.selenium.TimeoutException: Expected condition failed: waiting for visibility of Proxy element for: DefaultElementLocator 'By.id: nr-cart' (tried for 20 second(s) with 500 MILLISECONDS interval)
at org.openqa.selenium.support.ui.WebDriverWait.timeoutException(WebDriverWait.java:82)
at org.openqa.selenium.support.ui.FluentWait.until(FluentWait.java:231)
at LOT.LotBiletyAll.Test_BuyTicketsHU(LotBiletyAll.java:458)
at java.base/jdk.internal.reflect.NativeMethodAccessorImpl.invoke0(Native Method)
at java.base/jdk.internal.reflect.NativeMethodAccessorImpl.invoke(NativeMethodAccessorImpl.java:62)
at java.base/jdk.internal.reflect.DelegatingMethodAccessorImpl.invoke(DelegatingMethodAccessorImpl.java:43)
at java.base/java.lang.reflect.Method.invoke(Method.java:564)
at org.testng.internal.MethodInvocationHelper.invokeMethod(MethodInvocationHelper.java:124)
at org.testng.internal.Invoker.invokeMethod(Invoker.java:580)
at org.testng.internal.Invoker.invokeTestMethod(Invoker.java:716)
at org.testng.internal.Invoker.invokeTestMethods(Invoker.java:988)
at org.testng.internal.TestMethodWorker.invokeTestMethods(TestMethodWorker.java:125)
at org.testng.internal.TestMethodWorker.run(TestMethodWorker.java:109)
at org.testng.TestRunner.privateRun(TestRunner.java:648)
at org.testng.TestRunner.run(TestRunner.java:505)
at org.testng.SuiteRunner.runTest(SuiteRunner.java:455)
at org.testng.SuiteRunner.runSequentially(SuiteRunner.java:450)
at org.testng.SuiteRunner.privateRun(SuiteRunner.java:415)
at org.testng.SuiteRunner.run(SuiteRunner.java:364)
at org.testng.SuiteRunnerWorker.runSuite(SuiteRunnerWorker.java:52)
at org.testng.SuiteRunnerWorker.run(SuiteRunnerWorker.java:84)
at org.testng.TestNG.runSuitesSequentially(TestNG.java:1208)
at org.testng.TestNG.runSuitesLocally(TestNG.java:1137)
at org.testng.TestNG.runSuites(TestNG.java:1049)
at org.testng.TestNG.run(TestNG.java:1017)
at org.testng.IDEARemoteTestNG.run(IDEARemoteTestNG.java:72)
at org.testng.RemoteTestNGStarter.main(RemoteTestNGStarter.java:123)
Caused by: org.openqa.selenium.NoSuchElementException: no such element: Unable to locate element: {"method":"id","selector":"nr-cart"}
  (Session info: chrome=67.0.3396.87)
  (Driver info: chromedriver=2.36.540470 (e522d04694c7ebea4ba8821272dbef4f9b818c91),platform=Windows NT 6.1.7601 SP1 x86_64) (WARNING: The server did not provide any stacktrace information)
Command duration or timeout: 0 milliseconds
For documentation on this error, please visit: http://seleniumhq.org/exceptions/no_such_element.html
Build info: version: '3.9.1', revision: '63f7b50', time: '2018-02-07T22:42:22.379Z'
System info: host: 'N-5CG7492PHQ', ip: '10.23.72.173', os.name: 'Windows 7', os.arch: 'amd64', os.version: '6.1', java.version: '10.0.1'
Driver info: org.openqa.selenium.chrome.ChromeDriver
Capabilities {acceptInsecureCerts: false, acceptSslCerts: false, applicationCacheEnabled: false, browserConnectionEnabled: false, browserName: chrome, chrome: {chromedriverVersion: 2.36.540470 (e522d04694c7eb..., userDataDir: C:\Users\30001236\AppData\L...}, cssSelectorsEnabled: true, databaseEnabled: false, handlesAlerts: true, hasTouchScreen: false, javascriptEnabled: true, locationContextEnabled: true, mobileEmulationEnabled: false, nativeEvents: true, networkConnectionEnabled: false, pageLoadStrategy: normal, platform: XP, platformName: XP, rotatable: false, setWindowRect: true, takesHeapSnapshot: true, takesScreenshot: true, unexpectedAlertBehaviour: , unhandledPromptBehavior: , version: 67.0.3396.87, webStorageEnabled: true}
Session ID: e1e15da4b00a6a6e831fe22a20fc0d3f
*** Element info: {Using=id, value=nr-cart}
at jdk.internal.reflect.GeneratedConstructorAccessor20.newInstance(Unknown Source)
at java.base/jdk.internal.reflect.DelegatingConstructorAccessorImpl.newInstance(DelegatingConstructorAccessorImpl.java:45)
at java.base/java.lang.reflect.Constructor.newInstance(Constructor.java:488)
at org.openqa.selenium.remote.ErrorHandler.createThrowable(ErrorHandler.java:214)
at org.openqa.selenium.remote.ErrorHandler.throwIfResponseFailed(ErrorHandler.java:166)
at org.openqa.selenium.remote.http.JsonHttpResponseCodec.reconstructValue(JsonHttpResponseCodec.java:40)
at org.openqa.selenium.remote.http.AbstractHttpResponseCodec.decode(AbstractHttpResponseCodec.java:80)
at org.openqa.selenium.remote.http.AbstractHttpResponseCodec.decode(AbstractHttpResponseCodec.java:44)
at org.openqa.selenium.remote.HttpCommandExecutor.execute(HttpCommandExecutor.java:160)
at org.openqa.selenium.remote.service.DriverCommandExecutor.execute(DriverCommandExecutor.java:83)
at org.openqa.selenium.remote.RemoteWebDriver.execute(RemoteWebDriver.java:601)
at org.openqa.selenium.remote.RemoteWebDriver.findElement(RemoteWebDriver.java:371)
at org.openqa.selenium.remote.RemoteWebDriver.findElementById(RemoteWebDriver.java:417)
at org.openqa.selenium.By$ById.findElement(By.java:218)
at org.openqa.selenium.remote.RemoteWebDriver.findElement(RemoteWebDriver.java:363)
at org.openqa.selenium.support.pagefactory.DefaultElementLocator.findElement(DefaultElementLocator.java:69)
at org.openqa.selenium.support.pagefactory.internal.LocatingElementHandler.invoke(LocatingElementHandler.java:38)
at com.sun.proxy.$Proxy13.isDisplayed(Unknown Source)
at org.openqa.selenium.support.ui.ExpectedConditions.elementIfVisible(ExpectedConditions.java:315)
at org.openqa.selenium.support.ui.ExpectedConditions.access$100(ExpectedConditions.java:44)
at org.openqa.selenium.support.ui.ExpectedConditions$10.apply(ExpectedConditions.java:301)
at org.openqa.selenium.support.ui.ExpectedConditions$10.apply(ExpectedConditions.java:298)
at org.openqa.selenium.support.ui.FluentWait.until(FluentWait.java:208)
... 25 more
]]>
            </full-stacktrace>
          </exception> <!-- org.openqa.selenium.TimeoutException -->
          <reporter-output>
            <line>
              <![CDATA[<a href='C:\Users\30001236\IdeaProjects\LOTests\ErrorScreenshot\HomePage hu\plWAWCPH98.0123.020180626_145715.jpg'> <img src='C:\Users\30001236\IdeaProjects\LOTests\ErrorScreenshot\HomePage hu\plWAWCPH98.0123.020180626_145715.jpg' height='400' width='600'/> </a><br>20180626_145715]]>
            </line>
            <line>
              <![CDATA[<a href='C:\Users\30001236\IdeaProjects\LOTests\ErrorScreenshot\Test_BuyTicketsHU20180626_145749.jpg'> <img src='C:\Users\30001236\IdeaProjects\LOTests\ErrorScreenshot\Test_BuyTicketsHU20180626_145749.jpg' height='400' width='600'/> </a><br>20180626_145749]]>
            </line>
          </reporter-output>
        </test-method> <!-- Test_BuyTicketsHU -->
        <test-method signature="Test_BuyTicketsUS(java.lang.String, java.lang.String, java.lang.String, org.apache.poi.xssf.usermodel.XSSFCell, org.apache.poi.xssf.usermodel.XSSFCell)[pri:0, instance:LOT.LotBiletyAll@71c3b41]" started-at="2018-06-26T12:57:49Z" name="Test_BuyTicketsUS" data-provider="dataUS" finished-at="2018-06-26T12:59:10Z" duration-ms="80417" status="PASS">
          <params>
            <param index="0">
              <value>
                <![CDATA[us/en]]>
              </value>
            </param>
            <param index="1">
              <value>
                <![CDATA[LHR]]>
              </value>
            </param>
            <param index="2">
              <value>
                <![CDATA[WAW]]>
              </value>
            </param>
            <param index="3">
              <value>
                <![CDATA[13.0]]>
              </value>
            </param>
            <param index="4">
              <value>
                <![CDATA[23.0]]>
              </value>
            </param>
          </params>
          <reporter-output>
            <line>
              <![CDATA[<a href='C:\Users\30001236\IdeaProjects\LOTests\ErrorScreenshot\HomePage us\enLHRWAW13.023.020180626_145755.jpg'> <img src='C:\Users\30001236\IdeaProjects\LOTests\ErrorScreenshot\HomePage us\enLHRWAW13.023.020180626_145755.jpg' height='400' width='600'/> </a><br>20180626_145755]]>
            </line>
            <line>
              <![CDATA[<a href='C:\Users\30001236\IdeaProjects\LOTests\ErrorScreenshot\FlightPage us\enLHRWAW13.023.020180626_145807.jpg'> <img src='C:\Users\30001236\IdeaProjects\LOTests\ErrorScreenshot\FlightPage us\enLHRWAW13.023.020180626_145807.jpg' height='400' width='600'/> </a><br>20180626_145807]]>
            </line>
            <line>
              <![CDATA[<a href='C:\Users\30001236\IdeaProjects\LOTests\ErrorScreenshot\PassengersPage us\enLHRWAW13.023.020180626_145833.jpg'> <img src='C:\Users\30001236\IdeaProjects\LOTests\ErrorScreenshot\PassengersPage us\enLHRWAW13.023.020180626_145833.jpg' height='400' width='600'/> </a><br>20180626_145833]]>
            </line>
            <line>
              <![CDATA[<a href='C:\Users\30001236\IdeaProjects\LOTests\ErrorScreenshot\ExtraPage us\enLHRWAW13.023.020180626_145903.jpg'> <img src='C:\Users\30001236\IdeaProjects\LOTests\ErrorScreenshot\ExtraPage us\enLHRWAW13.023.020180626_145903.jpg' height='400' width='600'/> </a><br>20180626_145903]]>
            </line>
            <line>
              <![CDATA[<a href='C:\Users\30001236\IdeaProjects\LOTests\ErrorScreenshot\PaymentPage us\enLHRWAW13.023.020180626_145907.jpg'> <img src='C:\Users\30001236\IdeaProjects\LOTests\ErrorScreenshot\PaymentPage us\enLHRWAW13.023.020180626_145907.jpg' height='400' width='600'/> </a><br>20180626_145907]]>
            </line>
            <line>
              <![CDATA[<a href='C:\Users\30001236\IdeaProjects\LOTests\ErrorScreenshot\Test_BuyTicketsUS20180626_145910.jpg'> <img src='C:\Users\30001236\IdeaProjects\LOTests\ErrorScreenshot\Test_BuyTicketsUS20180626_145910.jpg' height='400' width='600'/> </a><br>20180626_145910]]>
            </line>
          </reporter-output>
        </test-method> <!-- Test_BuyTicketsUS -->
        <test-method signature="Test_BuyTicketsUS(java.lang.String, java.lang.String, java.lang.String, org.apache.poi.xssf.usermodel.XSSFCell, org.apache.poi.xssf.usermodel.XSSFCell)[pri:0, instance:LOT.LotBiletyAll@71c3b41]" started-at="2018-06-26T12:59:10Z" name="Test_BuyTicketsUS" data-provider="dataUS" finished-at="2018-06-26T13:00:01Z" duration-ms="51145" status="PASS">
          <params>
            <param index="0">
              <value>
                <![CDATA[us/en/]]>
              </value>
            </param>
            <param index="1">
              <value>
                <![CDATA[WAW]]>
              </value>
            </param>
            <param index="2">
              <value>
                <![CDATA[JFK]]>
              </value>
            </param>
            <param index="3">
              <value>
                <![CDATA[11.0]]>
              </value>
            </param>
            <param index="4">
              <value>
                <![CDATA[122.0]]>
              </value>
            </param>
          </params>
          <reporter-output>
            <line>
              <![CDATA[<a href='C:\Users\30001236\IdeaProjects\LOTests\ErrorScreenshot\HomePage us\en\WAWJFK11.0122.020180626_145914.jpg'> <img src='C:\Users\30001236\IdeaProjects\LOTests\ErrorScreenshot\HomePage us\en\WAWJFK11.0122.020180626_145914.jpg' height='400' width='600'/> </a><br>20180626_145914]]>
            </line>
            <line>
              <![CDATA[<a href='C:\Users\30001236\IdeaProjects\LOTests\ErrorScreenshot\FlightPage us\en\WAWJFK11.0122.020180626_145928.jpg'> <img src='C:\Users\30001236\IdeaProjects\LOTests\ErrorScreenshot\FlightPage us\en\WAWJFK11.0122.020180626_145928.jpg' height='400' width='600'/> </a><br>20180626_145928]]>
            </line>
            <line>
              <![CDATA[<a href='C:\Users\30001236\IdeaProjects\LOTests\ErrorScreenshot\PassengersPage us\en\WAWJFK11.0122.020180626_145933.jpg'> <img src='C:\Users\30001236\IdeaProjects\LOTests\ErrorScreenshot\PassengersPage us\en\WAWJFK11.0122.020180626_145933.jpg' height='400' width='600'/> </a><br>20180626_145933]]>
            </line>
            <line>
              <![CDATA[<a href='C:\Users\30001236\IdeaProjects\LOTests\ErrorScreenshot\ExtraPage us\en\WAWJFK11.0122.020180626_145955.jpg'> <img src='C:\Users\30001236\IdeaProjects\LOTests\ErrorScreenshot\ExtraPage us\en\WAWJFK11.0122.020180626_145955.jpg' height='400' width='600'/> </a><br>20180626_145955]]>
            </line>
            <line>
              <![CDATA[<a href='C:\Users\30001236\IdeaProjects\LOTests\ErrorScreenshot\PaymentPage us\en\WAWJFK11.0122.020180626_145958.jpg'> <img src='C:\Users\30001236\IdeaProjects\LOTests\ErrorScreenshot\PaymentPage us\en\WAWJFK11.0122.020180626_145958.jpg' height='400' width='600'/> </a><br>20180626_145958]]>
            </line>
            <line>
              <![CDATA[<a href='C:\Users\30001236\IdeaProjects\LOTests\ErrorScreenshot\Test_BuyTicketsUS20180626_150002.jpg'> <img src='C:\Users\30001236\IdeaProjects\LOTests\ErrorScreenshot\Test_BuyTicketsUS20180626_150002.jpg' height='400' width='600'/> </a><br>20180626_150002]]>
            </line>
          </reporter-output>
        </test-method> <!-- Test_BuyTicketsUS -->
        <test-method signature="Test_BuyTicketsUS(java.lang.String, java.lang.String, java.lang.String, org.apache.poi.xssf.usermodel.XSSFCell, org.apache.poi.xssf.usermodel.XSSFCell)[pri:0, instance:LOT.LotBiletyAll@71c3b41]" started-at="2018-06-26T13:00:02Z" name="Test_BuyTicketsUS" data-provider="dataUS" finished-at="2018-06-26T13:00:52Z" duration-ms="50311" status="PASS">
          <params>
            <param index="0">
              <value>
                <![CDATA[us/pl]]>
              </value>
            </param>
            <param index="1">
              <value>
                <![CDATA[JFK]]>
              </value>
            </param>
            <param index="2">
              <value>
                <![CDATA[WAW]]>
              </value>
            </param>
            <param index="3">
              <value>
                <![CDATA[11.0]]>
              </value>
            </param>
            <param index="4">
              <value>
                <![CDATA[56.0]]>
              </value>
            </param>
          </params>
          <reporter-output>
            <line>
              <![CDATA[<a href='C:\Users\30001236\IdeaProjects\LOTests\ErrorScreenshot\HomePage us\plJFKWAW11.056.020180626_150006.jpg'> <img src='C:\Users\30001236\IdeaProjects\LOTests\ErrorScreenshot\HomePage us\plJFKWAW11.056.020180626_150006.jpg' height='400' width='600'/> </a><br>20180626_150006]]>
            </line>
            <line>
              <![CDATA[<a href='C:\Users\30001236\IdeaProjects\LOTests\ErrorScreenshot\FlightPage us\plJFKWAW11.056.020180626_150019.jpg'> <img src='C:\Users\30001236\IdeaProjects\LOTests\ErrorScreenshot\FlightPage us\plJFKWAW11.056.020180626_150019.jpg' height='400' width='600'/> </a><br>20180626_150019]]>
            </line>
            <line>
              <![CDATA[<a href='C:\Users\30001236\IdeaProjects\LOTests\ErrorScreenshot\PassengersPage us\plJFKWAW11.056.020180626_150024.jpg'> <img src='C:\Users\30001236\IdeaProjects\LOTests\ErrorScreenshot\PassengersPage us\plJFKWAW11.056.020180626_150024.jpg' height='400' width='600'/> </a><br>20180626_150024]]>
            </line>
            <line>
              <![CDATA[<a href='C:\Users\30001236\IdeaProjects\LOTests\ErrorScreenshot\ExtraPage us\plJFKWAW11.056.020180626_150046.jpg'> <img src='C:\Users\30001236\IdeaProjects\LOTests\ErrorScreenshot\ExtraPage us\plJFKWAW11.056.020180626_150046.jpg' height='400' width='600'/> </a><br>20180626_150046]]>
            </line>
            <line>
              <![CDATA[<a href='C:\Users\30001236\IdeaProjects\LOTests\ErrorScreenshot\PaymentPage us\plJFKWAW11.056.020180626_150049.jpg'> <img src='C:\Users\30001236\IdeaProjects\LOTests\ErrorScreenshot\PaymentPage us\plJFKWAW11.056.020180626_150049.jpg' height='400' width='600'/> </a><br>20180626_150049]]>
            </line>
            <line>
              <![CDATA[<a href='C:\Users\30001236\IdeaProjects\LOTests\ErrorScreenshot\Test_BuyTicketsUS20180626_150052.jpg'> <img src='C:\Users\30001236\IdeaProjects\LOTests\ErrorScreenshot\Test_BuyTicketsUS20180626_150052.jpg' height='400' width='600'/> </a><br>20180626_150052]]>
            </line>
          </reporter-output>
        </test-method> <!-- Test_BuyTicketsUS -->
        <test-method is-config="true" signature="tearDown2()[pri:0, instance:LOT.LotBiletyAll@71c3b41]" started-at="2018-06-26T13:00:52Z" name="tearDown2" finished-at="2018-06-26T13:00:52Z" duration-ms="0" status="PASS">
          <reporter-output>
          </reporter-output>
        </test-method> <!-- tearDown2 -->
        <test-method is-config="true" signature="tearDown1()[pri:0, instance:LOT.LotBiletyAll@71c3b41]" started-at="2018-06-26T13:00:52Z" name="tearDown1" finished-at="2018-06-26T13:00:54Z" duration-ms="1935" status="PASS">
          <reporter-output>
          </reporter-output>
        </test-method> <!-- tearDown1 -->
      </class> <!-- LOT.LotBiletyAll -->
    </test> <!-- LOTests -->
  </suite> <!-- Default Suite -->
</testng-results>
