<?xml version="1.0" encoding="UTF-8"?>
<testng-results ignored="5" total="6" passed="1" failed="0" skipped="0">
  <reporter-output>
  </reporter-output>
  <suite started-at="2018-03-13T12:59:05Z" name="Default Suite" finished-at="2018-03-13T12:59:28Z" duration-ms="23041">
    <groups>
      <group name="p1">
        <method signature="LotBilety.Bilet_WAW_LHR_Economy()[pri:0, instance:LOT.LotBilety@479d31f3]" name="Bilet_WAW_LHR_Economy" class="LOT.LotBilety"/>
      </group> <!-- p1 -->
    </groups>
    <test started-at="2018-03-13T12:59:05Z" name="LOTests" finished-at="2018-03-13T12:59:28Z" duration-ms="23041">
      <class name="LOT.LotBilety">
        <test-method is-config="true" signature="setUp()[pri:0, instance:LOT.LotBilety@479d31f3]" started-at="2018-03-13T13:59:05Z" name="setUp" finished-at="2018-03-13T13:59:08Z" duration-ms="2739" status="PASS">
          <reporter-output>
          </reporter-output>
        </test-method> <!-- setUp -->
        <test-method signature="Bilet_WAW_LHR_Economy()[pri:0, instance:LOT.LotBilety@479d31f3]" started-at="2018-03-13T13:59:08Z" name="Bilet_WAW_LHR_Economy" finished-at="2018-03-13T13:59:27Z" duration-ms="19320" status="PASS">
          <reporter-output>
          </reporter-output>
        </test-method> <!-- Bilet_WAW_LHR_Economy -->
        <test-method is-config="true" signature="tearDown()[pri:0, instance:LOT.LotBilety@479d31f3]" started-at="2018-03-13T13:59:27Z" name="tearDown" finished-at="2018-03-13T13:59:28Z" duration-ms="950" status="PASS">
          <reporter-output>
          </reporter-output>
        </test-method> <!-- tearDown -->
      </class> <!-- LOT.LotBilety -->
    </test> <!-- LOTests -->
  </suite> <!-- Default Suite -->
</testng-results>
