<?xml version="1.0" encoding="UTF-8"?>
<testng-results ignored="0" total="1" passed="1" failed="0" skipped="0">
  <reporter-output>
    <line>
      <![CDATA[<a href='C:\LOTests\ErrorScreenshot\HomePagePRE2 dk\plEWRWAW22.053.020181005_160343.jpg'> <img src='C:\LOTests\ErrorScreenshot\HomePagePRE2 dk\plEWRWAW22.053.020181005_160343.jpg' height='400' width='600'/> </a><br>20181005_160343]]>
    </line>
    <line>
      <![CDATA[<a href='C:\LOTests\ErrorScreenshot\FlightPage dk\plEWRWAW22.053.020181005_160421.jpg'> <img src='C:\LOTests\ErrorScreenshot\FlightPage dk\plEWRWAW22.053.020181005_160421.jpg' height='400' width='600'/> </a><br>20181005_160421]]>
    </line>
    <line>
      <![CDATA[<a href='C:\LOTests\ErrorScreenshot\PassengersPage dk\plEWRWAW22.053.020181005_160434.jpg'> <img src='C:\LOTests\ErrorScreenshot\PassengersPage dk\plEWRWAW22.053.020181005_160434.jpg' height='400' width='600'/> </a><br>20181005_160434]]>
    </line>
    <line>
      <![CDATA[<a href='C:\LOTests\ErrorScreenshot\ExtraPage dk\plEWRWAW22.053.020181005_160519.jpg'> <img src='C:\LOTests\ErrorScreenshot\ExtraPage dk\plEWRWAW22.053.020181005_160519.jpg' height='400' width='600'/> </a><br>20181005_160519]]>
    </line>
    <line>
      <![CDATA[<a href='C:\LOTests\ErrorScreenshot\PaymentPage dk\plEWRWAW22.053.020181005_160537.jpg'> <img src='C:\LOTests\ErrorScreenshot\PaymentPage dk\plEWRWAW22.053.020181005_160537.jpg' height='400' width='600'/> </a><br>20181005_160537]]>
    </line>
    <line>
      <![CDATA[<a href='C:\LOTests\ErrorScreenshot\Test_BuyTicketsEU20181005_160542.jpg'> <img src='C:\LOTests\ErrorScreenshot\Test_BuyTicketsEU20181005_160542.jpg' height='400' width='600'/> </a><br>20181005_160542]]>
    </line>
  </reporter-output>
  <suite started-at="2018-10-05T14:03:26Z" name="Default Suite" finished-at="2018-10-05T14:05:45Z" duration-ms="138481">
    <groups>
      <group name="BuyTickets">
        <method signature="LotBiletyAllSelectPlacesAndEquipmentAndBaggageFF.Test_BuyTicketsEU(java.lang.String, java.lang.String, java.lang.String, org.apache.poi.xssf.usermodel.XSSFCell, org.apache.poi.xssf.usermodel.XSSFCell)[pri:0, instance:LOT.FireFox.LotBiletyAllSelectPlacesAndEquipmentAndBaggageFF@6497b078]" name="Test_BuyTicketsEU" class="LOT.FireFox.LotBiletyAllSelectPlacesAndEquipmentAndBaggageFF"/>
      </group> <!-- BuyTickets -->
    </groups>
    <test started-at="2018-10-05T14:03:26Z" name="LOTests" finished-at="2018-10-05T14:05:45Z" duration-ms="138481">
      <class name="LOT.FireFox.LotBiletyAllSelectPlacesAndEquipmentAndBaggageFF">
        <test-method is-config="true" signature="setUp()[pri:0, instance:LOT.FireFox.LotBiletyAllSelectPlacesAndEquipmentAndBaggageFF@6497b078]" started-at="2018-10-05T14:03:26Z" name="setUp" finished-at="2018-10-05T14:03:31Z" duration-ms="5106" status="PASS">
          <reporter-output>
          </reporter-output>
        </test-method> <!-- setUp -->
        <test-method signature="Test_BuyTicketsEU(java.lang.String, java.lang.String, java.lang.String, org.apache.poi.xssf.usermodel.XSSFCell, org.apache.poi.xssf.usermodel.XSSFCell)[pri:0, instance:LOT.FireFox.LotBiletyAllSelectPlacesAndEquipmentAndBaggageFF@6497b078]" started-at="2018-10-05T14:03:32Z" name="Test_BuyTicketsEU" data-provider="data" finished-at="2018-10-05T14:05:42Z" duration-ms="130263" status="PASS">
          <params>
            <param index="0">
              <value>
                <![CDATA[dk/pl]]>
              </value>
            </param>
            <param index="1">
              <value>
                <![CDATA[EWR]]>
              </value>
            </param>
            <param index="2">
              <value>
                <![CDATA[WAW]]>
              </value>
            </param>
            <param index="3">
              <value>
                <![CDATA[22.0]]>
              </value>
            </param>
            <param index="4">
              <value>
                <![CDATA[53.0]]>
              </value>
            </param>
          </params>
          <reporter-output>
            <line>
              <![CDATA[<a href='C:\LOTests\ErrorScreenshot\HomePagePRE2 dk\plEWRWAW22.053.020181005_160343.jpg'> <img src='C:\LOTests\ErrorScreenshot\HomePagePRE2 dk\plEWRWAW22.053.020181005_160343.jpg' height='400' width='600'/> </a><br>20181005_160343]]>
            </line>
            <line>
              <![CDATA[<a href='C:\LOTests\ErrorScreenshot\FlightPage dk\plEWRWAW22.053.020181005_160421.jpg'> <img src='C:\LOTests\ErrorScreenshot\FlightPage dk\plEWRWAW22.053.020181005_160421.jpg' height='400' width='600'/> </a><br>20181005_160421]]>
            </line>
            <line>
              <![CDATA[<a href='C:\LOTests\ErrorScreenshot\PassengersPage dk\plEWRWAW22.053.020181005_160434.jpg'> <img src='C:\LOTests\ErrorScreenshot\PassengersPage dk\plEWRWAW22.053.020181005_160434.jpg' height='400' width='600'/> </a><br>20181005_160434]]>
            </line>
            <line>
              <![CDATA[<a href='C:\LOTests\ErrorScreenshot\ExtraPage dk\plEWRWAW22.053.020181005_160519.jpg'> <img src='C:\LOTests\ErrorScreenshot\ExtraPage dk\plEWRWAW22.053.020181005_160519.jpg' height='400' width='600'/> </a><br>20181005_160519]]>
            </line>
            <line>
              <![CDATA[<a href='C:\LOTests\ErrorScreenshot\PaymentPage dk\plEWRWAW22.053.020181005_160537.jpg'> <img src='C:\LOTests\ErrorScreenshot\PaymentPage dk\plEWRWAW22.053.020181005_160537.jpg' height='400' width='600'/> </a><br>20181005_160537]]>
            </line>
            <line>
              <![CDATA[<a href='C:\LOTests\ErrorScreenshot\Test_BuyTicketsEU20181005_160542.jpg'> <img src='C:\LOTests\ErrorScreenshot\Test_BuyTicketsEU20181005_160542.jpg' height='400' width='600'/> </a><br>20181005_160542]]>
            </line>
          </reporter-output>
        </test-method> <!-- Test_BuyTicketsEU -->
        <test-method is-config="true" signature="tearDown2()[pri:0, instance:LOT.FireFox.LotBiletyAllSelectPlacesAndEquipmentAndBaggageFF@6497b078]" started-at="2018-10-05T14:05:42Z" name="tearDown2" finished-at="2018-10-05T14:05:45Z" duration-ms="2061" status="PASS">
          <reporter-output>
          </reporter-output>
        </test-method> <!-- tearDown2 -->
      </class> <!-- LOT.FireFox.LotBiletyAllSelectPlacesAndEquipmentAndBaggageFF -->
    </test> <!-- LOTests -->
  </suite> <!-- Default Suite -->
</testng-results>
