<?xml version="1.0" encoding="UTF-8"?>
<testng-results ignored="0" total="1" passed="1" failed="0" skipped="0">
  <reporter-output>
  </reporter-output>
  <suite started-at="2018-06-13T07:56:05Z" name="Bollosk Test Suit" finished-at="2018-06-13T07:56:08Z" duration-ms="2198">
    <groups>
      <group name="BuyTickets">
        <method signature="LotBiletyEUcopy.Test_BuyTickets()[pri:0, instance:LOT.LotBiletyEUcopy@2145b572]" name="Test_BuyTickets" class="LOT.LotBiletyEUcopy"/>
      </group> <!-- BuyTickets -->
    </groups>
    <test started-at="2018-06-13T07:56:05Z" name="Test_BuyTickets" finished-at="2018-06-13T07:56:08Z" duration-ms="2198">
      <class name="LOT.LotBiletyEUcopy">
        <test-method is-config="true" signature="setUp()[pri:0, instance:LOT.LotBiletyEUcopy@2145b572]" started-at="2018-06-13T09:56:05Z" name="setUp" finished-at="2018-06-13T09:56:08Z" duration-ms="2183" status="FAIL">
          <exception class="java.lang.NoClassDefFoundError">
            <message>
              <![CDATA[pageObjects/HomePage]]>
            </message>
            <full-stacktrace>
              <![CDATA[java.lang.NoClassDefFoundError: pageObjects/HomePage
	at LOT.LotBiletyEUcopy.setUp(LotBiletyEUcopy.java:35)
	at java.base/jdk.internal.reflect.NativeMethodAccessorImpl.invoke0(Native Method)
	at java.base/jdk.internal.reflect.NativeMethodAccessorImpl.invoke(Unknown Source)
	at java.base/jdk.internal.reflect.DelegatingMethodAccessorImpl.invoke(Unknown Source)
	at java.base/java.lang.reflect.Method.invoke(Unknown Source)
	at org.testng.internal.MethodInvocationHelper.invokeMethod(MethodInvocationHelper.java:108)
	at org.testng.internal.Invoker.invokeConfigurationMethod(Invoker.java:523)
	at org.testng.internal.Invoker.invokeConfigurations(Invoker.java:224)
	at org.testng.internal.Invoker.invokeConfigurations(Invoker.java:146)
	at org.testng.TestRunner.beforeRun(TestRunner.java:626)
	at org.testng.TestRunner.run(TestRunner.java:594)
	at org.testng.SuiteRunner.runTest(SuiteRunner.java:380)
	at org.testng.SuiteRunner.runSequentially(SuiteRunner.java:375)
	at org.testng.SuiteRunner.privateRun(SuiteRunner.java:340)
	at org.testng.SuiteRunner.run(SuiteRunner.java:289)
	at org.testng.SuiteRunnerWorker.runSuite(SuiteRunnerWorker.java:52)
	at org.testng.SuiteRunnerWorker.run(SuiteRunnerWorker.java:86)
	at org.testng.TestNG.runSuitesSequentially(TestNG.java:1301)
	at org.testng.TestNG.runSuitesLocally(TestNG.java:1226)
	at org.testng.TestNG.runSuites(TestNG.java:1144)
	at org.testng.TestNG.run(TestNG.java:1115)
	at org.testng.TestNG.privateMain(TestNG.java:1442)
	at org.testng.TestNG.main(TestNG.java:1411)
Caused by: java.lang.ClassNotFoundException: pageObjects.HomePage
	at java.base/jdk.internal.loader.BuiltinClassLoader.loadClass(Unknown Source)
	at java.base/jdk.internal.loader.ClassLoaders$AppClassLoader.loadClass(Unknown Source)
	at java.base/java.lang.ClassLoader.loadClass(Unknown Source)
	... 23 more
]]>
            </full-stacktrace>
          </exception> <!-- java.lang.NoClassDefFoundError -->
          <reporter-output>
          </reporter-output>
        </test-method> <!-- setUp -->
        <test-method signature="Test_BuyTickets()[pri:0, instance:LOT.LotBiletyEUcopy@2145b572]" started-at="2018-06-13T09:56:08Z" name="Test_BuyTickets" finished-at="2018-06-13T09:56:08Z" duration-ms="0" status="PASS">
          <reporter-output>
          </reporter-output>
        </test-method> <!-- Test_BuyTickets -->
      </class> <!-- LOT.LotBiletyEUcopy -->
    </test> <!-- Test_BuyTickets -->
  </suite> <!-- Bollosk Test Suit -->
</testng-results>
