<?xml version="1.0" encoding="UTF-8"?>
<testng-results ignored="0" total="1" passed="1" failed="0" skipped="0">
  <reporter-output>
    <line>
      <![CDATA[<a href='C:\LOTests\ErrorScreenshot\MMB20180911_132236.jpg'> <img src='C:\LOTests\ErrorScreenshot\MMB20180911_132236.jpg' height='400' width='600'/> </a><br>20180911_132236]]>
    </line>
  </reporter-output>
  <suite started-at="2018-09-11T11:22:10Z" name="Default Suite" finished-at="2018-09-11T11:22:37Z" duration-ms="26907">
    <groups>
      <group name="MMB">
        <method signature="LotMMBFareConditions.MMB(java.lang.String, java.lang.String)[pri:0, instance:LOT.LotMMBFareConditions@157853da]" name="MMB" class="LOT.LotMMBFareConditions"/>
      </group> <!-- MMB -->
    </groups>
    <test started-at="2018-09-11T11:22:10Z" name="LOTests" finished-at="2018-09-11T11:22:37Z" duration-ms="26907">
      <class name="LOT.LotMMBFareConditions">
        <test-method is-config="true" signature="setUp()[pri:0, instance:LOT.LotMMBFareConditions@157853da]" started-at="2018-09-11T11:22:10Z" name="setUp" finished-at="2018-09-11T11:22:13Z" duration-ms="2610" status="PASS">
          <reporter-output>
          </reporter-output>
        </test-method> <!-- setUp -->
        <test-method signature="MMB(java.lang.String, java.lang.String)[pri:0, instance:LOT.LotMMBFareConditions@157853da]" started-at="2018-09-11T11:22:13Z" name="MMB" data-provider="data" finished-at="2018-09-11T11:22:35Z" duration-ms="21956" status="PASS">
          <params>
            <param index="0">
              <value>
                <![CDATA[MUSIAL]]>
              </value>
            </param>
            <param index="1">
              <value>
                <![CDATA[L4I6AL]]>
              </value>
            </param>
          </params>
          <reporter-output>
            <line>
              <![CDATA[<a href='C:\LOTests\ErrorScreenshot\MMB20180911_132236.jpg'> <img src='C:\LOTests\ErrorScreenshot\MMB20180911_132236.jpg' height='400' width='600'/> </a><br>20180911_132236]]>
            </line>
          </reporter-output>
        </test-method> <!-- MMB -->
        <test-method is-config="true" signature="tearDown()[pri:0, instance:LOT.LotMMBFareConditions@157853da]" started-at="2018-09-11T11:22:36Z" name="tearDown" finished-at="2018-09-11T11:22:37Z" duration-ms="1141" status="PASS">
          <reporter-output>
          </reporter-output>
        </test-method> <!-- tearDown -->
      </class> <!-- LOT.LotMMBFareConditions -->
    </test> <!-- LOTests -->
  </suite> <!-- Default Suite -->
</testng-results>
