<?xml version="1.0" encoding="UTF-8"?>
<testng-results ignored="5" total="6" passed="1" failed="0" skipped="0">
  <reporter-output>
  </reporter-output>
  <suite started-at="2018-04-05T09:12:24Z" name="Default Suite" finished-at="2018-04-05T09:13:08Z" duration-ms="44249">
    <groups>
      <group name="p1">
        <method signature="LotBilety.Test_Biletow()[pri:0, instance:LOT.LotBilety@37f1104d]" name="Test_Biletow" class="LOT.LotBilety"/>
      </group> <!-- p1 -->
    </groups>
    <test started-at="2018-04-05T09:12:24Z" name="LOTests" finished-at="2018-04-05T09:13:08Z" duration-ms="44249">
      <class name="LOT.LotBilety">
        <test-method is-config="true" signature="setUp()[pri:0, instance:LOT.LotBilety@37f1104d]" started-at="2018-04-05T09:12:24Z" name="setUp" finished-at="2018-04-05T09:12:27Z" duration-ms="3010" status="PASS">
          <reporter-output>
          </reporter-output>
        </test-method> <!-- setUp -->
        <test-method signature="Test_Biletow()[pri:0, instance:LOT.LotBilety@37f1104d]" started-at="2018-04-05T09:12:27Z" name="Test_Biletow" finished-at="2018-04-05T09:13:08Z" duration-ms="41201" status="PASS">
          <reporter-output>
          </reporter-output>
        </test-method> <!-- Test_Biletow -->
        <test-method is-config="true" signature="tearDown()[pri:0, instance:LOT.LotBilety@37f1104d]" started-at="2018-04-05T09:13:08Z" name="tearDown" finished-at="2018-04-05T09:13:08Z" duration-ms="1" status="PASS">
          <reporter-output>
          </reporter-output>
        </test-method> <!-- tearDown -->
      </class> <!-- LOT.LotBilety -->
    </test> <!-- LOTests -->
  </suite> <!-- Default Suite -->
</testng-results>
