<?xml version="1.0" encoding="UTF-8"?>
<testng-results ignored="0" total="12" passed="12" failed="0" skipped="0">
  <reporter-output>
    <line>
      <![CDATA[<a href='C:\LOTests\ErrorScreenshot\HomePage dk\plEWRWAW22.053.020180731_092857.jpg'> <img src='C:\LOTests\ErrorScreenshot\HomePage dk\plEWRWAW22.053.020180731_092857.jpg' height='400' width='600'/> </a><br>20180731_092857]]>
    </line>
    <line>
      <![CDATA[<a href='C:\LOTests\ErrorScreenshot\FlightPage dk\plEWRWAW22.053.020180731_092915.jpg'> <img src='C:\LOTests\ErrorScreenshot\FlightPage dk\plEWRWAW22.053.020180731_092915.jpg' height='400' width='600'/> </a><br>20180731_092915]]>
    </line>
    <line>
      <![CDATA[<a href='C:\LOTests\ErrorScreenshot\PassengersPage dk\plEWRWAW22.053.020180731_092922.jpg'> <img src='C:\LOTests\ErrorScreenshot\PassengersPage dk\plEWRWAW22.053.020180731_092922.jpg' height='400' width='600'/> </a><br>20180731_092922]]>
    </line>
    <line>
      <![CDATA[<a href='C:\LOTests\ErrorScreenshot\ExtraPage dk\plEWRWAW22.053.020180731_093006.jpg'> <img src='C:\LOTests\ErrorScreenshot\ExtraPage dk\plEWRWAW22.053.020180731_093006.jpg' height='400' width='600'/> </a><br>20180731_093006]]>
    </line>
    <line>
      <![CDATA[<a href='C:\LOTests\ErrorScreenshot\PaymentPage dk\plEWRWAW22.053.020180731_093015.jpg'> <img src='C:\LOTests\ErrorScreenshot\PaymentPage dk\plEWRWAW22.053.020180731_093015.jpg' height='400' width='600'/> </a><br>20180731_093015]]>
    </line>
    <line>
      <![CDATA[<a href='C:\LOTests\ErrorScreenshot\Test_BuyTicketsEU20180731_093018.jpg'> <img src='C:\LOTests\ErrorScreenshot\Test_BuyTicketsEU20180731_093018.jpg' height='400' width='600'/> </a><br>20180731_093018]]>
    </line>
    <line>
      <![CDATA[<a href='C:\LOTests\ErrorScreenshot\HomePage eg\enLAXWAW258.0331.020180731_093023.jpg'> <img src='C:\LOTests\ErrorScreenshot\HomePage eg\enLAXWAW258.0331.020180731_093023.jpg' height='400' width='600'/> </a><br>20180731_093023]]>
    </line>
    <line>
      <![CDATA[<a href='C:\LOTests\ErrorScreenshot\FlightPage eg\enLAXWAW258.0331.020180731_093036.jpg'> <img src='C:\LOTests\ErrorScreenshot\FlightPage eg\enLAXWAW258.0331.020180731_093036.jpg' height='400' width='600'/> </a><br>20180731_093036]]>
    </line>
    <line>
      <![CDATA[<a href='C:\LOTests\ErrorScreenshot\PassengersPage eg\enLAXWAW258.0331.020180731_093041.jpg'> <img src='C:\LOTests\ErrorScreenshot\PassengersPage eg\enLAXWAW258.0331.020180731_093041.jpg' height='400' width='600'/> </a><br>20180731_093041]]>
    </line>
    <line>
      <![CDATA[<a href='C:\LOTests\ErrorScreenshot\ExtraPage eg\enLAXWAW258.0331.020180731_093125.jpg'> <img src='C:\LOTests\ErrorScreenshot\ExtraPage eg\enLAXWAW258.0331.020180731_093125.jpg' height='400' width='600'/> </a><br>20180731_093125]]>
    </line>
    <line>
      <![CDATA[<a href='C:\LOTests\ErrorScreenshot\PaymentPage eg\enLAXWAW258.0331.020180731_093134.jpg'> <img src='C:\LOTests\ErrorScreenshot\PaymentPage eg\enLAXWAW258.0331.020180731_093134.jpg' height='400' width='600'/> </a><br>20180731_093134]]>
    </line>
    <line>
      <![CDATA[<a href='C:\LOTests\ErrorScreenshot\Test_BuyTicketsEU20180731_093138.jpg'> <img src='C:\LOTests\ErrorScreenshot\Test_BuyTicketsEU20180731_093138.jpg' height='400' width='600'/> </a><br>20180731_093138]]>
    </line>
    <line>
      <![CDATA[<a href='C:\LOTests\ErrorScreenshot\HomePage eg\plKRKFRA92.0348.020180731_093142.jpg'> <img src='C:\LOTests\ErrorScreenshot\HomePage eg\plKRKFRA92.0348.020180731_093142.jpg' height='400' width='600'/> </a><br>20180731_093142]]>
    </line>
    <line>
      <![CDATA[<a href='C:\LOTests\ErrorScreenshot\FlightPage eg\plKRKFRA92.0348.020180731_093156.jpg'> <img src='C:\LOTests\ErrorScreenshot\FlightPage eg\plKRKFRA92.0348.020180731_093156.jpg' height='400' width='600'/> </a><br>20180731_093156]]>
    </line>
    <line>
      <![CDATA[<a href='C:\LOTests\ErrorScreenshot\PassengersPage eg\plKRKFRA92.0348.020180731_093222.jpg'> <img src='C:\LOTests\ErrorScreenshot\PassengersPage eg\plKRKFRA92.0348.020180731_093222.jpg' height='400' width='600'/> </a><br>20180731_093222]]>
    </line>
    <line>
      <![CDATA[<a href='C:\LOTests\ErrorScreenshot\ExtraPage eg\plKRKFRA92.0348.020180731_093306.jpg'> <img src='C:\LOTests\ErrorScreenshot\ExtraPage eg\plKRKFRA92.0348.020180731_093306.jpg' height='400' width='600'/> </a><br>20180731_093306]]>
    </line>
    <line>
      <![CDATA[<a href='C:\LOTests\ErrorScreenshot\PaymentPage eg\plKRKFRA92.0348.020180731_093316.jpg'> <img src='C:\LOTests\ErrorScreenshot\PaymentPage eg\plKRKFRA92.0348.020180731_093316.jpg' height='400' width='600'/> </a><br>20180731_093316]]>
    </line>
    <line>
      <![CDATA[<a href='C:\LOTests\ErrorScreenshot\Test_BuyTicketsEU20180731_093319.jpg'> <img src='C:\LOTests\ErrorScreenshot\Test_BuyTicketsEU20180731_093319.jpg' height='400' width='600'/> </a><br>20180731_093319]]>
    </line>
    <line>
      <![CDATA[<a href='C:\LOTests\ErrorScreenshot\HomePage ee\ruTLLWAW68.0113.020180731_093326.jpg'> <img src='C:\LOTests\ErrorScreenshot\HomePage ee\ruTLLWAW68.0113.020180731_093326.jpg' height='400' width='600'/> </a><br>20180731_093326]]>
    </line>
    <line>
      <![CDATA[<a href='C:\LOTests\ErrorScreenshot\FlightPage ee\ruTLLWAW68.0113.020180731_093339.jpg'> <img src='C:\LOTests\ErrorScreenshot\FlightPage ee\ruTLLWAW68.0113.020180731_093339.jpg' height='400' width='600'/> </a><br>20180731_093339]]>
    </line>
    <line>
      <![CDATA[<a href='C:\LOTests\ErrorScreenshot\PassengersPage ee\ruTLLWAW68.0113.020180731_093405.jpg'> <img src='C:\LOTests\ErrorScreenshot\PassengersPage ee\ruTLLWAW68.0113.020180731_093405.jpg' height='400' width='600'/> </a><br>20180731_093405]]>
    </line>
    <line>
      <![CDATA[<a href='C:\LOTests\ErrorScreenshot\ExtraPage ee\ruTLLWAW68.0113.020180731_093458.jpg'> <img src='C:\LOTests\ErrorScreenshot\ExtraPage ee\ruTLLWAW68.0113.020180731_093458.jpg' height='400' width='600'/> </a><br>20180731_093458]]>
    </line>
    <line>
      <![CDATA[<a href='C:\LOTests\ErrorScreenshot\PaymentPage ee\ruTLLWAW68.0113.020180731_093506.jpg'> <img src='C:\LOTests\ErrorScreenshot\PaymentPage ee\ruTLLWAW68.0113.020180731_093506.jpg' height='400' width='600'/> </a><br>20180731_093506]]>
    </line>
    <line>
      <![CDATA[<a href='C:\LOTests\ErrorScreenshot\Test_BuyTicketsEU20180731_093510.jpg'> <img src='C:\LOTests\ErrorScreenshot\Test_BuyTicketsEU20180731_093510.jpg' height='400' width='600'/> </a><br>20180731_093510]]>
    </line>
    <line>
      <![CDATA[<a href='C:\LOTests\ErrorScreenshot\HomePage ee\enEVNWAW15.085.020180731_093518.jpg'> <img src='C:\LOTests\ErrorScreenshot\HomePage ee\enEVNWAW15.085.020180731_093518.jpg' height='400' width='600'/> </a><br>20180731_093518]]>
    </line>
    <line>
      <![CDATA[<a href='C:\LOTests\ErrorScreenshot\FlightPage ee\enEVNWAW15.085.020180731_093527.jpg'> <img src='C:\LOTests\ErrorScreenshot\FlightPage ee\enEVNWAW15.085.020180731_093527.jpg' height='400' width='600'/> </a><br>20180731_093527]]>
    </line>
    <line>
      <![CDATA[<a href='C:\LOTests\ErrorScreenshot\PassengersPage ee\enEVNWAW15.085.020180731_093552.jpg'> <img src='C:\LOTests\ErrorScreenshot\PassengersPage ee\enEVNWAW15.085.020180731_093552.jpg' height='400' width='600'/> </a><br>20180731_093552]]>
    </line>
    <line>
      <![CDATA[<a href='C:\LOTests\ErrorScreenshot\ExtraPage ee\enEVNWAW15.085.020180731_093643.jpg'> <img src='C:\LOTests\ErrorScreenshot\ExtraPage ee\enEVNWAW15.085.020180731_093643.jpg' height='400' width='600'/> </a><br>20180731_093643]]>
    </line>
    <line>
      <![CDATA[<a href='C:\LOTests\ErrorScreenshot\PaymentPage ee\enEVNWAW15.085.020180731_093651.jpg'> <img src='C:\LOTests\ErrorScreenshot\PaymentPage ee\enEVNWAW15.085.020180731_093651.jpg' height='400' width='600'/> </a><br>20180731_093651]]>
    </line>
    <line>
      <![CDATA[<a href='C:\LOTests\ErrorScreenshot\Test_BuyTicketsEU20180731_093655.jpg'> <img src='C:\LOTests\ErrorScreenshot\Test_BuyTicketsEU20180731_093655.jpg' height='400' width='600'/> </a><br>20180731_093655]]>
    </line>
    <line>
      <![CDATA[<a href='C:\LOTests\ErrorScreenshot\HomePage fi\enWAWLCA85.0152.020180731_093700.jpg'> <img src='C:\LOTests\ErrorScreenshot\HomePage fi\enWAWLCA85.0152.020180731_093700.jpg' height='400' width='600'/> </a><br>20180731_093700]]>
    </line>
    <line>
      <![CDATA[<a href='C:\LOTests\ErrorScreenshot\FlightPage fi\enWAWLCA85.0152.020180731_093713.jpg'> <img src='C:\LOTests\ErrorScreenshot\FlightPage fi\enWAWLCA85.0152.020180731_093713.jpg' height='400' width='600'/> </a><br>20180731_093713]]>
    </line>
    <line>
      <![CDATA[<a href='C:\LOTests\ErrorScreenshot\PassengersPage fi\enWAWLCA85.0152.020180731_093738.jpg'> <img src='C:\LOTests\ErrorScreenshot\PassengersPage fi\enWAWLCA85.0152.020180731_093738.jpg' height='400' width='600'/> </a><br>20180731_093738]]>
    </line>
    <line>
      <![CDATA[<a href='C:\LOTests\ErrorScreenshot\ExtraPage fi\enWAWLCA85.0152.020180731_093830.jpg'> <img src='C:\LOTests\ErrorScreenshot\ExtraPage fi\enWAWLCA85.0152.020180731_093830.jpg' height='400' width='600'/> </a><br>20180731_093830]]>
    </line>
    <line>
      <![CDATA[<a href='C:\LOTests\ErrorScreenshot\PaymentPage fi\enWAWLCA85.0152.020180731_093839.jpg'> <img src='C:\LOTests\ErrorScreenshot\PaymentPage fi\enWAWLCA85.0152.020180731_093839.jpg' height='400' width='600'/> </a><br>20180731_093839]]>
    </line>
    <line>
      <![CDATA[<a href='C:\LOTests\ErrorScreenshot\Test_BuyTicketsEU20180731_093843.jpg'> <img src='C:\LOTests\ErrorScreenshot\Test_BuyTicketsEU20180731_093843.jpg' height='400' width='600'/> </a><br>20180731_093843]]>
    </line>
    <line>
      <![CDATA[<a href='C:\LOTests\ErrorScreenshot\HomePage hu\enWAWMUC152.0162.020180731_093848.jpg'> <img src='C:\LOTests\ErrorScreenshot\HomePage hu\enWAWMUC152.0162.020180731_093848.jpg' height='400' width='600'/> </a><br>20180731_093848]]>
    </line>
    <line>
      <![CDATA[<a href='C:\LOTests\ErrorScreenshot\FlightPage hu\enWAWMUC152.0162.020180731_093933.jpg'> <img src='C:\LOTests\ErrorScreenshot\FlightPage hu\enWAWMUC152.0162.020180731_093933.jpg' height='400' width='600'/> </a><br>20180731_093933]]>
    </line>
    <line>
      <![CDATA[<a href='C:\LOTests\ErrorScreenshot\PassengersPage hu\enWAWMUC152.0162.020180731_093959.jpg'> <img src='C:\LOTests\ErrorScreenshot\PassengersPage hu\enWAWMUC152.0162.020180731_093959.jpg' height='400' width='600'/> </a><br>20180731_093959]]>
    </line>
    <line>
      <![CDATA[<a href='C:\LOTests\ErrorScreenshot\ExtraPage hu\enWAWMUC152.0162.020180731_094051.jpg'> <img src='C:\LOTests\ErrorScreenshot\ExtraPage hu\enWAWMUC152.0162.020180731_094051.jpg' height='400' width='600'/> </a><br>20180731_094051]]>
    </line>
    <line>
      <![CDATA[<a href='C:\LOTests\ErrorScreenshot\PaymentPage hu\enWAWMUC152.0162.020180731_094100.jpg'> <img src='C:\LOTests\ErrorScreenshot\PaymentPage hu\enWAWMUC152.0162.020180731_094100.jpg' height='400' width='600'/> </a><br>20180731_094100]]>
    </line>
    <line>
      <![CDATA[<a href='C:\LOTests\ErrorScreenshot\Test_BuyTicketsEU20180731_094103.jpg'> <img src='C:\LOTests\ErrorScreenshot\Test_BuyTicketsEU20180731_094103.jpg' height='400' width='600'/> </a><br>20180731_094103]]>
    </line>
    <line>
      <![CDATA[<a href='C:\LOTests\ErrorScreenshot\HomePage hu\plWAWCPH98.0123.020180731_094110.jpg'> <img src='C:\LOTests\ErrorScreenshot\HomePage hu\plWAWCPH98.0123.020180731_094110.jpg' height='400' width='600'/> </a><br>20180731_094110]]>
    </line>
    <line>
      <![CDATA[<a href='C:\LOTests\ErrorScreenshot\FlightPage hu\plWAWCPH98.0123.020180731_094153.jpg'> <img src='C:\LOTests\ErrorScreenshot\FlightPage hu\plWAWCPH98.0123.020180731_094153.jpg' height='400' width='600'/> </a><br>20180731_094153]]>
    </line>
    <line>
      <![CDATA[<a href='C:\LOTests\ErrorScreenshot\PassengersPage hu\plWAWCPH98.0123.020180731_094219.jpg'> <img src='C:\LOTests\ErrorScreenshot\PassengersPage hu\plWAWCPH98.0123.020180731_094219.jpg' height='400' width='600'/> </a><br>20180731_094219]]>
    </line>
    <line>
      <![CDATA[<a href='C:\LOTests\ErrorScreenshot\ExtraPage hu\plWAWCPH98.0123.020180731_094310.jpg'> <img src='C:\LOTests\ErrorScreenshot\ExtraPage hu\plWAWCPH98.0123.020180731_094310.jpg' height='400' width='600'/> </a><br>20180731_094310]]>
    </line>
    <line>
      <![CDATA[<a href='C:\LOTests\ErrorScreenshot\PaymentPage hu\plWAWCPH98.0123.020180731_094319.jpg'> <img src='C:\LOTests\ErrorScreenshot\PaymentPage hu\plWAWCPH98.0123.020180731_094319.jpg' height='400' width='600'/> </a><br>20180731_094319]]>
    </line>
    <line>
      <![CDATA[<a href='C:\LOTests\ErrorScreenshot\Test_BuyTicketsEU20180731_094322.jpg'> <img src='C:\LOTests\ErrorScreenshot\Test_BuyTicketsEU20180731_094322.jpg' height='400' width='600'/> </a><br>20180731_094322]]>
    </line>
    <line>
      <![CDATA[<a href='C:\LOTests\ErrorScreenshot\HomePage hu\huMUCWAW15.026.020180731_094328.jpg'> <img src='C:\LOTests\ErrorScreenshot\HomePage hu\huMUCWAW15.026.020180731_094328.jpg' height='400' width='600'/> </a><br>20180731_094328]]>
    </line>
    <line>
      <![CDATA[<a href='C:\LOTests\ErrorScreenshot\FlightPage hu\huMUCWAW15.026.020180731_094346.jpg'> <img src='C:\LOTests\ErrorScreenshot\FlightPage hu\huMUCWAW15.026.020180731_094346.jpg' height='400' width='600'/> </a><br>20180731_094346]]>
    </line>
    <line>
      <![CDATA[<a href='C:\LOTests\ErrorScreenshot\PassengersPage hu\huMUCWAW15.026.020180731_094414.jpg'> <img src='C:\LOTests\ErrorScreenshot\PassengersPage hu\huMUCWAW15.026.020180731_094414.jpg' height='400' width='600'/> </a><br>20180731_094414]]>
    </line>
    <line>
      <![CDATA[<a href='C:\LOTests\ErrorScreenshot\ExtraPage hu\huMUCWAW15.026.020180731_094506.jpg'> <img src='C:\LOTests\ErrorScreenshot\ExtraPage hu\huMUCWAW15.026.020180731_094506.jpg' height='400' width='600'/> </a><br>20180731_094506]]>
    </line>
    <line>
      <![CDATA[<a href='C:\LOTests\ErrorScreenshot\PaymentPage hu\huMUCWAW15.026.020180731_094514.jpg'> <img src='C:\LOTests\ErrorScreenshot\PaymentPage hu\huMUCWAW15.026.020180731_094514.jpg' height='400' width='600'/> </a><br>20180731_094514]]>
    </line>
    <line>
      <![CDATA[<a href='C:\LOTests\ErrorScreenshot\Test_BuyTicketsHU20180731_094517.jpg'> <img src='C:\LOTests\ErrorScreenshot\Test_BuyTicketsHU20180731_094517.jpg' height='400' width='600'/> </a><br>20180731_094517]]>
    </line>
    <line>
      <![CDATA[<a href='C:\LOTests\ErrorScreenshot\HomePage us\enLHRWAW13.023.020180731_094521.jpg'> <img src='C:\LOTests\ErrorScreenshot\HomePage us\enLHRWAW13.023.020180731_094521.jpg' height='400' width='600'/> </a><br>20180731_094521]]>
    </line>
    <line>
      <![CDATA[<a href='C:\LOTests\ErrorScreenshot\FlightPage us\enLHRWAW13.023.020180731_094533.jpg'> <img src='C:\LOTests\ErrorScreenshot\FlightPage us\enLHRWAW13.023.020180731_094533.jpg' height='400' width='600'/> </a><br>20180731_094533]]>
    </line>
    <line>
      <![CDATA[<a href='C:\LOTests\ErrorScreenshot\PassengersPage us\enLHRWAW13.023.020180731_094559.jpg'> <img src='C:\LOTests\ErrorScreenshot\PassengersPage us\enLHRWAW13.023.020180731_094559.jpg' height='400' width='600'/> </a><br>20180731_094559]]>
    </line>
    <line>
      <![CDATA[<a href='C:\LOTests\ErrorScreenshot\ExtraPage us\enLHRWAW13.023.020180731_094651.jpg'> <img src='C:\LOTests\ErrorScreenshot\ExtraPage us\enLHRWAW13.023.020180731_094651.jpg' height='400' width='600'/> </a><br>20180731_094651]]>
    </line>
    <line>
      <![CDATA[<a href='C:\LOTests\ErrorScreenshot\PaymentPage us\enLHRWAW13.023.020180731_094659.jpg'> <img src='C:\LOTests\ErrorScreenshot\PaymentPage us\enLHRWAW13.023.020180731_094659.jpg' height='400' width='600'/> </a><br>20180731_094659]]>
    </line>
    <line>
      <![CDATA[<a href='C:\LOTests\ErrorScreenshot\Test_BuyTicketsUS20180731_094702.jpg'> <img src='C:\LOTests\ErrorScreenshot\Test_BuyTicketsUS20180731_094702.jpg' height='400' width='600'/> </a><br>20180731_094702]]>
    </line>
    <line>
      <![CDATA[<a href='C:\LOTests\ErrorScreenshot\HomePage us\en\WAWJFK11.0122.020180731_094707.jpg'> <img src='C:\LOTests\ErrorScreenshot\HomePage us\en\WAWJFK11.0122.020180731_094707.jpg' height='400' width='600'/> </a><br>20180731_094707]]>
    </line>
    <line>
      <![CDATA[<a href='C:\LOTests\ErrorScreenshot\FlightPage us\en\WAWJFK11.0122.020180731_094718.jpg'> <img src='C:\LOTests\ErrorScreenshot\FlightPage us\en\WAWJFK11.0122.020180731_094718.jpg' height='400' width='600'/> </a><br>20180731_094718]]>
    </line>
    <line>
      <![CDATA[<a href='C:\LOTests\ErrorScreenshot\PassengersPage us\en\WAWJFK11.0122.020180731_094723.jpg'> <img src='C:\LOTests\ErrorScreenshot\PassengersPage us\en\WAWJFK11.0122.020180731_094723.jpg' height='400' width='600'/> </a><br>20180731_094723]]>
    </line>
    <line>
      <![CDATA[<a href='C:\LOTests\ErrorScreenshot\ExtraPage us\en\WAWJFK11.0122.020180731_094806.jpg'> <img src='C:\LOTests\ErrorScreenshot\ExtraPage us\en\WAWJFK11.0122.020180731_094806.jpg' height='400' width='600'/> </a><br>20180731_094806]]>
    </line>
    <line>
      <![CDATA[<a href='C:\LOTests\ErrorScreenshot\PaymentPage us\en\WAWJFK11.0122.020180731_094815.jpg'> <img src='C:\LOTests\ErrorScreenshot\PaymentPage us\en\WAWJFK11.0122.020180731_094815.jpg' height='400' width='600'/> </a><br>20180731_094815]]>
    </line>
    <line>
      <![CDATA[<a href='C:\LOTests\ErrorScreenshot\Test_BuyTicketsUS20180731_094818.jpg'> <img src='C:\LOTests\ErrorScreenshot\Test_BuyTicketsUS20180731_094818.jpg' height='400' width='600'/> </a><br>20180731_094818]]>
    </line>
    <line>
      <![CDATA[<a href='C:\LOTests\ErrorScreenshot\HomePage us\plJFKWAW11.056.020180731_094822.jpg'> <img src='C:\LOTests\ErrorScreenshot\HomePage us\plJFKWAW11.056.020180731_094822.jpg' height='400' width='600'/> </a><br>20180731_094822]]>
    </line>
    <line>
      <![CDATA[<a href='C:\LOTests\ErrorScreenshot\FlightPage us\plJFKWAW11.056.020180731_094836.jpg'> <img src='C:\LOTests\ErrorScreenshot\FlightPage us\plJFKWAW11.056.020180731_094836.jpg' height='400' width='600'/> </a><br>20180731_094836]]>
    </line>
    <line>
      <![CDATA[<a href='C:\LOTests\ErrorScreenshot\PassengersPage us\plJFKWAW11.056.020180731_094841.jpg'> <img src='C:\LOTests\ErrorScreenshot\PassengersPage us\plJFKWAW11.056.020180731_094841.jpg' height='400' width='600'/> </a><br>20180731_094841]]>
    </line>
    <line>
      <![CDATA[<a href='C:\LOTests\ErrorScreenshot\ExtraPage us\plJFKWAW11.056.020180731_094924.jpg'> <img src='C:\LOTests\ErrorScreenshot\ExtraPage us\plJFKWAW11.056.020180731_094924.jpg' height='400' width='600'/> </a><br>20180731_094924]]>
    </line>
    <line>
      <![CDATA[<a href='C:\LOTests\ErrorScreenshot\PaymentPage us\plJFKWAW11.056.020180731_094932.jpg'> <img src='C:\LOTests\ErrorScreenshot\PaymentPage us\plJFKWAW11.056.020180731_094932.jpg' height='400' width='600'/> </a><br>20180731_094932]]>
    </line>
    <line>
      <![CDATA[<a href='C:\LOTests\ErrorScreenshot\Test_BuyTicketsUS20180731_094935.jpg'> <img src='C:\LOTests\ErrorScreenshot\Test_BuyTicketsUS20180731_094935.jpg' height='400' width='600'/> </a><br>20180731_094935]]>
    </line>
  </reporter-output>
  <suite started-at="2018-07-31T07:28:44Z" name="Default Suite" finished-at="2018-07-31T07:49:36Z" duration-ms="1251946">
    <groups>
      <group name="BuyTickets">
        <method signature="LotBiletyAllSelectPlaces.Test_BuyTicketsEU(java.lang.String, java.lang.String, java.lang.String, org.apache.poi.xssf.usermodel.XSSFCell, org.apache.poi.xssf.usermodel.XSSFCell)[pri:0, instance:LOT.LotBiletyAllSelectPlaces@2b4bac49]" name="Test_BuyTicketsEU" class="LOT.LotBiletyAllSelectPlaces"/>
        <method signature="LotBiletyAllSelectPlaces.Test_BuyTicketsHU(java.lang.String, java.lang.String, java.lang.String, org.apache.poi.xssf.usermodel.XSSFCell, org.apache.poi.xssf.usermodel.XSSFCell)[pri:0, instance:LOT.LotBiletyAllSelectPlaces@2b4bac49]" name="Test_BuyTicketsHU" class="LOT.LotBiletyAllSelectPlaces"/>
        <method signature="LotBiletyAllSelectPlaces.Test_BuyTicketsUS(java.lang.String, java.lang.String, java.lang.String, org.apache.poi.xssf.usermodel.XSSFCell, org.apache.poi.xssf.usermodel.XSSFCell)[pri:0, instance:LOT.LotBiletyAllSelectPlaces@2b4bac49]" name="Test_BuyTicketsUS" class="LOT.LotBiletyAllSelectPlaces"/>
      </group> <!-- BuyTickets -->
    </groups>
    <test started-at="2018-07-31T07:28:44Z" name="LOTests" finished-at="2018-07-31T07:49:36Z" duration-ms="1251946">
      <class name="LOT.LotBiletyAllSelectPlaces">
        <test-method is-config="true" signature="setUp()[pri:0, instance:LOT.LotBiletyAllSelectPlaces@2b4bac49]" started-at="2018-07-31T07:28:44Z" name="setUp" finished-at="2018-07-31T07:28:48Z" duration-ms="3117" status="PASS">
          <reporter-output>
          </reporter-output>
        </test-method> <!-- setUp -->
        <test-method signature="Test_BuyTicketsEU(java.lang.String, java.lang.String, java.lang.String, org.apache.poi.xssf.usermodel.XSSFCell, org.apache.poi.xssf.usermodel.XSSFCell)[pri:0, instance:LOT.LotBiletyAllSelectPlaces@2b4bac49]" started-at="2018-07-31T07:28:48Z" name="Test_BuyTicketsEU" data-provider="dataEU" finished-at="2018-07-31T07:30:18Z" duration-ms="89595" status="PASS">
          <params>
            <param index="0">
              <value>
                <![CDATA[dk/pl]]>
              </value>
            </param>
            <param index="1">
              <value>
                <![CDATA[EWR]]>
              </value>
            </param>
            <param index="2">
              <value>
                <![CDATA[WAW]]>
              </value>
            </param>
            <param index="3">
              <value>
                <![CDATA[22.0]]>
              </value>
            </param>
            <param index="4">
              <value>
                <![CDATA[53.0]]>
              </value>
            </param>
          </params>
          <reporter-output>
            <line>
              <![CDATA[<a href='C:\LOTests\ErrorScreenshot\HomePage dk\plEWRWAW22.053.020180731_092857.jpg'> <img src='C:\LOTests\ErrorScreenshot\HomePage dk\plEWRWAW22.053.020180731_092857.jpg' height='400' width='600'/> </a><br>20180731_092857]]>
            </line>
            <line>
              <![CDATA[<a href='C:\LOTests\ErrorScreenshot\FlightPage dk\plEWRWAW22.053.020180731_092915.jpg'> <img src='C:\LOTests\ErrorScreenshot\FlightPage dk\plEWRWAW22.053.020180731_092915.jpg' height='400' width='600'/> </a><br>20180731_092915]]>
            </line>
            <line>
              <![CDATA[<a href='C:\LOTests\ErrorScreenshot\PassengersPage dk\plEWRWAW22.053.020180731_092922.jpg'> <img src='C:\LOTests\ErrorScreenshot\PassengersPage dk\plEWRWAW22.053.020180731_092922.jpg' height='400' width='600'/> </a><br>20180731_092922]]>
            </line>
            <line>
              <![CDATA[<a href='C:\LOTests\ErrorScreenshot\ExtraPage dk\plEWRWAW22.053.020180731_093006.jpg'> <img src='C:\LOTests\ErrorScreenshot\ExtraPage dk\plEWRWAW22.053.020180731_093006.jpg' height='400' width='600'/> </a><br>20180731_093006]]>
            </line>
            <line>
              <![CDATA[<a href='C:\LOTests\ErrorScreenshot\PaymentPage dk\plEWRWAW22.053.020180731_093015.jpg'> <img src='C:\LOTests\ErrorScreenshot\PaymentPage dk\plEWRWAW22.053.020180731_093015.jpg' height='400' width='600'/> </a><br>20180731_093015]]>
            </line>
            <line>
              <![CDATA[<a href='C:\LOTests\ErrorScreenshot\Test_BuyTicketsEU20180731_093018.jpg'> <img src='C:\LOTests\ErrorScreenshot\Test_BuyTicketsEU20180731_093018.jpg' height='400' width='600'/> </a><br>20180731_093018]]>
            </line>
          </reporter-output>
        </test-method> <!-- Test_BuyTicketsEU -->
        <test-method signature="Test_BuyTicketsEU(java.lang.String, java.lang.String, java.lang.String, org.apache.poi.xssf.usermodel.XSSFCell, org.apache.poi.xssf.usermodel.XSSFCell)[pri:0, instance:LOT.LotBiletyAllSelectPlaces@2b4bac49]" started-at="2018-07-31T07:30:18Z" name="Test_BuyTicketsEU" data-provider="dataEU" finished-at="2018-07-31T07:31:37Z" duration-ms="78922" status="PASS">
          <params>
            <param index="0">
              <value>
                <![CDATA[eg/en]]>
              </value>
            </param>
            <param index="1">
              <value>
                <![CDATA[LAX]]>
              </value>
            </param>
            <param index="2">
              <value>
                <![CDATA[WAW]]>
              </value>
            </param>
            <param index="3">
              <value>
                <![CDATA[258.0]]>
              </value>
            </param>
            <param index="4">
              <value>
                <![CDATA[331.0]]>
              </value>
            </param>
          </params>
          <reporter-output>
            <line>
              <![CDATA[<a href='C:\LOTests\ErrorScreenshot\HomePage eg\enLAXWAW258.0331.020180731_093023.jpg'> <img src='C:\LOTests\ErrorScreenshot\HomePage eg\enLAXWAW258.0331.020180731_093023.jpg' height='400' width='600'/> </a><br>20180731_093023]]>
            </line>
            <line>
              <![CDATA[<a href='C:\LOTests\ErrorScreenshot\FlightPage eg\enLAXWAW258.0331.020180731_093036.jpg'> <img src='C:\LOTests\ErrorScreenshot\FlightPage eg\enLAXWAW258.0331.020180731_093036.jpg' height='400' width='600'/> </a><br>20180731_093036]]>
            </line>
            <line>
              <![CDATA[<a href='C:\LOTests\ErrorScreenshot\PassengersPage eg\enLAXWAW258.0331.020180731_093041.jpg'> <img src='C:\LOTests\ErrorScreenshot\PassengersPage eg\enLAXWAW258.0331.020180731_093041.jpg' height='400' width='600'/> </a><br>20180731_093041]]>
            </line>
            <line>
              <![CDATA[<a href='C:\LOTests\ErrorScreenshot\ExtraPage eg\enLAXWAW258.0331.020180731_093125.jpg'> <img src='C:\LOTests\ErrorScreenshot\ExtraPage eg\enLAXWAW258.0331.020180731_093125.jpg' height='400' width='600'/> </a><br>20180731_093125]]>
            </line>
            <line>
              <![CDATA[<a href='C:\LOTests\ErrorScreenshot\PaymentPage eg\enLAXWAW258.0331.020180731_093134.jpg'> <img src='C:\LOTests\ErrorScreenshot\PaymentPage eg\enLAXWAW258.0331.020180731_093134.jpg' height='400' width='600'/> </a><br>20180731_093134]]>
            </line>
            <line>
              <![CDATA[<a href='C:\LOTests\ErrorScreenshot\Test_BuyTicketsEU20180731_093138.jpg'> <img src='C:\LOTests\ErrorScreenshot\Test_BuyTicketsEU20180731_093138.jpg' height='400' width='600'/> </a><br>20180731_093138]]>
            </line>
          </reporter-output>
        </test-method> <!-- Test_BuyTicketsEU -->
        <test-method signature="Test_BuyTicketsEU(java.lang.String, java.lang.String, java.lang.String, org.apache.poi.xssf.usermodel.XSSFCell, org.apache.poi.xssf.usermodel.XSSFCell)[pri:0, instance:LOT.LotBiletyAllSelectPlaces@2b4bac49]" started-at="2018-07-31T07:31:38Z" name="Test_BuyTicketsEU" data-provider="dataEU" finished-at="2018-07-31T07:33:19Z" duration-ms="101464" status="PASS">
          <params>
            <param index="0">
              <value>
                <![CDATA[eg/pl]]>
              </value>
            </param>
            <param index="1">
              <value>
                <![CDATA[KRK]]>
              </value>
            </param>
            <param index="2">
              <value>
                <![CDATA[FRA]]>
              </value>
            </param>
            <param index="3">
              <value>
                <![CDATA[92.0]]>
              </value>
            </param>
            <param index="4">
              <value>
                <![CDATA[348.0]]>
              </value>
            </param>
          </params>
          <reporter-output>
            <line>
              <![CDATA[<a href='C:\LOTests\ErrorScreenshot\HomePage eg\plKRKFRA92.0348.020180731_093142.jpg'> <img src='C:\LOTests\ErrorScreenshot\HomePage eg\plKRKFRA92.0348.020180731_093142.jpg' height='400' width='600'/> </a><br>20180731_093142]]>
            </line>
            <line>
              <![CDATA[<a href='C:\LOTests\ErrorScreenshot\FlightPage eg\plKRKFRA92.0348.020180731_093156.jpg'> <img src='C:\LOTests\ErrorScreenshot\FlightPage eg\plKRKFRA92.0348.020180731_093156.jpg' height='400' width='600'/> </a><br>20180731_093156]]>
            </line>
            <line>
              <![CDATA[<a href='C:\LOTests\ErrorScreenshot\PassengersPage eg\plKRKFRA92.0348.020180731_093222.jpg'> <img src='C:\LOTests\ErrorScreenshot\PassengersPage eg\plKRKFRA92.0348.020180731_093222.jpg' height='400' width='600'/> </a><br>20180731_093222]]>
            </line>
            <line>
              <![CDATA[<a href='C:\LOTests\ErrorScreenshot\ExtraPage eg\plKRKFRA92.0348.020180731_093306.jpg'> <img src='C:\LOTests\ErrorScreenshot\ExtraPage eg\plKRKFRA92.0348.020180731_093306.jpg' height='400' width='600'/> </a><br>20180731_093306]]>
            </line>
            <line>
              <![CDATA[<a href='C:\LOTests\ErrorScreenshot\PaymentPage eg\plKRKFRA92.0348.020180731_093316.jpg'> <img src='C:\LOTests\ErrorScreenshot\PaymentPage eg\plKRKFRA92.0348.020180731_093316.jpg' height='400' width='600'/> </a><br>20180731_093316]]>
            </line>
            <line>
              <![CDATA[<a href='C:\LOTests\ErrorScreenshot\Test_BuyTicketsEU20180731_093319.jpg'> <img src='C:\LOTests\ErrorScreenshot\Test_BuyTicketsEU20180731_093319.jpg' height='400' width='600'/> </a><br>20180731_093319]]>
            </line>
          </reporter-output>
        </test-method> <!-- Test_BuyTicketsEU -->
        <test-method signature="Test_BuyTicketsEU(java.lang.String, java.lang.String, java.lang.String, org.apache.poi.xssf.usermodel.XSSFCell, org.apache.poi.xssf.usermodel.XSSFCell)[pri:0, instance:LOT.LotBiletyAllSelectPlaces@2b4bac49]" started-at="2018-07-31T07:33:19Z" name="Test_BuyTicketsEU" data-provider="dataEU" finished-at="2018-07-31T07:35:09Z" duration-ms="110140" status="PASS">
          <params>
            <param index="0">
              <value>
                <![CDATA[ee/ru]]>
              </value>
            </param>
            <param index="1">
              <value>
                <![CDATA[TLL]]>
              </value>
            </param>
            <param index="2">
              <value>
                <![CDATA[WAW]]>
              </value>
            </param>
            <param index="3">
              <value>
                <![CDATA[68.0]]>
              </value>
            </param>
            <param index="4">
              <value>
                <![CDATA[113.0]]>
              </value>
            </param>
          </params>
          <reporter-output>
            <line>
              <![CDATA[<a href='C:\LOTests\ErrorScreenshot\HomePage ee\ruTLLWAW68.0113.020180731_093326.jpg'> <img src='C:\LOTests\ErrorScreenshot\HomePage ee\ruTLLWAW68.0113.020180731_093326.jpg' height='400' width='600'/> </a><br>20180731_093326]]>
            </line>
            <line>
              <![CDATA[<a href='C:\LOTests\ErrorScreenshot\FlightPage ee\ruTLLWAW68.0113.020180731_093339.jpg'> <img src='C:\LOTests\ErrorScreenshot\FlightPage ee\ruTLLWAW68.0113.020180731_093339.jpg' height='400' width='600'/> </a><br>20180731_093339]]>
            </line>
            <line>
              <![CDATA[<a href='C:\LOTests\ErrorScreenshot\PassengersPage ee\ruTLLWAW68.0113.020180731_093405.jpg'> <img src='C:\LOTests\ErrorScreenshot\PassengersPage ee\ruTLLWAW68.0113.020180731_093405.jpg' height='400' width='600'/> </a><br>20180731_093405]]>
            </line>
            <line>
              <![CDATA[<a href='C:\LOTests\ErrorScreenshot\ExtraPage ee\ruTLLWAW68.0113.020180731_093458.jpg'> <img src='C:\LOTests\ErrorScreenshot\ExtraPage ee\ruTLLWAW68.0113.020180731_093458.jpg' height='400' width='600'/> </a><br>20180731_093458]]>
            </line>
            <line>
              <![CDATA[<a href='C:\LOTests\ErrorScreenshot\PaymentPage ee\ruTLLWAW68.0113.020180731_093506.jpg'> <img src='C:\LOTests\ErrorScreenshot\PaymentPage ee\ruTLLWAW68.0113.020180731_093506.jpg' height='400' width='600'/> </a><br>20180731_093506]]>
            </line>
            <line>
              <![CDATA[<a href='C:\LOTests\ErrorScreenshot\Test_BuyTicketsEU20180731_093510.jpg'> <img src='C:\LOTests\ErrorScreenshot\Test_BuyTicketsEU20180731_093510.jpg' height='400' width='600'/> </a><br>20180731_093510]]>
            </line>
          </reporter-output>
        </test-method> <!-- Test_BuyTicketsEU -->
        <test-method signature="Test_BuyTicketsEU(java.lang.String, java.lang.String, java.lang.String, org.apache.poi.xssf.usermodel.XSSFCell, org.apache.poi.xssf.usermodel.XSSFCell)[pri:0, instance:LOT.LotBiletyAllSelectPlaces@2b4bac49]" started-at="2018-07-31T07:35:10Z" name="Test_BuyTicketsEU" data-provider="dataEU" finished-at="2018-07-31T07:36:55Z" duration-ms="104707" status="PASS">
          <params>
            <param index="0">
              <value>
                <![CDATA[ee/en]]>
              </value>
            </param>
            <param index="1">
              <value>
                <![CDATA[EVN]]>
              </value>
            </param>
            <param index="2">
              <value>
                <![CDATA[WAW]]>
              </value>
            </param>
            <param index="3">
              <value>
                <![CDATA[15.0]]>
              </value>
            </param>
            <param index="4">
              <value>
                <![CDATA[85.0]]>
              </value>
            </param>
          </params>
          <reporter-output>
            <line>
              <![CDATA[<a href='C:\LOTests\ErrorScreenshot\HomePage ee\enEVNWAW15.085.020180731_093518.jpg'> <img src='C:\LOTests\ErrorScreenshot\HomePage ee\enEVNWAW15.085.020180731_093518.jpg' height='400' width='600'/> </a><br>20180731_093518]]>
            </line>
            <line>
              <![CDATA[<a href='C:\LOTests\ErrorScreenshot\FlightPage ee\enEVNWAW15.085.020180731_093527.jpg'> <img src='C:\LOTests\ErrorScreenshot\FlightPage ee\enEVNWAW15.085.020180731_093527.jpg' height='400' width='600'/> </a><br>20180731_093527]]>
            </line>
            <line>
              <![CDATA[<a href='C:\LOTests\ErrorScreenshot\PassengersPage ee\enEVNWAW15.085.020180731_093552.jpg'> <img src='C:\LOTests\ErrorScreenshot\PassengersPage ee\enEVNWAW15.085.020180731_093552.jpg' height='400' width='600'/> </a><br>20180731_093552]]>
            </line>
            <line>
              <![CDATA[<a href='C:\LOTests\ErrorScreenshot\ExtraPage ee\enEVNWAW15.085.020180731_093643.jpg'> <img src='C:\LOTests\ErrorScreenshot\ExtraPage ee\enEVNWAW15.085.020180731_093643.jpg' height='400' width='600'/> </a><br>20180731_093643]]>
            </line>
            <line>
              <![CDATA[<a href='C:\LOTests\ErrorScreenshot\PaymentPage ee\enEVNWAW15.085.020180731_093651.jpg'> <img src='C:\LOTests\ErrorScreenshot\PaymentPage ee\enEVNWAW15.085.020180731_093651.jpg' height='400' width='600'/> </a><br>20180731_093651]]>
            </line>
            <line>
              <![CDATA[<a href='C:\LOTests\ErrorScreenshot\Test_BuyTicketsEU20180731_093655.jpg'> <img src='C:\LOTests\ErrorScreenshot\Test_BuyTicketsEU20180731_093655.jpg' height='400' width='600'/> </a><br>20180731_093655]]>
            </line>
          </reporter-output>
        </test-method> <!-- Test_BuyTicketsEU -->
        <test-method signature="Test_BuyTicketsEU(java.lang.String, java.lang.String, java.lang.String, org.apache.poi.xssf.usermodel.XSSFCell, org.apache.poi.xssf.usermodel.XSSFCell)[pri:0, instance:LOT.LotBiletyAllSelectPlaces@2b4bac49]" started-at="2018-07-31T07:36:55Z" name="Test_BuyTicketsEU" data-provider="dataEU" finished-at="2018-07-31T07:38:42Z" duration-ms="107143" status="PASS">
          <params>
            <param index="0">
              <value>
                <![CDATA[fi/en]]>
              </value>
            </param>
            <param index="1">
              <value>
                <![CDATA[WAW]]>
              </value>
            </param>
            <param index="2">
              <value>
                <![CDATA[LCA]]>
              </value>
            </param>
            <param index="3">
              <value>
                <![CDATA[85.0]]>
              </value>
            </param>
            <param index="4">
              <value>
                <![CDATA[152.0]]>
              </value>
            </param>
          </params>
          <reporter-output>
            <line>
              <![CDATA[<a href='C:\LOTests\ErrorScreenshot\HomePage fi\enWAWLCA85.0152.020180731_093700.jpg'> <img src='C:\LOTests\ErrorScreenshot\HomePage fi\enWAWLCA85.0152.020180731_093700.jpg' height='400' width='600'/> </a><br>20180731_093700]]>
            </line>
            <line>
              <![CDATA[<a href='C:\LOTests\ErrorScreenshot\FlightPage fi\enWAWLCA85.0152.020180731_093713.jpg'> <img src='C:\LOTests\ErrorScreenshot\FlightPage fi\enWAWLCA85.0152.020180731_093713.jpg' height='400' width='600'/> </a><br>20180731_093713]]>
            </line>
            <line>
              <![CDATA[<a href='C:\LOTests\ErrorScreenshot\PassengersPage fi\enWAWLCA85.0152.020180731_093738.jpg'> <img src='C:\LOTests\ErrorScreenshot\PassengersPage fi\enWAWLCA85.0152.020180731_093738.jpg' height='400' width='600'/> </a><br>20180731_093738]]>
            </line>
            <line>
              <![CDATA[<a href='C:\LOTests\ErrorScreenshot\ExtraPage fi\enWAWLCA85.0152.020180731_093830.jpg'> <img src='C:\LOTests\ErrorScreenshot\ExtraPage fi\enWAWLCA85.0152.020180731_093830.jpg' height='400' width='600'/> </a><br>20180731_093830]]>
            </line>
            <line>
              <![CDATA[<a href='C:\LOTests\ErrorScreenshot\PaymentPage fi\enWAWLCA85.0152.020180731_093839.jpg'> <img src='C:\LOTests\ErrorScreenshot\PaymentPage fi\enWAWLCA85.0152.020180731_093839.jpg' height='400' width='600'/> </a><br>20180731_093839]]>
            </line>
            <line>
              <![CDATA[<a href='C:\LOTests\ErrorScreenshot\Test_BuyTicketsEU20180731_093843.jpg'> <img src='C:\LOTests\ErrorScreenshot\Test_BuyTicketsEU20180731_093843.jpg' height='400' width='600'/> </a><br>20180731_093843]]>
            </line>
          </reporter-output>
        </test-method> <!-- Test_BuyTicketsEU -->
        <test-method signature="Test_BuyTicketsEU(java.lang.String, java.lang.String, java.lang.String, org.apache.poi.xssf.usermodel.XSSFCell, org.apache.poi.xssf.usermodel.XSSFCell)[pri:0, instance:LOT.LotBiletyAllSelectPlaces@2b4bac49]" started-at="2018-07-31T07:38:43Z" name="Test_BuyTicketsEU" data-provider="dataEU" finished-at="2018-07-31T07:41:03Z" duration-ms="140203" status="PASS">
          <params>
            <param index="0">
              <value>
                <![CDATA[hu/en]]>
              </value>
            </param>
            <param index="1">
              <value>
                <![CDATA[WAW]]>
              </value>
            </param>
            <param index="2">
              <value>
                <![CDATA[MUC]]>
              </value>
            </param>
            <param index="3">
              <value>
                <![CDATA[152.0]]>
              </value>
            </param>
            <param index="4">
              <value>
                <![CDATA[162.0]]>
              </value>
            </param>
          </params>
          <reporter-output>
            <line>
              <![CDATA[<a href='C:\LOTests\ErrorScreenshot\HomePage hu\enWAWMUC152.0162.020180731_093848.jpg'> <img src='C:\LOTests\ErrorScreenshot\HomePage hu\enWAWMUC152.0162.020180731_093848.jpg' height='400' width='600'/> </a><br>20180731_093848]]>
            </line>
            <line>
              <![CDATA[<a href='C:\LOTests\ErrorScreenshot\FlightPage hu\enWAWMUC152.0162.020180731_093933.jpg'> <img src='C:\LOTests\ErrorScreenshot\FlightPage hu\enWAWMUC152.0162.020180731_093933.jpg' height='400' width='600'/> </a><br>20180731_093933]]>
            </line>
            <line>
              <![CDATA[<a href='C:\LOTests\ErrorScreenshot\PassengersPage hu\enWAWMUC152.0162.020180731_093959.jpg'> <img src='C:\LOTests\ErrorScreenshot\PassengersPage hu\enWAWMUC152.0162.020180731_093959.jpg' height='400' width='600'/> </a><br>20180731_093959]]>
            </line>
            <line>
              <![CDATA[<a href='C:\LOTests\ErrorScreenshot\ExtraPage hu\enWAWMUC152.0162.020180731_094051.jpg'> <img src='C:\LOTests\ErrorScreenshot\ExtraPage hu\enWAWMUC152.0162.020180731_094051.jpg' height='400' width='600'/> </a><br>20180731_094051]]>
            </line>
            <line>
              <![CDATA[<a href='C:\LOTests\ErrorScreenshot\PaymentPage hu\enWAWMUC152.0162.020180731_094100.jpg'> <img src='C:\LOTests\ErrorScreenshot\PaymentPage hu\enWAWMUC152.0162.020180731_094100.jpg' height='400' width='600'/> </a><br>20180731_094100]]>
            </line>
            <line>
              <![CDATA[<a href='C:\LOTests\ErrorScreenshot\Test_BuyTicketsEU20180731_094103.jpg'> <img src='C:\LOTests\ErrorScreenshot\Test_BuyTicketsEU20180731_094103.jpg' height='400' width='600'/> </a><br>20180731_094103]]>
            </line>
          </reporter-output>
        </test-method> <!-- Test_BuyTicketsEU -->
        <test-method signature="Test_BuyTicketsEU(java.lang.String, java.lang.String, java.lang.String, org.apache.poi.xssf.usermodel.XSSFCell, org.apache.poi.xssf.usermodel.XSSFCell)[pri:0, instance:LOT.LotBiletyAllSelectPlaces@2b4bac49]" started-at="2018-07-31T07:41:03Z" name="Test_BuyTicketsEU" data-provider="dataEU" finished-at="2018-07-31T07:43:22Z" duration-ms="138847" status="PASS">
          <params>
            <param index="0">
              <value>
                <![CDATA[hu/pl]]>
              </value>
            </param>
            <param index="1">
              <value>
                <![CDATA[WAW]]>
              </value>
            </param>
            <param index="2">
              <value>
                <![CDATA[CPH]]>
              </value>
            </param>
            <param index="3">
              <value>
                <![CDATA[98.0]]>
              </value>
            </param>
            <param index="4">
              <value>
                <![CDATA[123.0]]>
              </value>
            </param>
          </params>
          <reporter-output>
            <line>
              <![CDATA[<a href='C:\LOTests\ErrorScreenshot\HomePage hu\plWAWCPH98.0123.020180731_094110.jpg'> <img src='C:\LOTests\ErrorScreenshot\HomePage hu\plWAWCPH98.0123.020180731_094110.jpg' height='400' width='600'/> </a><br>20180731_094110]]>
            </line>
            <line>
              <![CDATA[<a href='C:\LOTests\ErrorScreenshot\FlightPage hu\plWAWCPH98.0123.020180731_094153.jpg'> <img src='C:\LOTests\ErrorScreenshot\FlightPage hu\plWAWCPH98.0123.020180731_094153.jpg' height='400' width='600'/> </a><br>20180731_094153]]>
            </line>
            <line>
              <![CDATA[<a href='C:\LOTests\ErrorScreenshot\PassengersPage hu\plWAWCPH98.0123.020180731_094219.jpg'> <img src='C:\LOTests\ErrorScreenshot\PassengersPage hu\plWAWCPH98.0123.020180731_094219.jpg' height='400' width='600'/> </a><br>20180731_094219]]>
            </line>
            <line>
              <![CDATA[<a href='C:\LOTests\ErrorScreenshot\ExtraPage hu\plWAWCPH98.0123.020180731_094310.jpg'> <img src='C:\LOTests\ErrorScreenshot\ExtraPage hu\plWAWCPH98.0123.020180731_094310.jpg' height='400' width='600'/> </a><br>20180731_094310]]>
            </line>
            <line>
              <![CDATA[<a href='C:\LOTests\ErrorScreenshot\PaymentPage hu\plWAWCPH98.0123.020180731_094319.jpg'> <img src='C:\LOTests\ErrorScreenshot\PaymentPage hu\plWAWCPH98.0123.020180731_094319.jpg' height='400' width='600'/> </a><br>20180731_094319]]>
            </line>
            <line>
              <![CDATA[<a href='C:\LOTests\ErrorScreenshot\Test_BuyTicketsEU20180731_094322.jpg'> <img src='C:\LOTests\ErrorScreenshot\Test_BuyTicketsEU20180731_094322.jpg' height='400' width='600'/> </a><br>20180731_094322]]>
            </line>
          </reporter-output>
        </test-method> <!-- Test_BuyTicketsEU -->
        <test-method signature="Test_BuyTicketsHU(java.lang.String, java.lang.String, java.lang.String, org.apache.poi.xssf.usermodel.XSSFCell, org.apache.poi.xssf.usermodel.XSSFCell)[pri:0, instance:LOT.LotBiletyAllSelectPlaces@2b4bac49]" started-at="2018-07-31T07:43:22Z" name="Test_BuyTicketsHU" data-provider="dataHU" finished-at="2018-07-31T07:45:17Z" duration-ms="114282" status="PASS">
          <params>
            <param index="0">
              <value>
                <![CDATA[hu/hu]]>
              </value>
            </param>
            <param index="1">
              <value>
                <![CDATA[MUC]]>
              </value>
            </param>
            <param index="2">
              <value>
                <![CDATA[WAW]]>
              </value>
            </param>
            <param index="3">
              <value>
                <![CDATA[15.0]]>
              </value>
            </param>
            <param index="4">
              <value>
                <![CDATA[26.0]]>
              </value>
            </param>
          </params>
          <reporter-output>
            <line>
              <![CDATA[<a href='C:\LOTests\ErrorScreenshot\HomePage hu\huMUCWAW15.026.020180731_094328.jpg'> <img src='C:\LOTests\ErrorScreenshot\HomePage hu\huMUCWAW15.026.020180731_094328.jpg' height='400' width='600'/> </a><br>20180731_094328]]>
            </line>
            <line>
              <![CDATA[<a href='C:\LOTests\ErrorScreenshot\FlightPage hu\huMUCWAW15.026.020180731_094346.jpg'> <img src='C:\LOTests\ErrorScreenshot\FlightPage hu\huMUCWAW15.026.020180731_094346.jpg' height='400' width='600'/> </a><br>20180731_094346]]>
            </line>
            <line>
              <![CDATA[<a href='C:\LOTests\ErrorScreenshot\PassengersPage hu\huMUCWAW15.026.020180731_094414.jpg'> <img src='C:\LOTests\ErrorScreenshot\PassengersPage hu\huMUCWAW15.026.020180731_094414.jpg' height='400' width='600'/> </a><br>20180731_094414]]>
            </line>
            <line>
              <![CDATA[<a href='C:\LOTests\ErrorScreenshot\ExtraPage hu\huMUCWAW15.026.020180731_094506.jpg'> <img src='C:\LOTests\ErrorScreenshot\ExtraPage hu\huMUCWAW15.026.020180731_094506.jpg' height='400' width='600'/> </a><br>20180731_094506]]>
            </line>
            <line>
              <![CDATA[<a href='C:\LOTests\ErrorScreenshot\PaymentPage hu\huMUCWAW15.026.020180731_094514.jpg'> <img src='C:\LOTests\ErrorScreenshot\PaymentPage hu\huMUCWAW15.026.020180731_094514.jpg' height='400' width='600'/> </a><br>20180731_094514]]>
            </line>
            <line>
              <![CDATA[<a href='C:\LOTests\ErrorScreenshot\Test_BuyTicketsHU20180731_094517.jpg'> <img src='C:\LOTests\ErrorScreenshot\Test_BuyTicketsHU20180731_094517.jpg' height='400' width='600'/> </a><br>20180731_094517]]>
            </line>
          </reporter-output>
        </test-method> <!-- Test_BuyTicketsHU -->
        <test-method signature="Test_BuyTicketsUS(java.lang.String, java.lang.String, java.lang.String, org.apache.poi.xssf.usermodel.XSSFCell, org.apache.poi.xssf.usermodel.XSSFCell)[pri:0, instance:LOT.LotBiletyAllSelectPlaces@2b4bac49]" started-at="2018-07-31T07:45:17Z" name="Test_BuyTicketsUS" data-provider="dataUS" finished-at="2018-07-31T07:47:02Z" duration-ms="104873" status="PASS">
          <params>
            <param index="0">
              <value>
                <![CDATA[us/en]]>
              </value>
            </param>
            <param index="1">
              <value>
                <![CDATA[LHR]]>
              </value>
            </param>
            <param index="2">
              <value>
                <![CDATA[WAW]]>
              </value>
            </param>
            <param index="3">
              <value>
                <![CDATA[13.0]]>
              </value>
            </param>
            <param index="4">
              <value>
                <![CDATA[23.0]]>
              </value>
            </param>
          </params>
          <reporter-output>
            <line>
              <![CDATA[<a href='C:\LOTests\ErrorScreenshot\HomePage us\enLHRWAW13.023.020180731_094521.jpg'> <img src='C:\LOTests\ErrorScreenshot\HomePage us\enLHRWAW13.023.020180731_094521.jpg' height='400' width='600'/> </a><br>20180731_094521]]>
            </line>
            <line>
              <![CDATA[<a href='C:\LOTests\ErrorScreenshot\FlightPage us\enLHRWAW13.023.020180731_094533.jpg'> <img src='C:\LOTests\ErrorScreenshot\FlightPage us\enLHRWAW13.023.020180731_094533.jpg' height='400' width='600'/> </a><br>20180731_094533]]>
            </line>
            <line>
              <![CDATA[<a href='C:\LOTests\ErrorScreenshot\PassengersPage us\enLHRWAW13.023.020180731_094559.jpg'> <img src='C:\LOTests\ErrorScreenshot\PassengersPage us\enLHRWAW13.023.020180731_094559.jpg' height='400' width='600'/> </a><br>20180731_094559]]>
            </line>
            <line>
              <![CDATA[<a href='C:\LOTests\ErrorScreenshot\ExtraPage us\enLHRWAW13.023.020180731_094651.jpg'> <img src='C:\LOTests\ErrorScreenshot\ExtraPage us\enLHRWAW13.023.020180731_094651.jpg' height='400' width='600'/> </a><br>20180731_094651]]>
            </line>
            <line>
              <![CDATA[<a href='C:\LOTests\ErrorScreenshot\PaymentPage us\enLHRWAW13.023.020180731_094659.jpg'> <img src='C:\LOTests\ErrorScreenshot\PaymentPage us\enLHRWAW13.023.020180731_094659.jpg' height='400' width='600'/> </a><br>20180731_094659]]>
            </line>
            <line>
              <![CDATA[<a href='C:\LOTests\ErrorScreenshot\Test_BuyTicketsUS20180731_094702.jpg'> <img src='C:\LOTests\ErrorScreenshot\Test_BuyTicketsUS20180731_094702.jpg' height='400' width='600'/> </a><br>20180731_094702]]>
            </line>
          </reporter-output>
        </test-method> <!-- Test_BuyTicketsUS -->
        <test-method signature="Test_BuyTicketsUS(java.lang.String, java.lang.String, java.lang.String, org.apache.poi.xssf.usermodel.XSSFCell, org.apache.poi.xssf.usermodel.XSSFCell)[pri:0, instance:LOT.LotBiletyAllSelectPlaces@2b4bac49]" started-at="2018-07-31T07:47:02Z" name="Test_BuyTicketsUS" data-provider="dataUS" finished-at="2018-07-31T07:48:17Z" duration-ms="75013" status="PASS">
          <params>
            <param index="0">
              <value>
                <![CDATA[us/en/]]>
              </value>
            </param>
            <param index="1">
              <value>
                <![CDATA[WAW]]>
              </value>
            </param>
            <param index="2">
              <value>
                <![CDATA[JFK]]>
              </value>
            </param>
            <param index="3">
              <value>
                <![CDATA[11.0]]>
              </value>
            </param>
            <param index="4">
              <value>
                <![CDATA[122.0]]>
              </value>
            </param>
          </params>
          <reporter-output>
            <line>
              <![CDATA[<a href='C:\LOTests\ErrorScreenshot\HomePage us\en\WAWJFK11.0122.020180731_094707.jpg'> <img src='C:\LOTests\ErrorScreenshot\HomePage us\en\WAWJFK11.0122.020180731_094707.jpg' height='400' width='600'/> </a><br>20180731_094707]]>
            </line>
            <line>
              <![CDATA[<a href='C:\LOTests\ErrorScreenshot\FlightPage us\en\WAWJFK11.0122.020180731_094718.jpg'> <img src='C:\LOTests\ErrorScreenshot\FlightPage us\en\WAWJFK11.0122.020180731_094718.jpg' height='400' width='600'/> </a><br>20180731_094718]]>
            </line>
            <line>
              <![CDATA[<a href='C:\LOTests\ErrorScreenshot\PassengersPage us\en\WAWJFK11.0122.020180731_094723.jpg'> <img src='C:\LOTests\ErrorScreenshot\PassengersPage us\en\WAWJFK11.0122.020180731_094723.jpg' height='400' width='600'/> </a><br>20180731_094723]]>
            </line>
            <line>
              <![CDATA[<a href='C:\LOTests\ErrorScreenshot\ExtraPage us\en\WAWJFK11.0122.020180731_094806.jpg'> <img src='C:\LOTests\ErrorScreenshot\ExtraPage us\en\WAWJFK11.0122.020180731_094806.jpg' height='400' width='600'/> </a><br>20180731_094806]]>
            </line>
            <line>
              <![CDATA[<a href='C:\LOTests\ErrorScreenshot\PaymentPage us\en\WAWJFK11.0122.020180731_094815.jpg'> <img src='C:\LOTests\ErrorScreenshot\PaymentPage us\en\WAWJFK11.0122.020180731_094815.jpg' height='400' width='600'/> </a><br>20180731_094815]]>
            </line>
            <line>
              <![CDATA[<a href='C:\LOTests\ErrorScreenshot\Test_BuyTicketsUS20180731_094818.jpg'> <img src='C:\LOTests\ErrorScreenshot\Test_BuyTicketsUS20180731_094818.jpg' height='400' width='600'/> </a><br>20180731_094818]]>
            </line>
          </reporter-output>
        </test-method> <!-- Test_BuyTicketsUS -->
        <test-method signature="Test_BuyTicketsUS(java.lang.String, java.lang.String, java.lang.String, org.apache.poi.xssf.usermodel.XSSFCell, org.apache.poi.xssf.usermodel.XSSFCell)[pri:0, instance:LOT.LotBiletyAllSelectPlaces@2b4bac49]" started-at="2018-07-31T07:48:18Z" name="Test_BuyTicketsUS" data-provider="dataUS" finished-at="2018-07-31T07:49:35Z" duration-ms="76920" status="PASS">
          <params>
            <param index="0">
              <value>
                <![CDATA[us/pl]]>
              </value>
            </param>
            <param index="1">
              <value>
                <![CDATA[JFK]]>
              </value>
            </param>
            <param index="2">
              <value>
                <![CDATA[WAW]]>
              </value>
            </param>
            <param index="3">
              <value>
                <![CDATA[11.0]]>
              </value>
            </param>
            <param index="4">
              <value>
                <![CDATA[56.0]]>
              </value>
            </param>
          </params>
          <reporter-output>
            <line>
              <![CDATA[<a href='C:\LOTests\ErrorScreenshot\HomePage us\plJFKWAW11.056.020180731_094822.jpg'> <img src='C:\LOTests\ErrorScreenshot\HomePage us\plJFKWAW11.056.020180731_094822.jpg' height='400' width='600'/> </a><br>20180731_094822]]>
            </line>
            <line>
              <![CDATA[<a href='C:\LOTests\ErrorScreenshot\FlightPage us\plJFKWAW11.056.020180731_094836.jpg'> <img src='C:\LOTests\ErrorScreenshot\FlightPage us\plJFKWAW11.056.020180731_094836.jpg' height='400' width='600'/> </a><br>20180731_094836]]>
            </line>
            <line>
              <![CDATA[<a href='C:\LOTests\ErrorScreenshot\PassengersPage us\plJFKWAW11.056.020180731_094841.jpg'> <img src='C:\LOTests\ErrorScreenshot\PassengersPage us\plJFKWAW11.056.020180731_094841.jpg' height='400' width='600'/> </a><br>20180731_094841]]>
            </line>
            <line>
              <![CDATA[<a href='C:\LOTests\ErrorScreenshot\ExtraPage us\plJFKWAW11.056.020180731_094924.jpg'> <img src='C:\LOTests\ErrorScreenshot\ExtraPage us\plJFKWAW11.056.020180731_094924.jpg' height='400' width='600'/> </a><br>20180731_094924]]>
            </line>
            <line>
              <![CDATA[<a href='C:\LOTests\ErrorScreenshot\PaymentPage us\plJFKWAW11.056.020180731_094932.jpg'> <img src='C:\LOTests\ErrorScreenshot\PaymentPage us\plJFKWAW11.056.020180731_094932.jpg' height='400' width='600'/> </a><br>20180731_094932]]>
            </line>
            <line>
              <![CDATA[<a href='C:\LOTests\ErrorScreenshot\Test_BuyTicketsUS20180731_094935.jpg'> <img src='C:\LOTests\ErrorScreenshot\Test_BuyTicketsUS20180731_094935.jpg' height='400' width='600'/> </a><br>20180731_094935]]>
            </line>
          </reporter-output>
        </test-method> <!-- Test_BuyTicketsUS -->
        <test-method is-config="true" signature="tearDown2()[pri:0, instance:LOT.LotBiletyAllSelectPlaces@2b4bac49]" started-at="2018-07-31T07:49:35Z" name="tearDown2" finished-at="2018-07-31T07:49:35Z" duration-ms="0" status="PASS">
          <reporter-output>
          </reporter-output>
        </test-method> <!-- tearDown2 -->
        <test-method is-config="true" signature="tearDown1()[pri:0, instance:LOT.LotBiletyAllSelectPlaces@2b4bac49]" started-at="2018-07-31T07:49:35Z" name="tearDown1" finished-at="2018-07-31T07:49:36Z" duration-ms="1252" status="PASS">
          <reporter-output>
          </reporter-output>
        </test-method> <!-- tearDown1 -->
      </class> <!-- LOT.LotBiletyAllSelectPlaces -->
    </test> <!-- LOTests -->
  </suite> <!-- Default Suite -->
</testng-results>
