<?xml version="1.0" encoding="UTF-8"?>
<testng-results ignored="7" total="8" passed="1" failed="0" skipped="0">
  <reporter-output>
    <line>
      <![CDATA[<a href='C:\LOTests\ErrorScreenshot\HomePage dk\plEWRWAW22.053.020180726_131926.jpg'> <img src='C:\LOTests\ErrorScreenshot\HomePage dk\plEWRWAW22.053.020180726_131926.jpg' height='400' width='600'/> </a><br>20180726_131926]]>
    </line>
    <line>
      <![CDATA[<a href='C:\LOTests\ErrorScreenshot\FlightPage dk\plEWRWAW22.053.020180726_131939.jpg'> <img src='C:\LOTests\ErrorScreenshot\FlightPage dk\plEWRWAW22.053.020180726_131939.jpg' height='400' width='600'/> </a><br>20180726_131939]]>
    </line>
    <line>
      <![CDATA[<a href='C:\LOTests\ErrorScreenshot\PassengersPage dk\plEWRWAW22.053.020180726_131945.jpg'> <img src='C:\LOTests\ErrorScreenshot\PassengersPage dk\plEWRWAW22.053.020180726_131945.jpg' height='400' width='600'/> </a><br>20180726_131945]]>
    </line>
    <line>
      <![CDATA[<a href='C:\LOTests\ErrorScreenshot\ExtraPage dk\plEWRWAW22.053.020180726_132012.jpg'> <img src='C:\LOTests\ErrorScreenshot\ExtraPage dk\plEWRWAW22.053.020180726_132012.jpg' height='400' width='600'/> </a><br>20180726_132012]]>
    </line>
    <line>
      <![CDATA[<a href='C:\LOTests\ErrorScreenshot\PaymentPage dk\plEWRWAW22.053.020180726_132017.jpg'> <img src='C:\LOTests\ErrorScreenshot\PaymentPage dk\plEWRWAW22.053.020180726_132017.jpg' height='400' width='600'/> </a><br>20180726_132017]]>
    </line>
    <line>
      <![CDATA[<a href='C:\LOTests\ErrorScreenshot\Test_BuyTickets2adults1child20180726_132020.jpg'> <img src='C:\LOTests\ErrorScreenshot\Test_BuyTickets2adults1child20180726_132020.jpg' height='400' width='600'/> </a><br>20180726_132020]]>
    </line>
  </reporter-output>
  <suite started-at="2018-07-26T11:19:16Z" name="Default Suite" finished-at="2018-07-26T11:20:21Z" duration-ms="64189">
    <groups>
      <group name="BuyTickets">
        <method signature="LotMultiTickets.Test_BuyTickets2adults1child(java.lang.String, java.lang.String, java.lang.String, org.apache.poi.xssf.usermodel.XSSFCell, org.apache.poi.xssf.usermodel.XSSFCell)[pri:0, instance:LOT.LotMultiTickets@60015ef5]" name="Test_BuyTickets2adults1child" class="LOT.LotMultiTickets"/>
      </group> <!-- BuyTickets -->
    </groups>
    <test started-at="2018-07-26T11:19:16Z" name="LOTests" finished-at="2018-07-26T11:20:21Z" duration-ms="64189">
      <class name="LOT.LotMultiTickets">
        <test-method is-config="true" signature="setUp()[pri:0, instance:LOT.LotMultiTickets@60015ef5]" started-at="2018-07-26T11:19:16Z" name="setUp" finished-at="2018-07-26T11:19:19Z" duration-ms="2519" status="PASS">
          <reporter-output>
          </reporter-output>
        </test-method> <!-- setUp -->
        <test-method signature="Test_BuyTickets2adults1child(java.lang.String, java.lang.String, java.lang.String, org.apache.poi.xssf.usermodel.XSSFCell, org.apache.poi.xssf.usermodel.XSSFCell)[pri:0, instance:LOT.LotMultiTickets@60015ef5]" started-at="2018-07-26T11:19:20Z" name="Test_BuyTickets2adults1child" data-provider="dataEU" finished-at="2018-07-26T11:20:20Z" duration-ms="60094" status="PASS">
          <params>
            <param index="0">
              <value>
                <![CDATA[dk/pl]]>
              </value>
            </param>
            <param index="1">
              <value>
                <![CDATA[EWR]]>
              </value>
            </param>
            <param index="2">
              <value>
                <![CDATA[WAW]]>
              </value>
            </param>
            <param index="3">
              <value>
                <![CDATA[22.0]]>
              </value>
            </param>
            <param index="4">
              <value>
                <![CDATA[53.0]]>
              </value>
            </param>
          </params>
          <reporter-output>
            <line>
              <![CDATA[<a href='C:\LOTests\ErrorScreenshot\HomePage dk\plEWRWAW22.053.020180726_131926.jpg'> <img src='C:\LOTests\ErrorScreenshot\HomePage dk\plEWRWAW22.053.020180726_131926.jpg' height='400' width='600'/> </a><br>20180726_131926]]>
            </line>
            <line>
              <![CDATA[<a href='C:\LOTests\ErrorScreenshot\FlightPage dk\plEWRWAW22.053.020180726_131939.jpg'> <img src='C:\LOTests\ErrorScreenshot\FlightPage dk\plEWRWAW22.053.020180726_131939.jpg' height='400' width='600'/> </a><br>20180726_131939]]>
            </line>
            <line>
              <![CDATA[<a href='C:\LOTests\ErrorScreenshot\PassengersPage dk\plEWRWAW22.053.020180726_131945.jpg'> <img src='C:\LOTests\ErrorScreenshot\PassengersPage dk\plEWRWAW22.053.020180726_131945.jpg' height='400' width='600'/> </a><br>20180726_131945]]>
            </line>
            <line>
              <![CDATA[<a href='C:\LOTests\ErrorScreenshot\ExtraPage dk\plEWRWAW22.053.020180726_132012.jpg'> <img src='C:\LOTests\ErrorScreenshot\ExtraPage dk\plEWRWAW22.053.020180726_132012.jpg' height='400' width='600'/> </a><br>20180726_132012]]>
            </line>
            <line>
              <![CDATA[<a href='C:\LOTests\ErrorScreenshot\PaymentPage dk\plEWRWAW22.053.020180726_132017.jpg'> <img src='C:\LOTests\ErrorScreenshot\PaymentPage dk\plEWRWAW22.053.020180726_132017.jpg' height='400' width='600'/> </a><br>20180726_132017]]>
            </line>
            <line>
              <![CDATA[<a href='C:\LOTests\ErrorScreenshot\Test_BuyTickets2adults1child20180726_132020.jpg'> <img src='C:\LOTests\ErrorScreenshot\Test_BuyTickets2adults1child20180726_132020.jpg' height='400' width='600'/> </a><br>20180726_132020]]>
            </line>
          </reporter-output>
        </test-method> <!-- Test_BuyTickets2adults1child -->
        <test-method is-config="true" signature="tearDown2()[pri:0, instance:LOT.LotMultiTickets@60015ef5]" started-at="2018-07-26T11:20:20Z" name="tearDown2" finished-at="2018-07-26T11:20:21Z" duration-ms="329" status="PASS">
          <reporter-output>
          </reporter-output>
        </test-method> <!-- tearDown2 -->
      </class> <!-- LOT.LotMultiTickets -->
    </test> <!-- LOTests -->
  </suite> <!-- Default Suite -->
</testng-results>
