<?xml version="1.0" encoding="UTF-8"?>
<testng-results ignored="1" total="2" passed="1" failed="0" skipped="0">
  <reporter-output>
  </reporter-output>
  <suite started-at="2018-04-11T14:40:20Z" name="Default Suite" finished-at="2018-04-11T14:41:12Z" duration-ms="52273">
    <groups>
      <group name="p1">
        <method signature="Booking.Test_From_WAW_TO_JFK_prices()[pri:0, instance:PRE2LOT.Booking@4470f8a6]" name="Test_From_WAW_TO_JFK_prices" class="PRE2LOT.Booking"/>
      </group> <!-- p1 -->
    </groups>
    <test started-at="2018-04-11T14:40:20Z" name="LOTests" finished-at="2018-04-11T14:41:12Z" duration-ms="52273">
      <class name="PRE2LOT.Booking">
        <test-method is-config="true" signature="setUp()[pri:0, instance:PRE2LOT.Booking@4470f8a6]" started-at="2018-04-11T14:40:20Z" name="setUp" finished-at="2018-04-11T14:40:45Z" duration-ms="24677" status="PASS">
          <reporter-output>
          </reporter-output>
        </test-method> <!-- setUp -->
        <test-method signature="Test_From_WAW_TO_JFK_prices()[pri:0, instance:PRE2LOT.Booking@4470f8a6]" started-at="2018-04-11T14:40:45Z" name="Test_From_WAW_TO_JFK_prices" finished-at="2018-04-11T14:41:12Z" duration-ms="27578" status="PASS">
          <reporter-output>
          </reporter-output>
        </test-method> <!-- Test_From_WAW_TO_JFK_prices -->
        <test-method is-config="true" signature="tearDown()[pri:0, instance:PRE2LOT.Booking@4470f8a6]" started-at="2018-04-11T14:41:12Z" name="tearDown" finished-at="2018-04-11T14:41:12Z" duration-ms="1" status="PASS">
          <reporter-output>
          </reporter-output>
        </test-method> <!-- tearDown -->
      </class> <!-- PRE2LOT.Booking -->
    </test> <!-- LOTests -->
  </suite> <!-- Default Suite -->
</testng-results>
