<?xml version="1.0" encoding="UTF-8"?>
<testng-results ignored="0" total="1" passed="1" failed="0" skipped="0">
  <reporter-output>
  </reporter-output>
  <suite started-at="2018-03-01T15:30:46Z" name="Default Suite" finished-at="2018-03-01T15:31:01Z" duration-ms="14656">
    <groups>
    </groups>
    <test started-at="2018-03-01T15:30:46Z" name="LOTests" finished-at="2018-03-01T15:31:01Z" duration-ms="14656">
      <class name="Test.Linkedin">
        <test-method is-config="true" signature="setUp()[pri:0, instance:Test.Linkedin@5f058f00]" started-at="2018-03-01T16:30:46Z" name="setUp" finished-at="2018-03-01T16:30:49Z" duration-ms="3063" status="PASS">
          <reporter-output>
          </reporter-output>
        </test-method> <!-- setUp -->
        <test-method signature="testLot()[pri:0, instance:Test.Linkedin@5f058f00]" started-at="2018-03-01T16:30:49Z" name="testLot" finished-at="2018-03-01T16:31:01Z" duration-ms="11562" status="PASS">
          <reporter-output>
          </reporter-output>
        </test-method> <!-- testLot -->
        <test-method is-config="true" signature="tearDown()[pri:0, instance:Test.Linkedin@5f058f00]" started-at="2018-03-01T16:31:01Z" name="tearDown" finished-at="2018-03-01T16:31:01Z" duration-ms="2" status="PASS">
          <reporter-output>
          </reporter-output>
        </test-method> <!-- tearDown -->
      </class> <!-- Test.Linkedin -->
    </test> <!-- LOTests -->
  </suite> <!-- Default Suite -->
</testng-results>
