<?xml version="1.0" encoding="UTF-8"?>
<testng-results ignored="0" total="2" passed="2" failed="0" skipped="0">
  <reporter-output>
    <line>
      <![CDATA[<a href='C:\LOTests\ErrorScreenshot\HomePagePRE2 WAWKRK20180917_154838.jpg'> <img src='C:\LOTests\ErrorScreenshot\HomePagePRE2 WAWKRK20180917_154838.jpg' height='400' width='600'/> </a><br>20180917_154838]]>
    </line>
    <line>
      <![CDATA[<a href='C:\LOTests\ErrorScreenshot\FlightPagePRE2 WAWKRK20180917_154900.jpg'> <img src='C:\LOTests\ErrorScreenshot\FlightPagePRE2 WAWKRK20180917_154900.jpg' height='400' width='600'/> </a><br>20180917_154900]]>
    </line>
    <line>
      <![CDATA[<a href='C:\LOTests\ErrorScreenshot\Test_Pr2ShortEU20180917_154900.jpg'> <img src='C:\LOTests\ErrorScreenshot\Test_Pr2ShortEU20180917_154900.jpg' height='400' width='600'/> </a><br>20180917_154900]]>
    </line>
    <line>
      <![CDATA[<a href='C:\LOTests\ErrorScreenshot\HomePagePRE2 WAWKRK20180917_154904.jpg'> <img src='C:\LOTests\ErrorScreenshot\HomePagePRE2 WAWKRK20180917_154904.jpg' height='400' width='600'/> </a><br>20180917_154904]]>
    </line>
    <line>
      <![CDATA[<a href='C:\LOTests\ErrorScreenshot\FlightPagePRE2 WAWKRK20180917_154926.jpg'> <img src='C:\LOTests\ErrorScreenshot\FlightPagePRE2 WAWKRK20180917_154926.jpg' height='400' width='600'/> </a><br>20180917_154926]]>
    </line>
    <line>
      <![CDATA[<a href='C:\LOTests\ErrorScreenshot\Test_Pr2ShortEU20180917_154926.jpg'> <img src='C:\LOTests\ErrorScreenshot\Test_Pr2ShortEU20180917_154926.jpg' height='400' width='600'/> </a><br>20180917_154926]]>
    </line>
  </reporter-output>
  <suite started-at="2018-09-17T13:48:29Z" name="Default Suite" finished-at="2018-09-17T13:49:27Z" duration-ms="57649">
    <groups>
      <group name="BuyTickets">
        <method signature="PRE2Short.Test_Pr2ShortEU(java.lang.String, java.lang.String)[pri:0, instance:PRE2LOT.PRE2Short@55f616cf]" name="Test_Pr2ShortEU" class="PRE2LOT.PRE2Short"/>
      </group> <!-- BuyTickets -->
    </groups>
    <test started-at="2018-09-17T13:48:29Z" name="LOTests" finished-at="2018-09-17T13:49:27Z" duration-ms="57649">
      <class name="PRE2LOT.PRE2Short">
        <test-method is-config="true" signature="setUp()[pri:0, instance:PRE2LOT.PRE2Short@55f616cf]" started-at="2018-09-17T13:48:29Z" name="setUp" finished-at="2018-09-17T13:48:33Z" duration-ms="3281" status="PASS">
          <reporter-output>
          </reporter-output>
        </test-method> <!-- setUp -->
        <test-method signature="Test_Pr2ShortEU(java.lang.String, java.lang.String)[pri:0, instance:PRE2LOT.PRE2Short@55f616cf]" started-at="2018-09-17T13:48:33Z" name="Test_Pr2ShortEU" data-provider="dataEU" finished-at="2018-09-17T13:49:00Z" duration-ms="26739" status="PASS">
          <params>
            <param index="0">
              <value>
                <![CDATA[WAW]]>
              </value>
            </param>
            <param index="1">
              <value>
                <![CDATA[KRK]]>
              </value>
            </param>
          </params>
          <reporter-output>
            <line>
              <![CDATA[<a href='C:\LOTests\ErrorScreenshot\HomePagePRE2 WAWKRK20180917_154838.jpg'> <img src='C:\LOTests\ErrorScreenshot\HomePagePRE2 WAWKRK20180917_154838.jpg' height='400' width='600'/> </a><br>20180917_154838]]>
            </line>
            <line>
              <![CDATA[<a href='C:\LOTests\ErrorScreenshot\FlightPagePRE2 WAWKRK20180917_154900.jpg'> <img src='C:\LOTests\ErrorScreenshot\FlightPagePRE2 WAWKRK20180917_154900.jpg' height='400' width='600'/> </a><br>20180917_154900]]>
            </line>
            <line>
              <![CDATA[<a href='C:\LOTests\ErrorScreenshot\Test_Pr2ShortEU20180917_154900.jpg'> <img src='C:\LOTests\ErrorScreenshot\Test_Pr2ShortEU20180917_154900.jpg' height='400' width='600'/> </a><br>20180917_154900]]>
            </line>
          </reporter-output>
        </test-method> <!-- Test_Pr2ShortEU -->
        <test-method signature="Test_Pr2ShortEU(java.lang.String, java.lang.String)[pri:0, instance:PRE2LOT.PRE2Short@55f616cf]" started-at="2018-09-17T13:49:00Z" name="Test_Pr2ShortEU" data-provider="dataEU" finished-at="2018-09-17T13:49:26Z" duration-ms="25256" status="PASS">
          <params>
            <param index="0">
              <value>
                <![CDATA[WAW]]>
              </value>
            </param>
            <param index="1">
              <value>
                <![CDATA[KRK]]>
              </value>
            </param>
          </params>
          <reporter-output>
            <line>
              <![CDATA[<a href='C:\LOTests\ErrorScreenshot\HomePagePRE2 WAWKRK20180917_154904.jpg'> <img src='C:\LOTests\ErrorScreenshot\HomePagePRE2 WAWKRK20180917_154904.jpg' height='400' width='600'/> </a><br>20180917_154904]]>
            </line>
            <line>
              <![CDATA[<a href='C:\LOTests\ErrorScreenshot\FlightPagePRE2 WAWKRK20180917_154926.jpg'> <img src='C:\LOTests\ErrorScreenshot\FlightPagePRE2 WAWKRK20180917_154926.jpg' height='400' width='600'/> </a><br>20180917_154926]]>
            </line>
            <line>
              <![CDATA[<a href='C:\LOTests\ErrorScreenshot\Test_Pr2ShortEU20180917_154926.jpg'> <img src='C:\LOTests\ErrorScreenshot\Test_Pr2ShortEU20180917_154926.jpg' height='400' width='600'/> </a><br>20180917_154926]]>
            </line>
          </reporter-output>
        </test-method> <!-- Test_Pr2ShortEU -->
        <test-method is-config="true" signature="tearDown2()[pri:0, instance:PRE2LOT.PRE2Short@55f616cf]" started-at="2018-09-17T13:49:26Z" name="tearDown2" finished-at="2018-09-17T13:49:26Z" duration-ms="1" status="PASS">
          <reporter-output>
          </reporter-output>
        </test-method> <!-- tearDown2 -->
        <test-method is-config="true" signature="tearDown1()[pri:0, instance:PRE2LOT.PRE2Short@55f616cf]" started-at="2018-09-17T13:49:26Z" name="tearDown1" finished-at="2018-09-17T13:49:27Z" duration-ms="976" status="PASS">
          <reporter-output>
          </reporter-output>
        </test-method> <!-- tearDown1 -->
      </class> <!-- PRE2LOT.PRE2Short -->
    </test> <!-- LOTests -->
  </suite> <!-- Default Suite -->
</testng-results>
