<?xml version="1.0" encoding="UTF-8"?>
<testng-results ignored="0" total="1" passed="1" failed="0" skipped="0">
  <reporter-output>
  </reporter-output>
  <suite started-at="2018-03-07T14:02:06Z" name="Pozdro Dla Ekipy IT:)" finished-at="2018-03-07T14:03:13Z" duration-ms="67426">
    <groups>
      <group name="p1">
        <method signature="LotBilety.testLot()[pri:0, instance:LOT.LotBilety@2f7298b]" name="testLot" class="LOT.LotBilety"/>
      </group> <!-- p1 -->
    </groups>
    <test started-at="2018-03-07T14:02:06Z" name="LOTests" finished-at="2018-03-07T14:03:13Z" duration-ms="67426">
      <class name="LOT.LotBilety">
        <test-method is-config="true" signature="setUp()[pri:0, instance:LOT.LotBilety@2f7298b]" started-at="2018-03-07T15:02:06Z" name="setUp" finished-at="2018-03-07T15:02:08Z" duration-ms="2332" status="PASS">
          <reporter-output>
          </reporter-output>
        </test-method> <!-- setUp -->
        <test-method signature="testLot()[pri:0, instance:LOT.LotBilety@2f7298b]" started-at="2018-03-07T15:02:08Z" name="testLot" finished-at="2018-03-07T15:03:12Z" duration-ms="63890" status="PASS">
          <reporter-output>
          </reporter-output>
        </test-method> <!-- testLot -->
        <test-method is-config="true" signature="tearDown()[pri:0, instance:LOT.LotBilety@2f7298b]" started-at="2018-03-07T15:03:12Z" name="tearDown" finished-at="2018-03-07T15:03:13Z" duration-ms="1185" status="PASS">
          <reporter-output>
          </reporter-output>
        </test-method> <!-- tearDown -->
      </class> <!-- LOT.LotBilety -->
    </test> <!-- LOTests -->
  </suite> <!-- Pozdro Dla Ekipy IT:) -->
</testng-results>
