<?xml version="1.0" encoding="UTF-8"?>
<testng-results ignored="7" total="8" passed="1" failed="0" skipped="0">
  <reporter-output>
    <line>
      <![CDATA[<a href='C:\LOTests\ErrorScreenshot\LuggageComplaintDEDE20180821_170715.jpg'> <img src='C:\LOTests\ErrorScreenshot\LuggageComplaintDEDE20180821_170715.jpg' height='400' width='600'/> </a><br>20180821_170715]]>
    </line>
  </reporter-output>
  <suite started-at="2018-08-21T15:06:55Z" name="Default Suite" finished-at="2018-08-21T15:07:16Z" duration-ms="21211">
    <groups>
      <group name="Complaint">
        <method signature="LotLuggageComplaint.LuggageComplaintDEDE()[pri:0, instance:LOT.LotLuggageComplaint@68567e20]" name="LuggageComplaintDEDE" class="LOT.LotLuggageComplaint"/>
      </group> <!-- Complaint -->
    </groups>
    <test started-at="2018-08-21T15:06:55Z" name="LOTests" finished-at="2018-08-21T15:07:16Z" duration-ms="21211">
      <class name="LOT.LotLuggageComplaint">
        <test-method is-config="true" signature="setUp()[pri:0, instance:LOT.LotLuggageComplaint@68567e20]" started-at="2018-08-21T15:06:55Z" name="setUp" finished-at="2018-08-21T15:06:58Z" duration-ms="2745" status="PASS">
          <reporter-output>
          </reporter-output>
        </test-method> <!-- setUp -->
        <test-method signature="LuggageComplaintDEDE()[pri:0, instance:LOT.LotLuggageComplaint@68567e20]" started-at="2018-08-21T15:06:58Z" name="LuggageComplaintDEDE" finished-at="2018-08-21T15:07:13Z" duration-ms="15177" status="PASS">
          <reporter-output>
            <line>
              <![CDATA[<a href='C:\LOTests\ErrorScreenshot\LuggageComplaintDEDE20180821_170715.jpg'> <img src='C:\LOTests\ErrorScreenshot\LuggageComplaintDEDE20180821_170715.jpg' height='400' width='600'/> </a><br>20180821_170715]]>
            </line>
          </reporter-output>
        </test-method> <!-- LuggageComplaintDEDE -->
        <test-method is-config="true" signature="tearDown()[pri:0, instance:LOT.LotLuggageComplaint@68567e20]" started-at="2018-08-21T15:07:15Z" name="tearDown" finished-at="2018-08-21T15:07:16Z" duration-ms="1658" status="PASS">
          <reporter-output>
          </reporter-output>
        </test-method> <!-- tearDown -->
      </class> <!-- LOT.LotLuggageComplaint -->
    </test> <!-- LOTests -->
  </suite> <!-- Default Suite -->
</testng-results>
