<?xml version="1.0" encoding="UTF-8"?>
<testng-results ignored="0" total="1" passed="1" failed="0" skipped="0">
  <reporter-output>
    <line>
      <![CDATA[<a href='C:\LOTests\ErrorScreenshot\HomePagePRE2 pl\plWAWAMS13.020.020180927_140846.jpg'> <img src='C:\LOTests\ErrorScreenshot\HomePagePRE2 pl\plWAWAMS13.020.020180927_140846.jpg' height='400' width='600'/> </a><br>20180927_140846]]>
    </line>
    <line>
      <![CDATA[<a href='C:\LOTests\ErrorScreenshot\Test_BuyTicketsEU20180927_140930.jpg'> <img src='C:\LOTests\ErrorScreenshot\Test_BuyTicketsEU20180927_140930.jpg' height='400' width='600'/> </a><br>20180927_140930]]>
    </line>
  </reporter-output>
  <suite started-at="2018-09-27T12:08:25Z" name="Default Suite" finished-at="2018-09-27T12:09:31Z" duration-ms="66536">
    <groups>
      <group name="BuyTickets">
        <method signature="TimeCount.Test_BuyTicketsEU(java.lang.String, java.lang.String, java.lang.String, org.apache.poi.xssf.usermodel.XSSFCell, org.apache.poi.xssf.usermodel.XSSFCell)[pri:0, instance:LOT.TimeCount@6497b078]" name="Test_BuyTicketsEU" class="LOT.TimeCount"/>
      </group> <!-- BuyTickets -->
    </groups>
    <test started-at="2018-09-27T12:08:25Z" name="LOTests" finished-at="2018-09-27T12:09:31Z" duration-ms="66536">
      <class name="LOT.TimeCount">
        <test-method is-config="true" signature="setUp()[pri:0, instance:LOT.TimeCount@6497b078]" started-at="2018-09-27T12:08:25Z" name="setUp" finished-at="2018-09-27T12:08:28Z" duration-ms="3117" status="PASS">
          <reporter-output>
          </reporter-output>
        </test-method> <!-- setUp -->
        <test-method signature="Test_BuyTicketsEU(java.lang.String, java.lang.String, java.lang.String, org.apache.poi.xssf.usermodel.XSSFCell, org.apache.poi.xssf.usermodel.XSSFCell)[pri:0, instance:LOT.TimeCount@6497b078]" started-at="2018-09-27T12:08:29Z" name="Test_BuyTicketsEU" data-provider="data" finished-at="2018-09-27T12:09:30Z" duration-ms="60965" status="PASS">
          <params>
            <param index="0">
              <value>
                <![CDATA[pl/pl]]>
              </value>
            </param>
            <param index="1">
              <value>
                <![CDATA[WAW]]>
              </value>
            </param>
            <param index="2">
              <value>
                <![CDATA[AMS]]>
              </value>
            </param>
            <param index="3">
              <value>
                <![CDATA[13.0]]>
              </value>
            </param>
            <param index="4">
              <value>
                <![CDATA[20.0]]>
              </value>
            </param>
          </params>
          <reporter-output>
            <line>
              <![CDATA[<a href='C:\LOTests\ErrorScreenshot\HomePagePRE2 pl\plWAWAMS13.020.020180927_140846.jpg'> <img src='C:\LOTests\ErrorScreenshot\HomePagePRE2 pl\plWAWAMS13.020.020180927_140846.jpg' height='400' width='600'/> </a><br>20180927_140846]]>
            </line>
            <line>
              <![CDATA[<a href='C:\LOTests\ErrorScreenshot\Test_BuyTicketsEU20180927_140930.jpg'> <img src='C:\LOTests\ErrorScreenshot\Test_BuyTicketsEU20180927_140930.jpg' height='400' width='600'/> </a><br>20180927_140930]]>
            </line>
          </reporter-output>
        </test-method> <!-- Test_BuyTicketsEU -->
        <test-method is-config="true" signature="tearDown1()[pri:0, instance:LOT.TimeCount@6497b078]" started-at="2018-09-27T12:09:30Z" name="tearDown1" finished-at="2018-09-27T12:09:31Z" duration-ms="1216" status="PASS">
          <reporter-output>
          </reporter-output>
        </test-method> <!-- tearDown1 -->
      </class> <!-- LOT.TimeCount -->
    </test> <!-- LOTests -->
  </suite> <!-- Default Suite -->
</testng-results>
