<?xml version="1.0" encoding="UTF-8"?>
<testng-results ignored="0" total="1" passed="1" failed="0" skipped="0">
  <reporter-output>
  </reporter-output>
  <suite started-at="2018-11-05T13:49:32Z" name="Default Suite" finished-at="2018-11-05T13:49:43Z" duration-ms="11802">
    <groups>
    </groups>
    <test started-at="2018-11-05T13:49:32Z" name="QC" finished-at="2018-11-05T13:49:43Z" duration-ms="11802">
      <class name="tests.CouponFollow">
        <test-method is-config="true" signature="setUp()[pri:0, instance:tests.CouponFollow@36d585c]" started-at="2018-11-05T13:49:32Z" name="setUp" finished-at="2018-11-05T13:49:34Z" duration-ms="2831" status="PASS">
          <reporter-output>
          </reporter-output>
        </test-method> <!-- setUp -->
        <test-method signature="Couponfollow_TEST()[pri:0, instance:tests.CouponFollow@36d585c]" started-at="2018-11-05T13:49:34Z" name="Couponfollow_TEST" finished-at="2018-11-05T13:49:43Z" duration-ms="8958" status="PASS">
          <reporter-output>
          </reporter-output>
        </test-method> <!-- Couponfollow_TEST -->
        <test-method is-config="true" signature="tearDown1()[pri:0, instance:tests.CouponFollow@36d585c]" started-at="2018-11-05T13:49:43Z" name="tearDown1" finished-at="2018-11-05T13:49:43Z" duration-ms="1" status="PASS">
          <reporter-output>
          </reporter-output>
        </test-method> <!-- tearDown1 -->
      </class> <!-- tests.CouponFollow -->
    </test> <!-- QC -->
  </suite> <!-- Default Suite -->
</testng-results>
