<?xml version="1.0" encoding="UTF-8"?>
<testng-results ignored="0" total="2" passed="2" failed="0" skipped="0">
  <reporter-output>
  </reporter-output>
  <suite started-at="2018-09-13T14:44:19Z" name="Default Suite" finished-at="2018-09-13T14:45:12Z" duration-ms="52957">
    <groups>
      <group name="BuyTickets">
        <method signature="PRE2Short.Test_Pr2ShortEU(java.lang.String, java.lang.String)[pri:0, instance:PRE2LOT.PRE2Short@671a5887]" name="Test_Pr2ShortEU" class="PRE2LOT.PRE2Short"/>
      </group> <!-- BuyTickets -->
    </groups>
    <test started-at="2018-09-13T14:44:19Z" name="LOTests" finished-at="2018-09-13T14:45:12Z" duration-ms="52957">
      <class name="PRE2LOT.PRE2Short">
        <test-method is-config="true" signature="setUp()[pri:0, instance:PRE2LOT.PRE2Short@671a5887]" started-at="2018-09-13T14:44:19Z" name="setUp" finished-at="2018-09-13T14:44:22Z" duration-ms="2659" status="PASS">
          <reporter-output>
          </reporter-output>
        </test-method> <!-- setUp -->
        <test-method signature="Test_Pr2ShortEU(java.lang.String, java.lang.String)[pri:0, instance:PRE2LOT.PRE2Short@671a5887]" started-at="2018-09-13T14:44:23Z" name="Test_Pr2ShortEU" data-provider="dataEU" finished-at="2018-09-13T14:44:51Z" duration-ms="28573" status="PASS">
          <params>
            <param index="0">
              <value>
                <![CDATA[WAW]]>
              </value>
            </param>
            <param index="1">
              <value>
                <![CDATA[KRK]]>
              </value>
            </param>
          </params>
          <reporter-output>
          </reporter-output>
        </test-method> <!-- Test_Pr2ShortEU -->
        <test-method signature="Test_Pr2ShortEU(java.lang.String, java.lang.String)[pri:0, instance:PRE2LOT.PRE2Short@671a5887]" started-at="2018-09-13T14:44:51Z" name="Test_Pr2ShortEU" data-provider="dataEU" finished-at="2018-09-13T14:45:11Z" duration-ms="20006" status="PASS">
          <params>
            <param index="0">
              <value>
                <![CDATA[WAW]]>
              </value>
            </param>
            <param index="1">
              <value>
                <![CDATA[KRK]]>
              </value>
            </param>
          </params>
          <reporter-output>
          </reporter-output>
        </test-method> <!-- Test_Pr2ShortEU -->
        <test-method is-config="true" signature="tearDown1()[pri:0, instance:PRE2LOT.PRE2Short@671a5887]" started-at="2018-09-13T14:45:11Z" name="tearDown1" finished-at="2018-09-13T14:45:12Z" duration-ms="953" status="PASS">
          <reporter-output>
          </reporter-output>
        </test-method> <!-- tearDown1 -->
      </class> <!-- PRE2LOT.PRE2Short -->
    </test> <!-- LOTests -->
  </suite> <!-- Default Suite -->
</testng-results>
