<?xml version="1.0" encoding="UTF-8"?>
<testng-results ignored="0" total="1" passed="1" failed="0" skipped="0">
  <reporter-output>
    <line>
      <![CDATA[<a href='C:\LOTests\ErrorScreenshot\Test_BuyTickets20180806_165800.jpg'> <img src='C:\LOTests\ErrorScreenshot\Test_BuyTickets20180806_165800.jpg' height='400' width='600'/> </a><br>20180806_165800]]>
    </line>
  </reporter-output>
  <suite started-at="2018-08-06T14:57:47Z" name="Default Suite" finished-at="2018-08-06T14:58:00Z" duration-ms="13763">
    <groups>
      <group name="MMB">
        <method signature="LotMMB.Test_BuyTickets(java.lang.String, java.lang.String)[pri:0, instance:LOT.LotMMB@394a2528]" name="Test_BuyTickets" class="LOT.LotMMB"/>
      </group> <!-- MMB -->
    </groups>
    <test started-at="2018-08-06T14:57:47Z" name="LOTests" finished-at="2018-08-06T14:58:00Z" duration-ms="13763">
      <class name="LOT.LotMMB">
        <test-method is-config="true" signature="setUp()[pri:0, instance:LOT.LotMMB@394a2528]" started-at="2018-08-06T14:57:47Z" name="setUp" finished-at="2018-08-06T14:57:49Z" duration-ms="2415" status="PASS">
          <reporter-output>
          </reporter-output>
        </test-method> <!-- setUp -->
        <test-method signature="Test_BuyTickets(java.lang.String, java.lang.String)[pri:0, instance:LOT.LotMMB@394a2528]" started-at="2018-08-06T14:57:50Z" name="Test_BuyTickets" data-provider="data" finished-at="2018-08-06T14:58:00Z" duration-ms="9885" status="PASS">
          <params>
            <param index="0">
              <value>
                <![CDATA[test]]>
              </value>
            </param>
            <param index="1">
              <value>
                <![CDATA[SYB3P6]]>
              </value>
            </param>
          </params>
          <reporter-output>
            <line>
              <![CDATA[<a href='C:\LOTests\ErrorScreenshot\Test_BuyTickets20180806_165800.jpg'> <img src='C:\LOTests\ErrorScreenshot\Test_BuyTickets20180806_165800.jpg' height='400' width='600'/> </a><br>20180806_165800]]>
            </line>
          </reporter-output>
        </test-method> <!-- Test_BuyTickets -->
        <test-method is-config="true" signature="tearDown()[pri:0, instance:LOT.LotMMB@394a2528]" started-at="2018-08-06T14:58:00Z" name="tearDown" finished-at="2018-08-06T14:58:00Z" duration-ms="0" status="PASS">
          <reporter-output>
          </reporter-output>
        </test-method> <!-- tearDown -->
      </class> <!-- LOT.LotMMB -->
    </test> <!-- LOTests -->
  </suite> <!-- Default Suite -->
</testng-results>
