<?xml version="1.0" encoding="UTF-8"?>
<testng-results ignored="0" total="3" passed="2" failed="1" skipped="0">
  <reporter-output>
    <line>
      <![CDATA[<a href='C:\Users\30001236\IdeaProjects\LOTests\ErrorScreenshot\HomePage fr\fr\WAWJFK20.030.020180530_145729.jpg'> <img src='C:\Users\30001236\IdeaProjects\LOTests\ErrorScreenshot\HomePage fr\fr\WAWJFK20.030.020180530_145729.jpg' height='1080' width='1920'/> </a><br>20180530_145729]]>
    </line>
    <line>
      <![CDATA[<a href='C:\Users\30001236\IdeaProjects\LOTests\ErrorScreenshot\Test_BuyTickets20180530_145745.jpg'> <img src='C:\Users\30001236\IdeaProjects\LOTests\ErrorScreenshot\Test_BuyTickets20180530_145745.jpg' height='1080' width='1920'/> </a><br>20180530_145745]]>
    </line>
    <line>
      <![CDATA[<a href='C:\Users\30001236\IdeaProjects\LOTests\ErrorScreenshot\HomePage pl\pl\WAWJFK11.022.020180530_145751.jpg'> <img src='C:\Users\30001236\IdeaProjects\LOTests\ErrorScreenshot\HomePage pl\pl\WAWJFK11.022.020180530_145751.jpg' height='1080' width='1920'/> </a><br>20180530_145751]]>
    </line>
    <line>
      <![CDATA[<a href='C:\Users\30001236\IdeaProjects\LOTests\ErrorScreenshot\Test_BuyTickets20180530_145825.jpg'> <img src='C:\Users\30001236\IdeaProjects\LOTests\ErrorScreenshot\Test_BuyTickets20180530_145825.jpg' height='1080' width='1920'/> </a><br>20180530_145825]]>
    </line>
    <line>
      <![CDATA[<a href='C:\Users\30001236\IdeaProjects\LOTests\ErrorScreenshot\HomePage es\es\WAWJFK11.022.020180530_145830.jpg'> <img src='C:\Users\30001236\IdeaProjects\LOTests\ErrorScreenshot\HomePage es\es\WAWJFK11.022.020180530_145830.jpg' height='1080' width='1920'/> </a><br>20180530_145830]]>
    </line>
    <line>
      <![CDATA[<a href='C:\Users\30001236\IdeaProjects\LOTests\ErrorScreenshot\Test_BuyTickets20180530_145914.jpg'> <img src='C:\Users\30001236\IdeaProjects\LOTests\ErrorScreenshot\Test_BuyTickets20180530_145914.jpg' height='1080' width='1920'/> </a><br>20180530_145914]]>
    </line>
  </reporter-output>
  <suite started-at="2018-05-30T12:57:21Z" name="Default Suite" finished-at="2018-05-30T12:59:15Z" duration-ms="114484">
    <groups>
      <group name="BuyTickets">
        <method signature="LotBiletyEU.Test_BuyTickets(java.lang.String, java.lang.String, java.lang.String, org.apache.poi.xssf.usermodel.XSSFCell, org.apache.poi.xssf.usermodel.XSSFCell)[pri:0, instance:LOT.LotBiletyEU@609db43b]" name="Test_BuyTickets" class="LOT.LotBiletyEU"/>
      </group> <!-- BuyTickets -->
    </groups>
    <test started-at="2018-05-30T12:57:21Z" name="LOTests" finished-at="2018-05-30T12:59:15Z" duration-ms="114484">
      <class name="LOT.LotBiletyEU">
        <test-method is-config="true" signature="setUp()[pri:0, instance:LOT.LotBiletyEU@609db43b]" started-at="2018-05-30T12:57:21Z" name="setUp" finished-at="2018-05-30T12:57:24Z" duration-ms="2741" status="PASS">
          <reporter-output>
          </reporter-output>
        </test-method> <!-- setUp -->
        <test-method signature="Test_BuyTickets(java.lang.String, java.lang.String, java.lang.String, org.apache.poi.xssf.usermodel.XSSFCell, org.apache.poi.xssf.usermodel.XSSFCell)[pri:0, instance:LOT.LotBiletyEU@609db43b]" started-at="2018-05-30T12:57:24Z" name="Test_BuyTickets" data-provider="data" finished-at="2018-05-30T12:57:45Z" duration-ms="20592" status="FAIL">
          <params>
            <param index="0">
              <value>
                <![CDATA[fr/fr/]]>
              </value>
            </param>
            <param index="1">
              <value>
                <![CDATA[WAW]]>
              </value>
            </param>
            <param index="2">
              <value>
                <![CDATA[JFK]]>
              </value>
            </param>
            <param index="3">
              <value>
                <![CDATA[20.0]]>
              </value>
            </param>
            <param index="4">
              <value>
                <![CDATA[30.0]]>
              </value>
            </param>
          </params>
          <exception class="org.openqa.selenium.WebDriverException">
            <message>
              <![CDATA[unknown error: Element <div class="row-group jsOfferSection" id="_availabilityportlet_WAR_lotairwaysportlet_offerIda-2-EUPINKTAN-2">...</div> is not clickable at point (506, 360). Other element would receive the click: <div class="modal-backdrop fade in"></div>
  (Session info: chrome=66.0.3359.181)
  (Driver info: chromedriver=2.36.540470 (e522d04694c7ebea4ba8821272dbef4f9b818c91),platform=Windows NT 6.1.7601 SP1 x86_64) (WARNING: The server did not provide any stacktrace information)
Command duration or timeout: 0 milliseconds
Build info: version: '3.9.1', revision: '63f7b50', time: '2018-02-07T22:42:22.379Z'
System info: host: 'N-5CG7492PHQ', ip: '10.23.72.173', os.name: 'Windows 7', os.arch: 'amd64', os.version: '6.1', java.version: '9.0.4'
Driver info: org.openqa.selenium.chrome.ChromeDriver
Capabilities {acceptInsecureCerts: false, acceptSslCerts: false, applicationCacheEnabled: false, browserConnectionEnabled: false, browserName: chrome, chrome: {chromedriverVersion: 2.36.540470 (e522d04694c7eb..., userDataDir: C:\Users\30001236\AppData\L...}, cssSelectorsEnabled: true, databaseEnabled: false, handlesAlerts: true, hasTouchScreen: false, javascriptEnabled: true, locationContextEnabled: true, mobileEmulationEnabled: false, nativeEvents: true, networkConnectionEnabled: false, pageLoadStrategy: normal, platform: XP, platformName: XP, rotatable: false, setWindowRect: true, takesHeapSnapshot: true, takesScreenshot: true, unexpectedAlertBehaviour: , unhandledPromptBehavior: , version: 66.0.3359.181, webStorageEnabled: true}
Session ID: fa866407acd7bf0415a8c3b9a5c6c876]]>
            </message>
            <full-stacktrace>
              <![CDATA[org.openqa.selenium.WebDriverException: unknown error: Element <div class="row-group jsOfferSection" id="_availabilityportlet_WAR_lotairwaysportlet_offerIda-2-EUPINKTAN-2">...</div> is not clickable at point (506, 360). Other element would receive the click: <div class="modal-backdrop fade in"></div>
  (Session info: chrome=66.0.3359.181)
  (Driver info: chromedriver=2.36.540470 (e522d04694c7ebea4ba8821272dbef4f9b818c91),platform=Windows NT 6.1.7601 SP1 x86_64) (WARNING: The server did not provide any stacktrace information)
Command duration or timeout: 0 milliseconds
Build info: version: '3.9.1', revision: '63f7b50', time: '2018-02-07T22:42:22.379Z'
System info: host: 'N-5CG7492PHQ', ip: '10.23.72.173', os.name: 'Windows 7', os.arch: 'amd64', os.version: '6.1', java.version: '9.0.4'
Driver info: org.openqa.selenium.chrome.ChromeDriver
Capabilities {acceptInsecureCerts: false, acceptSslCerts: false, applicationCacheEnabled: false, browserConnectionEnabled: false, browserName: chrome, chrome: {chromedriverVersion: 2.36.540470 (e522d04694c7eb..., userDataDir: C:\Users\30001236\AppData\L...}, cssSelectorsEnabled: true, databaseEnabled: false, handlesAlerts: true, hasTouchScreen: false, javascriptEnabled: true, locationContextEnabled: true, mobileEmulationEnabled: false, nativeEvents: true, networkConnectionEnabled: false, pageLoadStrategy: normal, platform: XP, platformName: XP, rotatable: false, setWindowRect: true, takesHeapSnapshot: true, takesScreenshot: true, unexpectedAlertBehaviour: , unhandledPromptBehavior: , version: 66.0.3359.181, webStorageEnabled: true}
Session ID: fa866407acd7bf0415a8c3b9a5c6c876
at java.base/jdk.internal.reflect.NativeConstructorAccessorImpl.newInstance0(Native Method)
at java.base/jdk.internal.reflect.NativeConstructorAccessorImpl.newInstance(NativeConstructorAccessorImpl.java:62)
at java.base/jdk.internal.reflect.DelegatingConstructorAccessorImpl.newInstance(DelegatingConstructorAccessorImpl.java:45)
at java.base/java.lang.reflect.Constructor.newInstance(Constructor.java:488)
at org.openqa.selenium.remote.ErrorHandler.createThrowable(ErrorHandler.java:214)
at org.openqa.selenium.remote.ErrorHandler.throwIfResponseFailed(ErrorHandler.java:166)
at org.openqa.selenium.remote.http.JsonHttpResponseCodec.reconstructValue(JsonHttpResponseCodec.java:40)
at org.openqa.selenium.remote.http.AbstractHttpResponseCodec.decode(AbstractHttpResponseCodec.java:80)
at org.openqa.selenium.remote.http.AbstractHttpResponseCodec.decode(AbstractHttpResponseCodec.java:44)
at org.openqa.selenium.remote.HttpCommandExecutor.execute(HttpCommandExecutor.java:160)
at org.openqa.selenium.remote.service.DriverCommandExecutor.execute(DriverCommandExecutor.java:83)
at org.openqa.selenium.remote.RemoteWebDriver.execute(RemoteWebDriver.java:601)
at org.openqa.selenium.remote.RemoteWebElement.execute(RemoteWebElement.java:279)
at org.openqa.selenium.remote.RemoteWebElement.click(RemoteWebElement.java:83)
at java.base/jdk.internal.reflect.NativeMethodAccessorImpl.invoke0(Native Method)
at java.base/jdk.internal.reflect.NativeMethodAccessorImpl.invoke(NativeMethodAccessorImpl.java:62)
at java.base/jdk.internal.reflect.DelegatingMethodAccessorImpl.invoke(DelegatingMethodAccessorImpl.java:43)
at java.base/java.lang.reflect.Method.invoke(Method.java:564)
at org.openqa.selenium.support.pagefactory.internal.LocatingElementHandler.invoke(LocatingElementHandler.java:51)
at com.sun.proxy.$Proxy12.click(Unknown Source)
at LOT.LotBiletyEU.Test_BuyTickets(LotBiletyEU.java:134)
at java.base/jdk.internal.reflect.NativeMethodAccessorImpl.invoke0(Native Method)
at java.base/jdk.internal.reflect.NativeMethodAccessorImpl.invoke(NativeMethodAccessorImpl.java:62)
at java.base/jdk.internal.reflect.DelegatingMethodAccessorImpl.invoke(DelegatingMethodAccessorImpl.java:43)
at java.base/java.lang.reflect.Method.invoke(Method.java:564)
at org.testng.internal.MethodInvocationHelper.invokeMethod(MethodInvocationHelper.java:124)
at org.testng.internal.Invoker.invokeMethod(Invoker.java:580)
at org.testng.internal.Invoker.invokeTestMethod(Invoker.java:716)
at org.testng.internal.Invoker.invokeTestMethods(Invoker.java:988)
at org.testng.internal.TestMethodWorker.invokeTestMethods(TestMethodWorker.java:125)
at org.testng.internal.TestMethodWorker.run(TestMethodWorker.java:109)
at org.testng.TestRunner.privateRun(TestRunner.java:648)
at org.testng.TestRunner.run(TestRunner.java:505)
at org.testng.SuiteRunner.runTest(SuiteRunner.java:455)
at org.testng.SuiteRunner.runSequentially(SuiteRunner.java:450)
at org.testng.SuiteRunner.privateRun(SuiteRunner.java:415)
at org.testng.SuiteRunner.run(SuiteRunner.java:364)
at org.testng.SuiteRunnerWorker.runSuite(SuiteRunnerWorker.java:52)
at org.testng.SuiteRunnerWorker.run(SuiteRunnerWorker.java:84)
at org.testng.TestNG.runSuitesSequentially(TestNG.java:1208)
at org.testng.TestNG.runSuitesLocally(TestNG.java:1137)
at org.testng.TestNG.runSuites(TestNG.java:1049)
at org.testng.TestNG.run(TestNG.java:1017)
at org.testng.IDEARemoteTestNG.run(IDEARemoteTestNG.java:72)
at org.testng.RemoteTestNGStarter.main(RemoteTestNGStarter.java:123)
]]>
            </full-stacktrace>
          </exception> <!-- org.openqa.selenium.WebDriverException -->
          <reporter-output>
            <line>
              <![CDATA[<a href='C:\Users\30001236\IdeaProjects\LOTests\ErrorScreenshot\HomePage fr\fr\WAWJFK20.030.020180530_145729.jpg'> <img src='C:\Users\30001236\IdeaProjects\LOTests\ErrorScreenshot\HomePage fr\fr\WAWJFK20.030.020180530_145729.jpg' height='1080' width='1920'/> </a><br>20180530_145729]]>
            </line>
            <line>
              <![CDATA[<a href='C:\Users\30001236\IdeaProjects\LOTests\ErrorScreenshot\Test_BuyTickets20180530_145745.jpg'> <img src='C:\Users\30001236\IdeaProjects\LOTests\ErrorScreenshot\Test_BuyTickets20180530_145745.jpg' height='1080' width='1920'/> </a><br>20180530_145745]]>
            </line>
          </reporter-output>
        </test-method> <!-- Test_BuyTickets -->
        <test-method signature="Test_BuyTickets(java.lang.String, java.lang.String, java.lang.String, org.apache.poi.xssf.usermodel.XSSFCell, org.apache.poi.xssf.usermodel.XSSFCell)[pri:0, instance:LOT.LotBiletyEU@609db43b]" started-at="2018-05-30T12:57:45Z" name="Test_BuyTickets" data-provider="data" finished-at="2018-05-30T12:58:24Z" duration-ms="38941" status="PASS">
          <params>
            <param index="0">
              <value>
                <![CDATA[pl/pl/]]>
              </value>
            </param>
            <param index="1">
              <value>
                <![CDATA[WAW]]>
              </value>
            </param>
            <param index="2">
              <value>
                <![CDATA[JFK]]>
              </value>
            </param>
            <param index="3">
              <value>
                <![CDATA[11.0]]>
              </value>
            </param>
            <param index="4">
              <value>
                <![CDATA[22.0]]>
              </value>
            </param>
          </params>
          <reporter-output>
            <line>
              <![CDATA[<a href='C:\Users\30001236\IdeaProjects\LOTests\ErrorScreenshot\HomePage pl\pl\WAWJFK11.022.020180530_145751.jpg'> <img src='C:\Users\30001236\IdeaProjects\LOTests\ErrorScreenshot\HomePage pl\pl\WAWJFK11.022.020180530_145751.jpg' height='1080' width='1920'/> </a><br>20180530_145751]]>
            </line>
            <line>
              <![CDATA[<a href='C:\Users\30001236\IdeaProjects\LOTests\ErrorScreenshot\Test_BuyTickets20180530_145825.jpg'> <img src='C:\Users\30001236\IdeaProjects\LOTests\ErrorScreenshot\Test_BuyTickets20180530_145825.jpg' height='1080' width='1920'/> </a><br>20180530_145825]]>
            </line>
          </reporter-output>
        </test-method> <!-- Test_BuyTickets -->
        <test-method signature="Test_BuyTickets(java.lang.String, java.lang.String, java.lang.String, org.apache.poi.xssf.usermodel.XSSFCell, org.apache.poi.xssf.usermodel.XSSFCell)[pri:0, instance:LOT.LotBiletyEU@609db43b]" started-at="2018-05-30T12:58:25Z" name="Test_BuyTickets" data-provider="data" finished-at="2018-05-30T12:59:14Z" duration-ms="48988" status="PASS">
          <params>
            <param index="0">
              <value>
                <![CDATA[es/es/]]>
              </value>
            </param>
            <param index="1">
              <value>
                <![CDATA[WAW]]>
              </value>
            </param>
            <param index="2">
              <value>
                <![CDATA[JFK]]>
              </value>
            </param>
            <param index="3">
              <value>
                <![CDATA[11.0]]>
              </value>
            </param>
            <param index="4">
              <value>
                <![CDATA[22.0]]>
              </value>
            </param>
          </params>
          <reporter-output>
            <line>
              <![CDATA[<a href='C:\Users\30001236\IdeaProjects\LOTests\ErrorScreenshot\HomePage es\es\WAWJFK11.022.020180530_145830.jpg'> <img src='C:\Users\30001236\IdeaProjects\LOTests\ErrorScreenshot\HomePage es\es\WAWJFK11.022.020180530_145830.jpg' height='1080' width='1920'/> </a><br>20180530_145830]]>
            </line>
            <line>
              <![CDATA[<a href='C:\Users\30001236\IdeaProjects\LOTests\ErrorScreenshot\Test_BuyTickets20180530_145914.jpg'> <img src='C:\Users\30001236\IdeaProjects\LOTests\ErrorScreenshot\Test_BuyTickets20180530_145914.jpg' height='1080' width='1920'/> </a><br>20180530_145914]]>
            </line>
          </reporter-output>
        </test-method> <!-- Test_BuyTickets -->
        <test-method is-config="true" signature="tearDown()[pri:0, instance:LOT.LotBiletyEU@609db43b]" started-at="2018-05-30T12:59:14Z" name="tearDown" finished-at="2018-05-30T12:59:15Z" duration-ms="1349" status="PASS">
          <reporter-output>
          </reporter-output>
        </test-method> <!-- tearDown -->
      </class> <!-- LOT.LotBiletyEU -->
    </test> <!-- LOTests -->
  </suite> <!-- Default Suite -->
</testng-results>
