<?xml version="1.0" encoding="UTF-8"?>
<testng-results ignored="0" total="3" passed="0" failed="0" skipped="3">
  <reporter-output>
  </reporter-output>
  <suite started-at="2018-09-18T12:14:13Z" name="Default Suite" finished-at="2018-09-18T12:14:15Z" duration-ms="1570">
    <groups>
      <group name="BuyTickets">
        <method signature="LotBiletyAllshortIE11.Test_BuyTicketsEU(java.lang.String, java.lang.String, java.lang.String, org.apache.poi.xssf.usermodel.XSSFCell, org.apache.poi.xssf.usermodel.XSSFCell)[pri:0, instance:LOT.IE11.LotBiletyAllshortIE11@5f683daf]" name="Test_BuyTicketsEU" class="LOT.IE11.LotBiletyAllshortIE11"/>
        <method signature="LotBiletyAllshortIE11.Test_BuyTicketsHU(java.lang.String, java.lang.String, java.lang.String, org.apache.poi.xssf.usermodel.XSSFCell, org.apache.poi.xssf.usermodel.XSSFCell)[pri:0, instance:LOT.IE11.LotBiletyAllshortIE11@5f683daf]" name="Test_BuyTicketsHU" class="LOT.IE11.LotBiletyAllshortIE11"/>
        <method signature="LotBiletyAllshortIE11.Test_BuyTicketsUS(java.lang.String, java.lang.String, java.lang.String, org.apache.poi.xssf.usermodel.XSSFCell, org.apache.poi.xssf.usermodel.XSSFCell)[pri:0, instance:LOT.IE11.LotBiletyAllshortIE11@5f683daf]" name="Test_BuyTicketsUS" class="LOT.IE11.LotBiletyAllshortIE11"/>
      </group> <!-- BuyTickets -->
    </groups>
    <test started-at="2018-09-18T12:14:13Z" name="LOTests" finished-at="2018-09-18T12:14:15Z" duration-ms="1570">
      <class name="LOT.IE11.LotBiletyAllshortIE11">
        <test-method is-config="true" signature="setUp()[pri:0, instance:LOT.IE11.LotBiletyAllshortIE11@5f683daf]" started-at="2018-09-18T12:14:13Z" name="setUp" finished-at="2018-09-18T12:14:14Z" duration-ms="138" status="FAIL">
          <exception class="org.openqa.selenium.WebDriverException">
            <message>
              <![CDATA[SafariDriver requires Safari 10 running on OSX El Capitan or greater.
Build info: version: '3.14.0', revision: 'aacccce0', time: '2018-08-02T20:19:58.91Z'
System info: host: 'N-5CG7492PHQ', ip: '192.168.12.19', os.name: 'Windows 7', os.arch: 'amd64', os.version: '6.1', java.version: '10.0.1'
Driver info: driver.version: SafariDriver]]>
            </message>
            <full-stacktrace>
              <![CDATA[org.openqa.selenium.WebDriverException: SafariDriver requires Safari 10 running on OSX El Capitan or greater.
Build info: version: '3.14.0', revision: 'aacccce0', time: '2018-08-02T20:19:58.91Z'
System info: host: 'N-5CG7492PHQ', ip: '192.168.12.19', os.name: 'Windows 7', os.arch: 'amd64', os.version: '6.1', java.version: '10.0.1'
Driver info: driver.version: SafariDriver
at org.openqa.selenium.safari.SafariDriverService.createDefaultService(SafariDriverService.java:59)
at org.openqa.selenium.safari.SafariDriver.<init>(SafariDriver.java:60)
at org.openqa.selenium.safari.SafariDriver.<init>(SafariDriver.java:38)
at LOT.IE11.LotBiletyAllshortIE11.setUp(LotBiletyAllshortIE11.java:49)
at java.base/jdk.internal.reflect.NativeMethodAccessorImpl.invoke0(Native Method)
at java.base/jdk.internal.reflect.NativeMethodAccessorImpl.invoke(NativeMethodAccessorImpl.java:62)
at java.base/jdk.internal.reflect.DelegatingMethodAccessorImpl.invoke(DelegatingMethodAccessorImpl.java:43)
at java.base/java.lang.reflect.Method.invoke(Method.java:564)
at org.testng.internal.MethodInvocationHelper.invokeMethod(MethodInvocationHelper.java:124)
at org.testng.internal.MethodInvocationHelper.invokeMethodConsideringTimeout(MethodInvocationHelper.java:59)
at org.testng.internal.Invoker.invokeConfigurationMethod(Invoker.java:458)
at org.testng.internal.Invoker.invokeConfigurations(Invoker.java:222)
at org.testng.internal.Invoker.invokeConfigurations(Invoker.java:142)
at org.testng.TestRunner.beforeRun(TestRunner.java:529)
at org.testng.TestRunner.run(TestRunner.java:497)
at org.testng.SuiteRunner.runTest(SuiteRunner.java:455)
at org.testng.SuiteRunner.runSequentially(SuiteRunner.java:450)
at org.testng.SuiteRunner.privateRun(SuiteRunner.java:415)
at org.testng.SuiteRunner.run(SuiteRunner.java:364)
at org.testng.SuiteRunnerWorker.runSuite(SuiteRunnerWorker.java:52)
at org.testng.SuiteRunnerWorker.run(SuiteRunnerWorker.java:84)
at org.testng.TestNG.runSuitesSequentially(TestNG.java:1208)
at org.testng.TestNG.runSuitesLocally(TestNG.java:1137)
at org.testng.TestNG.runSuites(TestNG.java:1049)
at org.testng.TestNG.run(TestNG.java:1017)
at org.testng.IDEARemoteTestNG.run(IDEARemoteTestNG.java:72)
at org.testng.RemoteTestNGStarter.main(RemoteTestNGStarter.java:123)
]]>
            </full-stacktrace>
          </exception> <!-- org.openqa.selenium.WebDriverException -->
          <reporter-output>
          </reporter-output>
        </test-method> <!-- setUp -->
        <test-method signature="Test_BuyTicketsEU(java.lang.String, java.lang.String, java.lang.String, org.apache.poi.xssf.usermodel.XSSFCell, org.apache.poi.xssf.usermodel.XSSFCell)[pri:0, instance:LOT.IE11.LotBiletyAllshortIE11@5f683daf]" started-at="2018-09-18T12:14:15Z" name="Test_BuyTicketsEU" data-provider="dataEU" finished-at="2018-09-18T12:14:15Z" duration-ms="0" status="SKIP">
          <exception class="org.openqa.selenium.WebDriverException">
            <message>
              <![CDATA[SafariDriver requires Safari 10 running on OSX El Capitan or greater.
Build info: version: '3.14.0', revision: 'aacccce0', time: '2018-08-02T20:19:58.91Z'
System info: host: 'N-5CG7492PHQ', ip: '192.168.12.19', os.name: 'Windows 7', os.arch: 'amd64', os.version: '6.1', java.version: '10.0.1'
Driver info: driver.version: SafariDriver]]>
            </message>
            <full-stacktrace>
              <![CDATA[org.openqa.selenium.WebDriverException: SafariDriver requires Safari 10 running on OSX El Capitan or greater.
Build info: version: '3.14.0', revision: 'aacccce0', time: '2018-08-02T20:19:58.91Z'
System info: host: 'N-5CG7492PHQ', ip: '192.168.12.19', os.name: 'Windows 7', os.arch: 'amd64', os.version: '6.1', java.version: '10.0.1'
Driver info: driver.version: SafariDriver
at org.openqa.selenium.safari.SafariDriverService.createDefaultService(SafariDriverService.java:59)
at org.openqa.selenium.safari.SafariDriver.<init>(SafariDriver.java:60)
at org.openqa.selenium.safari.SafariDriver.<init>(SafariDriver.java:38)
at LOT.IE11.LotBiletyAllshortIE11.setUp(LotBiletyAllshortIE11.java:49)
at java.base/jdk.internal.reflect.NativeMethodAccessorImpl.invoke0(Native Method)
at java.base/jdk.internal.reflect.NativeMethodAccessorImpl.invoke(NativeMethodAccessorImpl.java:62)
at java.base/jdk.internal.reflect.DelegatingMethodAccessorImpl.invoke(DelegatingMethodAccessorImpl.java:43)
at java.base/java.lang.reflect.Method.invoke(Method.java:564)
at org.testng.internal.MethodInvocationHelper.invokeMethod(MethodInvocationHelper.java:124)
at org.testng.internal.MethodInvocationHelper.invokeMethodConsideringTimeout(MethodInvocationHelper.java:59)
at org.testng.internal.Invoker.invokeConfigurationMethod(Invoker.java:458)
at org.testng.internal.Invoker.invokeConfigurations(Invoker.java:222)
at org.testng.internal.Invoker.invokeConfigurations(Invoker.java:142)
at org.testng.TestRunner.beforeRun(TestRunner.java:529)
at org.testng.TestRunner.run(TestRunner.java:497)
at org.testng.SuiteRunner.runTest(SuiteRunner.java:455)
at org.testng.SuiteRunner.runSequentially(SuiteRunner.java:450)
at org.testng.SuiteRunner.privateRun(SuiteRunner.java:415)
at org.testng.SuiteRunner.run(SuiteRunner.java:364)
at org.testng.SuiteRunnerWorker.runSuite(SuiteRunnerWorker.java:52)
at org.testng.SuiteRunnerWorker.run(SuiteRunnerWorker.java:84)
at org.testng.TestNG.runSuitesSequentially(TestNG.java:1208)
at org.testng.TestNG.runSuitesLocally(TestNG.java:1137)
at org.testng.TestNG.runSuites(TestNG.java:1049)
at org.testng.TestNG.run(TestNG.java:1017)
at org.testng.IDEARemoteTestNG.run(IDEARemoteTestNG.java:72)
at org.testng.RemoteTestNGStarter.main(RemoteTestNGStarter.java:123)
]]>
            </full-stacktrace>
          </exception> <!-- org.openqa.selenium.WebDriverException -->
          <reporter-output>
          </reporter-output>
        </test-method> <!-- Test_BuyTicketsEU -->
        <test-method signature="Test_BuyTicketsHU(java.lang.String, java.lang.String, java.lang.String, org.apache.poi.xssf.usermodel.XSSFCell, org.apache.poi.xssf.usermodel.XSSFCell)[pri:0, instance:LOT.IE11.LotBiletyAllshortIE11@5f683daf]" started-at="2018-09-18T12:14:15Z" name="Test_BuyTicketsHU" data-provider="dataHU" finished-at="2018-09-18T12:14:15Z" duration-ms="0" status="SKIP">
          <exception class="java.lang.RuntimeException">
            <message>
              <![CDATA[java.lang.NullPointerException]]>
            </message>
            <full-stacktrace>
              <![CDATA[java.lang.RuntimeException: java.lang.NullPointerException
at org.testng.internal.MethodInvocationHelper.invokeMethodNoCheckedException(MethodInvocationHelper.java:49)
at org.testng.internal.MethodInvocationHelper.invokeDataProvider(MethodInvocationHelper.java:131)
at org.testng.internal.Parameters.handleParameters(Parameters.java:706)
at org.testng.internal.ParameterHandler.handleParameters(ParameterHandler.java:49)
at org.testng.internal.ParameterHandler.createParameters(ParameterHandler.java:37)
at org.testng.internal.Invoker.invokeTestMethods(Invoker.java:924)
at org.testng.internal.TestMethodWorker.invokeTestMethods(TestMethodWorker.java:125)
at org.testng.internal.TestMethodWorker.run(TestMethodWorker.java:109)
at org.testng.TestRunner.privateRun(TestRunner.java:648)
at org.testng.TestRunner.run(TestRunner.java:505)
at org.testng.SuiteRunner.runTest(SuiteRunner.java:455)
at org.testng.SuiteRunner.runSequentially(SuiteRunner.java:450)
at org.testng.SuiteRunner.privateRun(SuiteRunner.java:415)
at org.testng.SuiteRunner.run(SuiteRunner.java:364)
at org.testng.SuiteRunnerWorker.runSuite(SuiteRunnerWorker.java:52)
at org.testng.SuiteRunnerWorker.run(SuiteRunnerWorker.java:84)
at org.testng.TestNG.runSuitesSequentially(TestNG.java:1208)
at org.testng.TestNG.runSuitesLocally(TestNG.java:1137)
at org.testng.TestNG.runSuites(TestNG.java:1049)
at org.testng.TestNG.run(TestNG.java:1017)
at org.testng.IDEARemoteTestNG.run(IDEARemoteTestNG.java:72)
at org.testng.RemoteTestNGStarter.main(RemoteTestNGStarter.java:123)
Caused by: java.lang.NullPointerException
at DDT.ExcelDataConfig.getData(ExcelDataConfig.java:31)
at LOT.IE11.LotBiletyAllshortIE11.passDataHU(LotBiletyAllshortIE11.java:544)
at java.base/jdk.internal.reflect.NativeMethodAccessorImpl.invoke0(Native Method)
at java.base/jdk.internal.reflect.NativeMethodAccessorImpl.invoke(NativeMethodAccessorImpl.java:62)
at java.base/jdk.internal.reflect.DelegatingMethodAccessorImpl.invoke(DelegatingMethodAccessorImpl.java:43)
at java.base/java.lang.reflect.Method.invoke(Method.java:564)
at org.testng.internal.MethodInvocationHelper.invokeMethod(MethodInvocationHelper.java:124)
at org.testng.internal.MethodInvocationHelper.invokeMethod(MethodInvocationHelper.java:74)
at org.testng.internal.MethodInvocationHelper.invokeMethodNoCheckedException(MethodInvocationHelper.java:45)
... 21 more
]]>
            </full-stacktrace>
          </exception> <!-- java.lang.RuntimeException -->
          <reporter-output>
          </reporter-output>
        </test-method> <!-- Test_BuyTicketsHU -->
        <test-method signature="Test_BuyTicketsUS(java.lang.String, java.lang.String, java.lang.String, org.apache.poi.xssf.usermodel.XSSFCell, org.apache.poi.xssf.usermodel.XSSFCell)[pri:0, instance:LOT.IE11.LotBiletyAllshortIE11@5f683daf]" started-at="2018-09-18T12:14:15Z" name="Test_BuyTicketsUS" data-provider="dataUS" finished-at="2018-09-18T12:14:15Z" duration-ms="0" status="SKIP">
          <exception class="java.lang.RuntimeException">
            <message>
              <![CDATA[java.lang.NullPointerException]]>
            </message>
            <full-stacktrace>
              <![CDATA[java.lang.RuntimeException: java.lang.NullPointerException
at org.testng.internal.MethodInvocationHelper.invokeMethodNoCheckedException(MethodInvocationHelper.java:49)
at org.testng.internal.MethodInvocationHelper.invokeDataProvider(MethodInvocationHelper.java:131)
at org.testng.internal.Parameters.handleParameters(Parameters.java:706)
at org.testng.internal.ParameterHandler.handleParameters(ParameterHandler.java:49)
at org.testng.internal.ParameterHandler.createParameters(ParameterHandler.java:37)
at org.testng.internal.Invoker.invokeTestMethods(Invoker.java:924)
at org.testng.internal.TestMethodWorker.invokeTestMethods(TestMethodWorker.java:125)
at org.testng.internal.TestMethodWorker.run(TestMethodWorker.java:109)
at org.testng.TestRunner.privateRun(TestRunner.java:648)
at org.testng.TestRunner.run(TestRunner.java:505)
at org.testng.SuiteRunner.runTest(SuiteRunner.java:455)
at org.testng.SuiteRunner.runSequentially(SuiteRunner.java:450)
at org.testng.SuiteRunner.privateRun(SuiteRunner.java:415)
at org.testng.SuiteRunner.run(SuiteRunner.java:364)
at org.testng.SuiteRunnerWorker.runSuite(SuiteRunnerWorker.java:52)
at org.testng.SuiteRunnerWorker.run(SuiteRunnerWorker.java:84)
at org.testng.TestNG.runSuitesSequentially(TestNG.java:1208)
at org.testng.TestNG.runSuitesLocally(TestNG.java:1137)
at org.testng.TestNG.runSuites(TestNG.java:1049)
at org.testng.TestNG.run(TestNG.java:1017)
at org.testng.IDEARemoteTestNG.run(IDEARemoteTestNG.java:72)
at org.testng.RemoteTestNGStarter.main(RemoteTestNGStarter.java:123)
Caused by: java.lang.NullPointerException
at DDT.ExcelDataConfig.getData(ExcelDataConfig.java:31)
at LOT.IE11.LotBiletyAllshortIE11.passDataUS(LotBiletyAllshortIE11.java:528)
at java.base/jdk.internal.reflect.NativeMethodAccessorImpl.invoke0(Native Method)
at java.base/jdk.internal.reflect.NativeMethodAccessorImpl.invoke(NativeMethodAccessorImpl.java:62)
at java.base/jdk.internal.reflect.DelegatingMethodAccessorImpl.invoke(DelegatingMethodAccessorImpl.java:43)
at java.base/java.lang.reflect.Method.invoke(Method.java:564)
at org.testng.internal.MethodInvocationHelper.invokeMethod(MethodInvocationHelper.java:124)
at org.testng.internal.MethodInvocationHelper.invokeMethod(MethodInvocationHelper.java:74)
at org.testng.internal.MethodInvocationHelper.invokeMethodNoCheckedException(MethodInvocationHelper.java:45)
... 21 more
]]>
            </full-stacktrace>
          </exception> <!-- java.lang.RuntimeException -->
          <reporter-output>
          </reporter-output>
        </test-method> <!-- Test_BuyTicketsUS -->
        <test-method is-config="true" signature="tearDown2()[pri:0, instance:LOT.IE11.LotBiletyAllshortIE11@5f683daf]" started-at="2018-09-18T12:14:15Z" name="tearDown2" finished-at="2018-09-18T12:14:15Z" duration-ms="0" status="PASS">
          <reporter-output>
          </reporter-output>
        </test-method> <!-- tearDown2 -->
      </class> <!-- LOT.IE11.LotBiletyAllshortIE11 -->
    </test> <!-- LOTests -->
  </suite> <!-- Default Suite -->
</testng-results>
