<?xml version="1.0" encoding="UTF-8"?>
<testng-results ignored="5" total="6" passed="1" failed="0" skipped="0">
  <reporter-output>
  </reporter-output>
  <suite started-at="2018-03-14T15:09:12Z" name="Default Suite" finished-at="2018-03-14T15:10:27Z" duration-ms="75455">
    <groups>
      <group name="p1">
        <method signature="LotBilety.Test_Biletow()[pri:0, instance:LOT.LotBilety@333291e3]" name="Test_Biletow" class="LOT.LotBilety"/>
      </group> <!-- p1 -->
    </groups>
    <test started-at="2018-03-14T15:09:12Z" name="LOTests" finished-at="2018-03-14T15:10:27Z" duration-ms="75455">
      <class name="LOT.LotBilety">
        <test-method is-config="true" signature="setUp()[pri:0, instance:LOT.LotBilety@333291e3]" started-at="2018-03-14T16:09:12Z" name="setUp" finished-at="2018-03-14T16:09:15Z" duration-ms="3419" status="PASS">
          <reporter-output>
          </reporter-output>
        </test-method> <!-- setUp -->
        <test-method signature="Test_Biletow()[pri:0, instance:LOT.LotBilety@333291e3]" started-at="2018-03-14T16:09:15Z" name="Test_Biletow" finished-at="2018-03-14T16:10:26Z" duration-ms="70813" status="PASS">
          <reporter-output>
          </reporter-output>
        </test-method> <!-- Test_Biletow -->
        <test-method is-config="true" signature="tearDown()[pri:0, instance:LOT.LotBilety@333291e3]" started-at="2018-03-14T16:10:26Z" name="tearDown" finished-at="2018-03-14T16:10:27Z" duration-ms="1190" status="PASS">
          <reporter-output>
          </reporter-output>
        </test-method> <!-- tearDown -->
      </class> <!-- LOT.LotBilety -->
    </test> <!-- LOTests -->
  </suite> <!-- Default Suite -->
</testng-results>
