<?xml version="1.0" encoding="UTF-8"?>
<testng-results ignored="7" total="8" passed="1" failed="0" skipped="0">
  <reporter-output>
    <line>
      <![CDATA[<a href='C:\LOTests\ErrorScreenshot\LuggageComplaintKRKO20180821_103344.jpg'> <img src='C:\LOTests\ErrorScreenshot\LuggageComplaintKRKO20180821_103344.jpg' height='400' width='600'/> </a><br>20180821_103344]]>
    </line>
  </reporter-output>
  <suite started-at="2018-08-21T08:33:24Z" name="Default Suite" finished-at="2018-08-21T08:33:45Z" duration-ms="21697">
    <groups>
      <group name="Complaint">
        <method signature="LotLuggageComplaint.LuggageComplaintKRKO()[pri:0, instance:LOT.LotLuggageComplaint@484970b0]" name="LuggageComplaintKRKO" class="LOT.LotLuggageComplaint"/>
      </group> <!-- Complaint -->
    </groups>
    <test started-at="2018-08-21T08:33:24Z" name="LOTests" finished-at="2018-08-21T08:33:45Z" duration-ms="21697">
      <class name="LOT.LotLuggageComplaint">
        <test-method is-config="true" signature="setUp()[pri:0, instance:LOT.LotLuggageComplaint@484970b0]" started-at="2018-08-21T08:33:24Z" name="setUp" finished-at="2018-08-21T08:33:26Z" duration-ms="2630" status="PASS">
          <reporter-output>
          </reporter-output>
        </test-method> <!-- setUp -->
        <test-method signature="LuggageComplaintKRKO()[pri:0, instance:LOT.LotLuggageComplaint@484970b0]" started-at="2018-08-21T08:33:26Z" name="LuggageComplaintKRKO" finished-at="2018-08-21T08:33:43Z" duration-ms="16175" status="PASS">
          <reporter-output>
            <line>
              <![CDATA[<a href='C:\LOTests\ErrorScreenshot\LuggageComplaintKRKO20180821_103344.jpg'> <img src='C:\LOTests\ErrorScreenshot\LuggageComplaintKRKO20180821_103344.jpg' height='400' width='600'/> </a><br>20180821_103344]]>
            </line>
          </reporter-output>
        </test-method> <!-- LuggageComplaintKRKO -->
        <test-method is-config="true" signature="tearDown()[pri:0, instance:LOT.LotLuggageComplaint@484970b0]" started-at="2018-08-21T08:33:44Z" name="tearDown" finished-at="2018-08-21T08:33:45Z" duration-ms="1145" status="PASS">
          <reporter-output>
          </reporter-output>
        </test-method> <!-- tearDown -->
      </class> <!-- LOT.LotLuggageComplaint -->
    </test> <!-- LOTests -->
  </suite> <!-- Default Suite -->
</testng-results>
