<?xml version="1.0" encoding="UTF-8"?>
<testng-results ignored="8" total="9" passed="0" failed="1" skipped="0">
  <reporter-output>
    <line>
      <![CDATA[<a href='C:\LOTests\ErrorScreenshot\HomePage gr\enKTWWAW9.028.020180913_143832.jpg'> <img src='C:\LOTests\ErrorScreenshot\HomePage gr\enKTWWAW9.028.020180913_143832.jpg' height='400' width='600'/> </a><br>20180913_143832]]>
    </line>
    <line>
      <![CDATA[<a href='C:\LOTests\ErrorScreenshot\Test_BuyTickets2adults20180913_143902.jpg'> <img src='C:\LOTests\ErrorScreenshot\Test_BuyTickets2adults20180913_143902.jpg' height='400' width='600'/> </a><br>20180913_143902]]>
    </line>
  </reporter-output>
  <suite started-at="2018-09-13T12:38:03Z" name="Default Suite" finished-at="2018-09-13T12:39:02Z" duration-ms="59198">
    <groups>
      <group name="BuyTickets">
        <method signature="LotMultiTickets.Test_BuyTickets2adults(java.lang.String, java.lang.String, java.lang.String, org.apache.poi.xssf.usermodel.XSSFCell, org.apache.poi.xssf.usermodel.XSSFCell)[pri:0, instance:LOT.LotMultiTickets@776b83cc]" name="Test_BuyTickets2adults" class="LOT.LotMultiTickets"/>
      </group> <!-- BuyTickets -->
    </groups>
    <test started-at="2018-09-13T12:38:03Z" name="LOTests" finished-at="2018-09-13T12:39:02Z" duration-ms="59198">
      <class name="LOT.LotMultiTickets">
        <test-method is-config="true" signature="setUp1()[pri:0, instance:LOT.LotMultiTickets@776b83cc]" started-at="2018-09-13T12:38:04Z" name="setUp1" finished-at="2018-09-13T12:38:06Z" duration-ms="2345" status="PASS">
          <reporter-output>
          </reporter-output>
        </test-method> <!-- setUp1 -->
        <test-method signature="Test_BuyTickets2adults(java.lang.String, java.lang.String, java.lang.String, org.apache.poi.xssf.usermodel.XSSFCell, org.apache.poi.xssf.usermodel.XSSFCell)[pri:0, instance:LOT.LotMultiTickets@776b83cc]" started-at="2018-09-13T12:38:06Z" name="Test_BuyTickets2adults" data-provider="dataEU" finished-at="2018-09-13T12:39:01Z" duration-ms="54661" status="FAIL">
          <params>
            <param index="0">
              <value>
                <![CDATA[gr/en]]>
              </value>
            </param>
            <param index="1">
              <value>
                <![CDATA[KTW]]>
              </value>
            </param>
            <param index="2">
              <value>
                <![CDATA[WAW]]>
              </value>
            </param>
            <param index="3">
              <value>
                <![CDATA[9.0]]>
              </value>
            </param>
            <param index="4">
              <value>
                <![CDATA[28.0]]>
              </value>
            </param>
          </params>
          <exception class="org.openqa.selenium.TimeoutException">
            <message>
              <![CDATA[Expected condition failed: waiting for visibility of [[ChromeDriver: chrome on XP (57cdb4c9760e6e78779267923532b476)] -> id: numOfAdults] (tried for 20 second(s) with 500 MILLISECONDS interval)
Build info: version: '3.14.0', revision: 'aacccce0', time: '2018-08-02T20:19:58.91Z'
System info: host: 'N-5CG7492PHQ', ip: '192.168.12.38', os.name: 'Windows 7', os.arch: 'amd64', os.version: '6.1', java.version: '10.0.1'
Driver info: org.openqa.selenium.chrome.ChromeDriver
Capabilities {acceptInsecureCerts: false, acceptSslCerts: false, applicationCacheEnabled: false, browserConnectionEnabled: false, browserName: chrome, chrome: {chromedriverVersion: 2.41.578737 (49da6702b16031..., userDataDir: C:\Users\30001236\AppData\L...}, cssSelectorsEnabled: true, databaseEnabled: false, goog:chromeOptions: {debuggerAddress: localhost:61324}, handlesAlerts: true, hasTouchScreen: false, javascriptEnabled: true, locationContextEnabled: true, mobileEmulationEnabled: false, nativeEvents: true, networkConnectionEnabled: false, pageLoadStrategy: normal, platform: XP, platformName: XP, rotatable: false, setWindowRect: true, takesHeapSnapshot: true, takesScreenshot: true, unexpectedAlertBehaviour: , unhandledPromptBehavior: , version: 69.0.3497.92, webStorageEnabled: true}
Session ID: 57cdb4c9760e6e78779267923532b476]]>
            </message>
            <full-stacktrace>
              <![CDATA[org.openqa.selenium.TimeoutException: Expected condition failed: waiting for visibility of [[ChromeDriver: chrome on XP (57cdb4c9760e6e78779267923532b476)] -> id: numOfAdults] (tried for 20 second(s) with 500 MILLISECONDS interval)
Build info: version: '3.14.0', revision: 'aacccce0', time: '2018-08-02T20:19:58.91Z'
System info: host: 'N-5CG7492PHQ', ip: '192.168.12.38', os.name: 'Windows 7', os.arch: 'amd64', os.version: '6.1', java.version: '10.0.1'
Driver info: org.openqa.selenium.chrome.ChromeDriver
Capabilities {acceptInsecureCerts: false, acceptSslCerts: false, applicationCacheEnabled: false, browserConnectionEnabled: false, browserName: chrome, chrome: {chromedriverVersion: 2.41.578737 (49da6702b16031..., userDataDir: C:\Users\30001236\AppData\L...}, cssSelectorsEnabled: true, databaseEnabled: false, goog:chromeOptions: {debuggerAddress: localhost:61324}, handlesAlerts: true, hasTouchScreen: false, javascriptEnabled: true, locationContextEnabled: true, mobileEmulationEnabled: false, nativeEvents: true, networkConnectionEnabled: false, pageLoadStrategy: normal, platform: XP, platformName: XP, rotatable: false, setWindowRect: true, takesHeapSnapshot: true, takesScreenshot: true, unexpectedAlertBehaviour: , unhandledPromptBehavior: , version: 69.0.3497.92, webStorageEnabled: true}
Session ID: 57cdb4c9760e6e78779267923532b476
at org.openqa.selenium.support.ui.WebDriverWait.timeoutException(WebDriverWait.java:82)
at org.openqa.selenium.support.ui.FluentWait.until(FluentWait.java:231)
at LOT.LotMultiTickets.Test_BuyTickets2adults(LotMultiTickets.java:170)
at java.base/jdk.internal.reflect.NativeMethodAccessorImpl.invoke0(Native Method)
at java.base/jdk.internal.reflect.NativeMethodAccessorImpl.invoke(NativeMethodAccessorImpl.java:62)
at java.base/jdk.internal.reflect.DelegatingMethodAccessorImpl.invoke(DelegatingMethodAccessorImpl.java:43)
at java.base/java.lang.reflect.Method.invoke(Method.java:564)
at org.testng.internal.MethodInvocationHelper.invokeMethod(MethodInvocationHelper.java:124)
at org.testng.internal.Invoker.invokeMethod(Invoker.java:583)
at org.testng.internal.Invoker.invokeTestMethod(Invoker.java:719)
at org.testng.internal.Invoker.invokeTestMethods(Invoker.java:989)
at org.testng.internal.TestMethodWorker.invokeTestMethods(TestMethodWorker.java:125)
at org.testng.internal.TestMethodWorker.run(TestMethodWorker.java:109)
at org.testng.TestRunner.privateRun(TestRunner.java:648)
at org.testng.TestRunner.run(TestRunner.java:505)
at org.testng.SuiteRunner.runTest(SuiteRunner.java:455)
at org.testng.SuiteRunner.runSequentially(SuiteRunner.java:450)
at org.testng.SuiteRunner.privateRun(SuiteRunner.java:415)
at org.testng.SuiteRunner.run(SuiteRunner.java:364)
at org.testng.SuiteRunnerWorker.runSuite(SuiteRunnerWorker.java:52)
at org.testng.SuiteRunnerWorker.run(SuiteRunnerWorker.java:84)
at org.testng.TestNG.runSuitesSequentially(TestNG.java:1208)
at org.testng.TestNG.runSuitesLocally(TestNG.java:1137)
at org.testng.TestNG.runSuites(TestNG.java:1049)
at org.testng.TestNG.run(TestNG.java:1017)
at org.testng.IDEARemoteTestNG.run(IDEARemoteTestNG.java:72)
at org.testng.RemoteTestNGStarter.main(RemoteTestNGStarter.java:123)
]]>
            </full-stacktrace>
          </exception> <!-- org.openqa.selenium.TimeoutException -->
          <reporter-output>
            <line>
              <![CDATA[<a href='C:\LOTests\ErrorScreenshot\HomePage gr\enKTWWAW9.028.020180913_143832.jpg'> <img src='C:\LOTests\ErrorScreenshot\HomePage gr\enKTWWAW9.028.020180913_143832.jpg' height='400' width='600'/> </a><br>20180913_143832]]>
            </line>
            <line>
              <![CDATA[<a href='C:\LOTests\ErrorScreenshot\Test_BuyTickets2adults20180913_143902.jpg'> <img src='C:\LOTests\ErrorScreenshot\Test_BuyTickets2adults20180913_143902.jpg' height='400' width='600'/> </a><br>20180913_143902]]>
            </line>
          </reporter-output>
        </test-method> <!-- Test_BuyTickets2adults -->
        <test-method is-config="true" signature="tearDown1()[pri:0, instance:LOT.LotMultiTickets@776b83cc]" started-at="2018-09-13T12:39:02Z" name="tearDown1" finished-at="2018-09-13T12:39:02Z" duration-ms="0" status="PASS">
          <reporter-output>
          </reporter-output>
        </test-method> <!-- tearDown1 -->
      </class> <!-- LOT.LotMultiTickets -->
    </test> <!-- LOTests -->
  </suite> <!-- Default Suite -->
</testng-results>
