<?xml version="1.0" encoding="UTF-8"?>
<testng-results ignored="0" total="3" passed="3" failed="0" skipped="0">
  <reporter-output>
  </reporter-output>
  <suite started-at="2018-03-07T12:11:03Z" name="Default Suite" finished-at="2018-03-07T12:13:13Z" duration-ms="130656">
    <groups>
      <group name="p1">
        <method signature="LotBilety.testLot()[pri:0, instance:LOT.LotBilety@56620197]" name="testLot" class="LOT.LotBilety"/>
      </group> <!-- p1 -->
    </groups>
    <test started-at="2018-03-07T12:11:03Z" name="LOTests" finished-at="2018-03-07T12:13:13Z" duration-ms="130656">
      <class name="LOT.LotBilety">
        <test-method is-config="true" signature="setUp()[pri:0, instance:LOT.LotBilety@56620197]" started-at="2018-03-07T13:11:03Z" name="setUp" finished-at="2018-03-07T13:11:06Z" duration-ms="2926" status="PASS">
          <reporter-output>
          </reporter-output>
        </test-method> <!-- setUp -->
        <test-method signature="testLot()[pri:0, instance:LOT.LotBilety@56620197]" started-at="2018-03-07T13:11:06Z" name="testLot" finished-at="2018-03-07T13:11:53Z" duration-ms="47612" status="PASS">
          <reporter-output>
          </reporter-output>
        </test-method> <!-- testLot -->
        <test-method is-config="true" signature="tearDown()[pri:0, instance:LOT.LotBilety@56620197]" started-at="2018-03-07T13:11:53Z" name="tearDown" finished-at="2018-03-07T13:11:55Z" duration-ms="1222" status="PASS">
          <reporter-output>
          </reporter-output>
        </test-method> <!-- tearDown -->
      </class> <!-- LOT.LotBilety -->
      <class name="LOT.LotBilety2">
        <test-method is-config="true" signature="setUp()[pri:0, instance:LOT.LotBilety2@6eda5c9]" started-at="2018-03-07T13:11:55Z" name="setUp" finished-at="2018-03-07T13:11:56Z" duration-ms="1504" status="PASS">
          <reporter-output>
          </reporter-output>
        </test-method> <!-- setUp -->
        <test-method signature="testLot()[pri:0, instance:LOT.LotBilety2@6eda5c9]" started-at="2018-03-07T13:11:56Z" name="testLot" finished-at="2018-03-07T13:12:34Z" duration-ms="37909" status="PASS">
          <reporter-output>
          </reporter-output>
        </test-method> <!-- testLot -->
        <test-method is-config="true" signature="tearDown()[pri:0, instance:LOT.LotBilety2@6eda5c9]" started-at="2018-03-07T13:12:34Z" name="tearDown" finished-at="2018-03-07T13:12:35Z" duration-ms="1163" status="PASS">
          <reporter-output>
          </reporter-output>
        </test-method> <!-- tearDown -->
      </class> <!-- LOT.LotBilety2 -->
      <class name="LOT.LotBilety3">
        <test-method is-config="true" signature="setUp()[pri:0, instance:LOT.LotBilety3@55b7a4e0]" started-at="2018-03-07T13:12:35Z" name="setUp" finished-at="2018-03-07T13:12:37Z" duration-ms="1487" status="PASS">
          <reporter-output>
          </reporter-output>
        </test-method> <!-- setUp -->
        <test-method signature="testLot()[pri:0, instance:LOT.LotBilety3@55b7a4e0]" started-at="2018-03-07T13:12:37Z" name="testLot" finished-at="2018-03-07T13:13:12Z" duration-ms="35535" status="PASS">
          <reporter-output>
          </reporter-output>
        </test-method> <!-- testLot -->
        <test-method is-config="true" signature="tearDown()[pri:0, instance:LOT.LotBilety3@55b7a4e0]" started-at="2018-03-07T13:13:12Z" name="tearDown" finished-at="2018-03-07T13:13:13Z" duration-ms="1265" status="PASS">
          <reporter-output>
          </reporter-output>
        </test-method> <!-- tearDown -->
      </class> <!-- LOT.LotBilety3 -->
    </test> <!-- LOTests -->
  </suite> <!-- Default Suite -->
</testng-results>
