<?xml version="1.0" encoding="UTF-8"?>
<testng-results ignored="0" total="1" passed="1" failed="0" skipped="0">
  <reporter-output>
  </reporter-output>
  <suite started-at="2018-03-01T13:40:04Z" name="Default Suite" finished-at="2018-03-01T13:40:20Z" duration-ms="15516">
    <groups>
    </groups>
    <test started-at="2018-03-01T13:40:04Z" name="LOTests" finished-at="2018-03-01T13:40:20Z" duration-ms="15516">
      <class name="LOT.connectis">
        <test-method is-config="true" signature="setUp()[pri:0, instance:LOT.connectis@20ce78ec]" started-at="2018-03-01T14:40:04Z" name="setUp" finished-at="2018-03-01T14:40:07Z" duration-ms="3129" status="PASS">
          <reporter-output>
          </reporter-output>
        </test-method> <!-- setUp -->
        <test-method signature="testLot()[pri:0, instance:LOT.connectis@20ce78ec]" started-at="2018-03-01T14:40:07Z" name="testLot" finished-at="2018-03-01T14:40:19Z" duration-ms="11433" status="PASS">
          <reporter-output>
          </reporter-output>
        </test-method> <!-- testLot -->
        <test-method is-config="true" signature="tearDown()[pri:0, instance:LOT.connectis@20ce78ec]" started-at="2018-03-01T14:40:19Z" name="tearDown" finished-at="2018-03-01T14:40:20Z" duration-ms="931" status="PASS">
          <reporter-output>
          </reporter-output>
        </test-method> <!-- tearDown -->
      </class> <!-- LOT.connectis -->
    </test> <!-- LOTests -->
  </suite> <!-- Default Suite -->
</testng-results>
