<?xml version="1.0" encoding="UTF-8"?>
<testng-results ignored="0" total="1" passed="1" failed="0" skipped="0">
  <reporter-output>
    <line>
      <![CDATA[<a href='C:\LOTests\ErrorScreenshot\MMB20180820_161944.jpg'> <img src='C:\LOTests\ErrorScreenshot\MMB20180820_161944.jpg' height='400' width='600'/> </a><br>20180820_161944]]>
    </line>
  </reporter-output>
  <suite started-at="2018-08-20T14:19:27Z" name="Default Suite" finished-at="2018-08-20T14:19:44Z" duration-ms="17719">
    <groups>
      <group name="Complaint">
        <method signature="LotLuggageComplaint.MMB()[pri:0, instance:LOT.LotLuggageComplaint@6236eb5f]" name="MMB" class="LOT.LotLuggageComplaint"/>
      </group> <!-- Complaint -->
    </groups>
    <test started-at="2018-08-20T14:19:27Z" name="LOTests" finished-at="2018-08-20T14:19:44Z" duration-ms="17719">
      <class name="LOT.LotLuggageComplaint">
        <test-method is-config="true" signature="setUp()[pri:0, instance:LOT.LotLuggageComplaint@6236eb5f]" started-at="2018-08-20T14:19:27Z" name="setUp" finished-at="2018-08-20T14:19:29Z" duration-ms="2651" status="PASS">
          <reporter-output>
          </reporter-output>
        </test-method> <!-- setUp -->
        <test-method signature="MMB()[pri:0, instance:LOT.LotLuggageComplaint@6236eb5f]" started-at="2018-08-20T14:19:29Z" name="MMB" finished-at="2018-08-20T14:19:44Z" duration-ms="14617" status="PASS">
          <reporter-output>
            <line>
              <![CDATA[<a href='C:\LOTests\ErrorScreenshot\MMB20180820_161944.jpg'> <img src='C:\LOTests\ErrorScreenshot\MMB20180820_161944.jpg' height='400' width='600'/> </a><br>20180820_161944]]>
            </line>
          </reporter-output>
        </test-method> <!-- MMB -->
        <test-method is-config="true" signature="tearDown()[pri:0, instance:LOT.LotLuggageComplaint@6236eb5f]" started-at="2018-08-20T14:19:44Z" name="tearDown" finished-at="2018-08-20T14:19:44Z" duration-ms="1" status="PASS">
          <reporter-output>
          </reporter-output>
        </test-method> <!-- tearDown -->
      </class> <!-- LOT.LotLuggageComplaint -->
    </test> <!-- LOTests -->
  </suite> <!-- Default Suite -->
</testng-results>
