<?xml version="1.0" encoding="UTF-8"?>
<testng-results ignored="0" total="9" passed="2" failed="1" skipped="6">
  <reporter-output>
    <line>
      <![CDATA[<a href='C:\LOTests\ErrorScreenshot\HomePage dk\plEWRWAW22.053.020180913_131346.jpg'> <img src='C:\LOTests\ErrorScreenshot\HomePage dk\plEWRWAW22.053.020180913_131346.jpg' height='400' width='600'/> </a><br>20180913_131346]]>
    </line>
    <line>
      <![CDATA[<a href='C:\LOTests\ErrorScreenshot\FlightPage dk\plEWRWAW22.053.020180913_131406.jpg'> <img src='C:\LOTests\ErrorScreenshot\FlightPage dk\plEWRWAW22.053.020180913_131406.jpg' height='400' width='600'/> </a><br>20180913_131406]]>
    </line>
    <line>
      <![CDATA[<a href='C:\LOTests\ErrorScreenshot\PassengersPage dk\plEWRWAW22.053.020180913_131413.jpg'> <img src='C:\LOTests\ErrorScreenshot\PassengersPage dk\plEWRWAW22.053.020180913_131413.jpg' height='400' width='600'/> </a><br>20180913_131413]]>
    </line>
    <line>
      <![CDATA[<a href='C:\LOTests\ErrorScreenshot\ExtraPage dk\plEWRWAW22.053.020180913_131452.jpg'> <img src='C:\LOTests\ErrorScreenshot\ExtraPage dk\plEWRWAW22.053.020180913_131452.jpg' height='400' width='600'/> </a><br>20180913_131452]]>
    </line>
    <line>
      <![CDATA[<a href='C:\LOTests\ErrorScreenshot\PaymentPage dk\plEWRWAW22.053.020180913_131509.jpg'> <img src='C:\LOTests\ErrorScreenshot\PaymentPage dk\plEWRWAW22.053.020180913_131509.jpg' height='400' width='600'/> </a><br>20180913_131509]]>
    </line>
    <line>
      <![CDATA[<a href='C:\LOTests\ErrorScreenshot\Test_BuyTicketsEU20180913_131512.jpg'> <img src='C:\LOTests\ErrorScreenshot\Test_BuyTicketsEU20180913_131512.jpg' height='400' width='600'/> </a><br>20180913_131512]]>
    </line>
    <line>
      <![CDATA[<a href='C:\LOTests\ErrorScreenshot\Test_BuyTicketsHU20180913_131513.jpg'> <img src='C:\LOTests\ErrorScreenshot\Test_BuyTicketsHU20180913_131513.jpg' height='400' width='600'/> </a><br>20180913_131513]]>
    </line>
    <line>
      <![CDATA[<a href='C:\LOTests\ErrorScreenshot\Test_BuyTicketsUS20180913_131513.jpg'> <img src='C:\LOTests\ErrorScreenshot\Test_BuyTicketsUS20180913_131513.jpg' height='400' width='600'/> </a><br>20180913_131513]]>
    </line>
    <line>
      <![CDATA[<a href='C:\LOTests\ErrorScreenshot\HomePage eg\enLAXWAW258.0331.020180913_131528.jpg'> <img src='C:\LOTests\ErrorScreenshot\HomePage eg\enLAXWAW258.0331.020180913_131528.jpg' height='400' width='600'/> </a><br>20180913_131528]]>
    </line>
    <line>
      <![CDATA[<a href='C:\LOTests\ErrorScreenshot\FlightPage eg\enLAXWAW258.0331.020180913_131546.jpg'> <img src='C:\LOTests\ErrorScreenshot\FlightPage eg\enLAXWAW258.0331.020180913_131546.jpg' height='400' width='600'/> </a><br>20180913_131546]]>
    </line>
    <line>
      <![CDATA[<a href='C:\LOTests\ErrorScreenshot\PassengersPage eg\enLAXWAW258.0331.020180913_131553.jpg'> <img src='C:\LOTests\ErrorScreenshot\PassengersPage eg\enLAXWAW258.0331.020180913_131553.jpg' height='400' width='600'/> </a><br>20180913_131553]]>
    </line>
    <line>
      <![CDATA[<a href='C:\LOTests\ErrorScreenshot\ExtraPage eg\enLAXWAW258.0331.020180913_131618.jpg'> <img src='C:\LOTests\ErrorScreenshot\ExtraPage eg\enLAXWAW258.0331.020180913_131618.jpg' height='400' width='600'/> </a><br>20180913_131618]]>
    </line>
    <line>
      <![CDATA[<a href='C:\LOTests\ErrorScreenshot\PaymentPage eg\enLAXWAW258.0331.020180913_131623.jpg'> <img src='C:\LOTests\ErrorScreenshot\PaymentPage eg\enLAXWAW258.0331.020180913_131623.jpg' height='400' width='600'/> </a><br>20180913_131623]]>
    </line>
    <line>
      <![CDATA[<a href='C:\LOTests\ErrorScreenshot\Test_BuyTicketsEU20180913_131627.jpg'> <img src='C:\LOTests\ErrorScreenshot\Test_BuyTicketsEU20180913_131627.jpg' height='400' width='600'/> </a><br>20180913_131627]]>
    </line>
    <line>
      <![CDATA[<a href='C:\LOTests\ErrorScreenshot\Test_BuyTicketsHU20180913_131627.jpg'> <img src='C:\LOTests\ErrorScreenshot\Test_BuyTicketsHU20180913_131627.jpg' height='400' width='600'/> </a><br>20180913_131627]]>
    </line>
    <line>
      <![CDATA[<a href='C:\LOTests\ErrorScreenshot\Test_BuyTicketsUS20180913_131627.jpg'> <img src='C:\LOTests\ErrorScreenshot\Test_BuyTicketsUS20180913_131627.jpg' height='400' width='600'/> </a><br>20180913_131627]]>
    </line>
    <line>
      <![CDATA[<a href='C:\LOTests\ErrorScreenshot\Test_BuyTicketsEU20180913_131701.jpg'> <img src='C:\LOTests\ErrorScreenshot\Test_BuyTicketsEU20180913_131701.jpg' height='400' width='600'/> </a><br>20180913_131701]]>
    </line>
  </reporter-output>
  <suite started-at="2018-09-13T11:13:33Z" name="Paczka1" finished-at="2018-09-13T11:17:01Z" duration-ms="208332">
    <groups>
      <group name="BuyTickets">
        <method signature="LotBiletyAllSelectPlacesAndEquipmentAndBaggage.Test_BuyTicketsEU(java.lang.String, java.lang.String, java.lang.String, org.apache.poi.xssf.usermodel.XSSFCell, org.apache.poi.xssf.usermodel.XSSFCell)[pri:0, instance:LOT.LotBiletyAllSelectPlacesAndEquipmentAndBaggage@46fa7c39]" name="Test_BuyTicketsEU" class="LOT.LotBiletyAllSelectPlacesAndEquipmentAndBaggage"/>
        <method signature="LotBiletyAllSelectPlacesAndEquipmentAndBaggage.Test_BuyTicketsHU(java.lang.String, java.lang.String, java.lang.String, org.apache.poi.xssf.usermodel.XSSFCell, org.apache.poi.xssf.usermodel.XSSFCell)[pri:0, instance:LOT.LotBiletyAllSelectPlacesAndEquipmentAndBaggage@46fa7c39]" name="Test_BuyTicketsHU" class="LOT.LotBiletyAllSelectPlacesAndEquipmentAndBaggage"/>
        <method signature="LotBiletyAllSelectPlacesAndEquipmentAndBaggage.Test_BuyTicketsUS(java.lang.String, java.lang.String, java.lang.String, org.apache.poi.xssf.usermodel.XSSFCell, org.apache.poi.xssf.usermodel.XSSFCell)[pri:0, instance:LOT.LotBiletyAllSelectPlacesAndEquipmentAndBaggage@46fa7c39]" name="Test_BuyTicketsUS" class="LOT.LotBiletyAllSelectPlacesAndEquipmentAndBaggage"/>
        <method signature="LotBiletyAll.Test_BuyTicketsEU(java.lang.String, java.lang.String, java.lang.String, org.apache.poi.xssf.usermodel.XSSFCell, org.apache.poi.xssf.usermodel.XSSFCell)[pri:0, instance:LOT.LotBiletyAll@6631f5ca]" name="Test_BuyTicketsEU" class="LOT.LotBiletyAll"/>
        <method signature="LotBiletyAll.Test_BuyTicketsHU(java.lang.String, java.lang.String, java.lang.String, org.apache.poi.xssf.usermodel.XSSFCell, org.apache.poi.xssf.usermodel.XSSFCell)[pri:0, instance:LOT.LotBiletyAll@6631f5ca]" name="Test_BuyTicketsHU" class="LOT.LotBiletyAll"/>
        <method signature="LotBiletyAll.Test_BuyTicketsUS(java.lang.String, java.lang.String, java.lang.String, org.apache.poi.xssf.usermodel.XSSFCell, org.apache.poi.xssf.usermodel.XSSFCell)[pri:0, instance:LOT.LotBiletyAll@6631f5ca]" name="Test_BuyTicketsUS" class="LOT.LotBiletyAll"/>
        <method signature="LotBiletyAllshort.Test_BuyTicketsEU(java.lang.String, java.lang.String, java.lang.String, org.apache.poi.xssf.usermodel.XSSFCell, org.apache.poi.xssf.usermodel.XSSFCell)[pri:0, instance:LOT.LotBiletyAllshort@1cbb87f3]" name="Test_BuyTicketsEU" class="LOT.LotBiletyAllshort"/>
        <method signature="LotBiletyAllshort.Test_BuyTicketsHU(java.lang.String, java.lang.String, java.lang.String, org.apache.poi.xssf.usermodel.XSSFCell, org.apache.poi.xssf.usermodel.XSSFCell)[pri:0, instance:LOT.LotBiletyAllshort@1cbb87f3]" name="Test_BuyTicketsHU" class="LOT.LotBiletyAllshort"/>
        <method signature="LotBiletyAllshort.Test_BuyTicketsUS(java.lang.String, java.lang.String, java.lang.String, org.apache.poi.xssf.usermodel.XSSFCell, org.apache.poi.xssf.usermodel.XSSFCell)[pri:0, instance:LOT.LotBiletyAllshort@1cbb87f3]" name="Test_BuyTicketsUS" class="LOT.LotBiletyAllshort"/>
      </group> <!-- BuyTickets -->
    </groups>
    <test started-at="2018-09-13T11:13:33Z" name="SelectPlacesAndEquipmentAndBaggage" finished-at="2018-09-13T11:15:14Z" duration-ms="101417">
      <class name="LOT.LotBiletyAllSelectPlacesAndEquipmentAndBaggage">
        <test-method is-config="true" signature="setUp()[pri:0, instance:LOT.LotBiletyAllSelectPlacesAndEquipmentAndBaggage@46fa7c39]" started-at="2018-09-13T11:13:33Z" name="setUp" finished-at="2018-09-13T11:13:36Z" duration-ms="3314" status="PASS">
          <reporter-output>
          </reporter-output>
        </test-method> <!-- setUp -->
        <test-method signature="Test_BuyTicketsEU(java.lang.String, java.lang.String, java.lang.String, org.apache.poi.xssf.usermodel.XSSFCell, org.apache.poi.xssf.usermodel.XSSFCell)[pri:0, instance:LOT.LotBiletyAllSelectPlacesAndEquipmentAndBaggage@46fa7c39]" started-at="2018-09-13T11:13:37Z" name="Test_BuyTicketsEU" data-provider="dataEU" finished-at="2018-09-13T11:15:12Z" duration-ms="94872" status="PASS">
          <params>
            <param index="0">
              <value>
                <![CDATA[dk/pl]]>
              </value>
            </param>
            <param index="1">
              <value>
                <![CDATA[EWR]]>
              </value>
            </param>
            <param index="2">
              <value>
                <![CDATA[WAW]]>
              </value>
            </param>
            <param index="3">
              <value>
                <![CDATA[22.0]]>
              </value>
            </param>
            <param index="4">
              <value>
                <![CDATA[53.0]]>
              </value>
            </param>
          </params>
          <reporter-output>
            <line>
              <![CDATA[<a href='C:\LOTests\ErrorScreenshot\HomePage dk\plEWRWAW22.053.020180913_131346.jpg'> <img src='C:\LOTests\ErrorScreenshot\HomePage dk\plEWRWAW22.053.020180913_131346.jpg' height='400' width='600'/> </a><br>20180913_131346]]>
            </line>
            <line>
              <![CDATA[<a href='C:\LOTests\ErrorScreenshot\FlightPage dk\plEWRWAW22.053.020180913_131406.jpg'> <img src='C:\LOTests\ErrorScreenshot\FlightPage dk\plEWRWAW22.053.020180913_131406.jpg' height='400' width='600'/> </a><br>20180913_131406]]>
            </line>
            <line>
              <![CDATA[<a href='C:\LOTests\ErrorScreenshot\PassengersPage dk\plEWRWAW22.053.020180913_131413.jpg'> <img src='C:\LOTests\ErrorScreenshot\PassengersPage dk\plEWRWAW22.053.020180913_131413.jpg' height='400' width='600'/> </a><br>20180913_131413]]>
            </line>
            <line>
              <![CDATA[<a href='C:\LOTests\ErrorScreenshot\ExtraPage dk\plEWRWAW22.053.020180913_131452.jpg'> <img src='C:\LOTests\ErrorScreenshot\ExtraPage dk\plEWRWAW22.053.020180913_131452.jpg' height='400' width='600'/> </a><br>20180913_131452]]>
            </line>
            <line>
              <![CDATA[<a href='C:\LOTests\ErrorScreenshot\PaymentPage dk\plEWRWAW22.053.020180913_131509.jpg'> <img src='C:\LOTests\ErrorScreenshot\PaymentPage dk\plEWRWAW22.053.020180913_131509.jpg' height='400' width='600'/> </a><br>20180913_131509]]>
            </line>
            <line>
              <![CDATA[<a href='C:\LOTests\ErrorScreenshot\Test_BuyTicketsEU20180913_131512.jpg'> <img src='C:\LOTests\ErrorScreenshot\Test_BuyTicketsEU20180913_131512.jpg' height='400' width='600'/> </a><br>20180913_131512]]>
            </line>
          </reporter-output>
        </test-method> <!-- Test_BuyTicketsEU -->
        <test-method signature="Test_BuyTicketsHU(java.lang.String, java.lang.String, java.lang.String, org.apache.poi.xssf.usermodel.XSSFCell, org.apache.poi.xssf.usermodel.XSSFCell)[pri:0, instance:LOT.LotBiletyAllSelectPlacesAndEquipmentAndBaggage@46fa7c39]" started-at="2018-09-13T11:15:12Z" name="Test_BuyTicketsHU" data-provider="dataHU" finished-at="2018-09-13T11:15:12Z" duration-ms="0" status="SKIP">
          <exception class="java.lang.RuntimeException">
            <message>
              <![CDATA[java.lang.NullPointerException]]>
            </message>
            <full-stacktrace>
              <![CDATA[java.lang.RuntimeException: java.lang.NullPointerException
at org.testng.internal.MethodInvocationHelper.invokeMethodNoCheckedException(MethodInvocationHelper.java:49)
at org.testng.internal.MethodInvocationHelper.invokeDataProvider(MethodInvocationHelper.java:131)
at org.testng.internal.Parameters.handleParameters(Parameters.java:706)
at org.testng.internal.ParameterHandler.handleParameters(ParameterHandler.java:49)
at org.testng.internal.ParameterHandler.createParameters(ParameterHandler.java:37)
at org.testng.internal.Invoker.invokeTestMethods(Invoker.java:924)
at org.testng.internal.TestMethodWorker.invokeTestMethods(TestMethodWorker.java:125)
at org.testng.internal.TestMethodWorker.run(TestMethodWorker.java:109)
at org.testng.TestRunner.privateRun(TestRunner.java:648)
at org.testng.TestRunner.run(TestRunner.java:505)
at org.testng.SuiteRunner.runTest(SuiteRunner.java:455)
at org.testng.SuiteRunner.runSequentially(SuiteRunner.java:450)
at org.testng.SuiteRunner.privateRun(SuiteRunner.java:415)
at org.testng.SuiteRunner.run(SuiteRunner.java:364)
at org.testng.SuiteRunnerWorker.runSuite(SuiteRunnerWorker.java:52)
at org.testng.SuiteRunnerWorker.run(SuiteRunnerWorker.java:84)
at org.testng.TestNG.runSuitesSequentially(TestNG.java:1208)
at org.testng.TestNG.runSuitesLocally(TestNG.java:1137)
at org.testng.TestNG.runSuites(TestNG.java:1049)
at org.testng.TestNG.run(TestNG.java:1017)
at org.testng.IDEARemoteTestNG.run(IDEARemoteTestNG.java:72)
at org.testng.RemoteTestNGStarter.main(RemoteTestNGStarter.java:123)
Caused by: java.lang.NullPointerException
at DDT.ExcelDataConfig.getData(ExcelDataConfig.java:31)
at LOT.LotBiletyAllSelectPlacesAndEquipmentAndBaggage.passDataHU(LotBiletyAllSelectPlacesAndEquipmentAndBaggage.java:1341)
at java.base/jdk.internal.reflect.NativeMethodAccessorImpl.invoke0(Native Method)
at java.base/jdk.internal.reflect.NativeMethodAccessorImpl.invoke(NativeMethodAccessorImpl.java:62)
at java.base/jdk.internal.reflect.DelegatingMethodAccessorImpl.invoke(DelegatingMethodAccessorImpl.java:43)
at java.base/java.lang.reflect.Method.invoke(Method.java:564)
at org.testng.internal.MethodInvocationHelper.invokeMethod(MethodInvocationHelper.java:124)
at org.testng.internal.MethodInvocationHelper.invokeMethod(MethodInvocationHelper.java:74)
at org.testng.internal.MethodInvocationHelper.invokeMethodNoCheckedException(MethodInvocationHelper.java:45)
... 21 more
]]>
            </full-stacktrace>
          </exception> <!-- java.lang.RuntimeException -->
          <reporter-output>
          </reporter-output>
        </test-method> <!-- Test_BuyTicketsHU -->
        <test-method signature="Test_BuyTicketsUS(java.lang.String, java.lang.String, java.lang.String, org.apache.poi.xssf.usermodel.XSSFCell, org.apache.poi.xssf.usermodel.XSSFCell)[pri:0, instance:LOT.LotBiletyAllSelectPlacesAndEquipmentAndBaggage@46fa7c39]" started-at="2018-09-13T11:15:13Z" name="Test_BuyTicketsUS" data-provider="dataUS" finished-at="2018-09-13T11:15:13Z" duration-ms="0" status="SKIP">
          <exception class="java.lang.RuntimeException">
            <message>
              <![CDATA[java.lang.NullPointerException]]>
            </message>
            <full-stacktrace>
              <![CDATA[java.lang.RuntimeException: java.lang.NullPointerException
at org.testng.internal.MethodInvocationHelper.invokeMethodNoCheckedException(MethodInvocationHelper.java:49)
at org.testng.internal.MethodInvocationHelper.invokeDataProvider(MethodInvocationHelper.java:131)
at org.testng.internal.Parameters.handleParameters(Parameters.java:706)
at org.testng.internal.ParameterHandler.handleParameters(ParameterHandler.java:49)
at org.testng.internal.ParameterHandler.createParameters(ParameterHandler.java:37)
at org.testng.internal.Invoker.invokeTestMethods(Invoker.java:924)
at org.testng.internal.TestMethodWorker.invokeTestMethods(TestMethodWorker.java:125)
at org.testng.internal.TestMethodWorker.run(TestMethodWorker.java:109)
at org.testng.TestRunner.privateRun(TestRunner.java:648)
at org.testng.TestRunner.run(TestRunner.java:505)
at org.testng.SuiteRunner.runTest(SuiteRunner.java:455)
at org.testng.SuiteRunner.runSequentially(SuiteRunner.java:450)
at org.testng.SuiteRunner.privateRun(SuiteRunner.java:415)
at org.testng.SuiteRunner.run(SuiteRunner.java:364)
at org.testng.SuiteRunnerWorker.runSuite(SuiteRunnerWorker.java:52)
at org.testng.SuiteRunnerWorker.run(SuiteRunnerWorker.java:84)
at org.testng.TestNG.runSuitesSequentially(TestNG.java:1208)
at org.testng.TestNG.runSuitesLocally(TestNG.java:1137)
at org.testng.TestNG.runSuites(TestNG.java:1049)
at org.testng.TestNG.run(TestNG.java:1017)
at org.testng.IDEARemoteTestNG.run(IDEARemoteTestNG.java:72)
at org.testng.RemoteTestNGStarter.main(RemoteTestNGStarter.java:123)
Caused by: java.lang.NullPointerException
at DDT.ExcelDataConfig.getData(ExcelDataConfig.java:31)
at LOT.LotBiletyAllSelectPlacesAndEquipmentAndBaggage.passDataUS(LotBiletyAllSelectPlacesAndEquipmentAndBaggage.java:1325)
at java.base/jdk.internal.reflect.NativeMethodAccessorImpl.invoke0(Native Method)
at java.base/jdk.internal.reflect.NativeMethodAccessorImpl.invoke(NativeMethodAccessorImpl.java:62)
at java.base/jdk.internal.reflect.DelegatingMethodAccessorImpl.invoke(DelegatingMethodAccessorImpl.java:43)
at java.base/java.lang.reflect.Method.invoke(Method.java:564)
at org.testng.internal.MethodInvocationHelper.invokeMethod(MethodInvocationHelper.java:124)
at org.testng.internal.MethodInvocationHelper.invokeMethod(MethodInvocationHelper.java:74)
at org.testng.internal.MethodInvocationHelper.invokeMethodNoCheckedException(MethodInvocationHelper.java:45)
... 21 more
]]>
            </full-stacktrace>
          </exception> <!-- java.lang.RuntimeException -->
          <reporter-output>
          </reporter-output>
        </test-method> <!-- Test_BuyTicketsUS -->
        <test-method is-config="true" signature="tearDown1()[pri:0, instance:LOT.LotBiletyAllSelectPlacesAndEquipmentAndBaggage@46fa7c39]" started-at="2018-09-13T11:15:13Z" name="tearDown1" finished-at="2018-09-13T11:15:13Z" duration-ms="1" status="PASS">
          <reporter-output>
          </reporter-output>
        </test-method> <!-- tearDown1 -->
        <test-method is-config="true" signature="tearDown2()[pri:0, instance:LOT.LotBiletyAllSelectPlacesAndEquipmentAndBaggage@46fa7c39]" started-at="2018-09-13T11:15:13Z" name="tearDown2" finished-at="2018-09-13T11:15:14Z" duration-ms="1266" status="PASS">
          <reporter-output>
          </reporter-output>
        </test-method> <!-- tearDown2 -->
      </class> <!-- LOT.LotBiletyAllSelectPlacesAndEquipmentAndBaggage -->
    </test> <!-- SelectPlacesAndEquipmentAndBaggage -->
    <test started-at="2018-09-13T11:15:15Z" name="BiletyAll" finished-at="2018-09-13T11:16:29Z" duration-ms="74082">
      <class name="LOT.LotBiletyAll">
        <test-method is-config="true" signature="setUp()[pri:0, instance:LOT.LotBiletyAll@6631f5ca]" started-at="2018-09-13T11:15:15Z" name="setUp" finished-at="2018-09-13T11:15:16Z" duration-ms="1888" status="PASS">
          <reporter-output>
          </reporter-output>
        </test-method> <!-- setUp -->
        <test-method signature="Test_BuyTicketsEU(java.lang.String, java.lang.String, java.lang.String, org.apache.poi.xssf.usermodel.XSSFCell, org.apache.poi.xssf.usermodel.XSSFCell)[pri:0, instance:LOT.LotBiletyAll@6631f5ca]" started-at="2018-09-13T11:15:16Z" name="Test_BuyTicketsEU" data-provider="dataEU" finished-at="2018-09-13T11:16:26Z" duration-ms="69814" status="PASS">
          <params>
            <param index="0">
              <value>
                <![CDATA[eg/en]]>
              </value>
            </param>
            <param index="1">
              <value>
                <![CDATA[LAX]]>
              </value>
            </param>
            <param index="2">
              <value>
                <![CDATA[WAW]]>
              </value>
            </param>
            <param index="3">
              <value>
                <![CDATA[258.0]]>
              </value>
            </param>
            <param index="4">
              <value>
                <![CDATA[331.0]]>
              </value>
            </param>
          </params>
          <reporter-output>
            <line>
              <![CDATA[<a href='C:\LOTests\ErrorScreenshot\HomePage eg\enLAXWAW258.0331.020180913_131528.jpg'> <img src='C:\LOTests\ErrorScreenshot\HomePage eg\enLAXWAW258.0331.020180913_131528.jpg' height='400' width='600'/> </a><br>20180913_131528]]>
            </line>
            <line>
              <![CDATA[<a href='C:\LOTests\ErrorScreenshot\FlightPage eg\enLAXWAW258.0331.020180913_131546.jpg'> <img src='C:\LOTests\ErrorScreenshot\FlightPage eg\enLAXWAW258.0331.020180913_131546.jpg' height='400' width='600'/> </a><br>20180913_131546]]>
            </line>
            <line>
              <![CDATA[<a href='C:\LOTests\ErrorScreenshot\PassengersPage eg\enLAXWAW258.0331.020180913_131553.jpg'> <img src='C:\LOTests\ErrorScreenshot\PassengersPage eg\enLAXWAW258.0331.020180913_131553.jpg' height='400' width='600'/> </a><br>20180913_131553]]>
            </line>
            <line>
              <![CDATA[<a href='C:\LOTests\ErrorScreenshot\ExtraPage eg\enLAXWAW258.0331.020180913_131618.jpg'> <img src='C:\LOTests\ErrorScreenshot\ExtraPage eg\enLAXWAW258.0331.020180913_131618.jpg' height='400' width='600'/> </a><br>20180913_131618]]>
            </line>
            <line>
              <![CDATA[<a href='C:\LOTests\ErrorScreenshot\PaymentPage eg\enLAXWAW258.0331.020180913_131623.jpg'> <img src='C:\LOTests\ErrorScreenshot\PaymentPage eg\enLAXWAW258.0331.020180913_131623.jpg' height='400' width='600'/> </a><br>20180913_131623]]>
            </line>
            <line>
              <![CDATA[<a href='C:\LOTests\ErrorScreenshot\Test_BuyTicketsEU20180913_131627.jpg'> <img src='C:\LOTests\ErrorScreenshot\Test_BuyTicketsEU20180913_131627.jpg' height='400' width='600'/> </a><br>20180913_131627]]>
            </line>
          </reporter-output>
        </test-method> <!-- Test_BuyTicketsEU -->
        <test-method signature="Test_BuyTicketsHU(java.lang.String, java.lang.String, java.lang.String, org.apache.poi.xssf.usermodel.XSSFCell, org.apache.poi.xssf.usermodel.XSSFCell)[pri:0, instance:LOT.LotBiletyAll@6631f5ca]" started-at="2018-09-13T11:16:27Z" name="Test_BuyTicketsHU" data-provider="dataHU" finished-at="2018-09-13T11:16:27Z" duration-ms="0" status="SKIP">
          <exception class="java.lang.RuntimeException">
            <message>
              <![CDATA[java.lang.NullPointerException]]>
            </message>
            <full-stacktrace>
              <![CDATA[java.lang.RuntimeException: java.lang.NullPointerException
at org.testng.internal.MethodInvocationHelper.invokeMethodNoCheckedException(MethodInvocationHelper.java:49)
at org.testng.internal.MethodInvocationHelper.invokeDataProvider(MethodInvocationHelper.java:131)
at org.testng.internal.Parameters.handleParameters(Parameters.java:706)
at org.testng.internal.ParameterHandler.handleParameters(ParameterHandler.java:49)
at org.testng.internal.ParameterHandler.createParameters(ParameterHandler.java:37)
at org.testng.internal.Invoker.invokeTestMethods(Invoker.java:924)
at org.testng.internal.TestMethodWorker.invokeTestMethods(TestMethodWorker.java:125)
at org.testng.internal.TestMethodWorker.run(TestMethodWorker.java:109)
at org.testng.TestRunner.privateRun(TestRunner.java:648)
at org.testng.TestRunner.run(TestRunner.java:505)
at org.testng.SuiteRunner.runTest(SuiteRunner.java:455)
at org.testng.SuiteRunner.runSequentially(SuiteRunner.java:450)
at org.testng.SuiteRunner.privateRun(SuiteRunner.java:415)
at org.testng.SuiteRunner.run(SuiteRunner.java:364)
at org.testng.SuiteRunnerWorker.runSuite(SuiteRunnerWorker.java:52)
at org.testng.SuiteRunnerWorker.run(SuiteRunnerWorker.java:84)
at org.testng.TestNG.runSuitesSequentially(TestNG.java:1208)
at org.testng.TestNG.runSuitesLocally(TestNG.java:1137)
at org.testng.TestNG.runSuites(TestNG.java:1049)
at org.testng.TestNG.run(TestNG.java:1017)
at org.testng.IDEARemoteTestNG.run(IDEARemoteTestNG.java:72)
at org.testng.RemoteTestNGStarter.main(RemoteTestNGStarter.java:123)
Caused by: java.lang.NullPointerException
at DDT.ExcelDataConfig.getData(ExcelDataConfig.java:31)
at LOT.LotBiletyAll.passDataHU(LotBiletyAll.java:966)
at java.base/jdk.internal.reflect.NativeMethodAccessorImpl.invoke0(Native Method)
at java.base/jdk.internal.reflect.NativeMethodAccessorImpl.invoke(NativeMethodAccessorImpl.java:62)
at java.base/jdk.internal.reflect.DelegatingMethodAccessorImpl.invoke(DelegatingMethodAccessorImpl.java:43)
at java.base/java.lang.reflect.Method.invoke(Method.java:564)
at org.testng.internal.MethodInvocationHelper.invokeMethod(MethodInvocationHelper.java:124)
at org.testng.internal.MethodInvocationHelper.invokeMethod(MethodInvocationHelper.java:74)
at org.testng.internal.MethodInvocationHelper.invokeMethodNoCheckedException(MethodInvocationHelper.java:45)
... 21 more
]]>
            </full-stacktrace>
          </exception> <!-- java.lang.RuntimeException -->
          <reporter-output>
          </reporter-output>
        </test-method> <!-- Test_BuyTicketsHU -->
        <test-method signature="Test_BuyTicketsUS(java.lang.String, java.lang.String, java.lang.String, org.apache.poi.xssf.usermodel.XSSFCell, org.apache.poi.xssf.usermodel.XSSFCell)[pri:0, instance:LOT.LotBiletyAll@6631f5ca]" started-at="2018-09-13T11:16:27Z" name="Test_BuyTicketsUS" data-provider="dataUS" finished-at="2018-09-13T11:16:27Z" duration-ms="0" status="SKIP">
          <exception class="java.lang.RuntimeException">
            <message>
              <![CDATA[java.lang.NullPointerException]]>
            </message>
            <full-stacktrace>
              <![CDATA[java.lang.RuntimeException: java.lang.NullPointerException
at org.testng.internal.MethodInvocationHelper.invokeMethodNoCheckedException(MethodInvocationHelper.java:49)
at org.testng.internal.MethodInvocationHelper.invokeDataProvider(MethodInvocationHelper.java:131)
at org.testng.internal.Parameters.handleParameters(Parameters.java:706)
at org.testng.internal.ParameterHandler.handleParameters(ParameterHandler.java:49)
at org.testng.internal.ParameterHandler.createParameters(ParameterHandler.java:37)
at org.testng.internal.Invoker.invokeTestMethods(Invoker.java:924)
at org.testng.internal.TestMethodWorker.invokeTestMethods(TestMethodWorker.java:125)
at org.testng.internal.TestMethodWorker.run(TestMethodWorker.java:109)
at org.testng.TestRunner.privateRun(TestRunner.java:648)
at org.testng.TestRunner.run(TestRunner.java:505)
at org.testng.SuiteRunner.runTest(SuiteRunner.java:455)
at org.testng.SuiteRunner.runSequentially(SuiteRunner.java:450)
at org.testng.SuiteRunner.privateRun(SuiteRunner.java:415)
at org.testng.SuiteRunner.run(SuiteRunner.java:364)
at org.testng.SuiteRunnerWorker.runSuite(SuiteRunnerWorker.java:52)
at org.testng.SuiteRunnerWorker.run(SuiteRunnerWorker.java:84)
at org.testng.TestNG.runSuitesSequentially(TestNG.java:1208)
at org.testng.TestNG.runSuitesLocally(TestNG.java:1137)
at org.testng.TestNG.runSuites(TestNG.java:1049)
at org.testng.TestNG.run(TestNG.java:1017)
at org.testng.IDEARemoteTestNG.run(IDEARemoteTestNG.java:72)
at org.testng.RemoteTestNGStarter.main(RemoteTestNGStarter.java:123)
Caused by: java.lang.NullPointerException
at DDT.ExcelDataConfig.getData(ExcelDataConfig.java:31)
at LOT.LotBiletyAll.passDataUS(LotBiletyAll.java:950)
at java.base/jdk.internal.reflect.NativeMethodAccessorImpl.invoke0(Native Method)
at java.base/jdk.internal.reflect.NativeMethodAccessorImpl.invoke(NativeMethodAccessorImpl.java:62)
at java.base/jdk.internal.reflect.DelegatingMethodAccessorImpl.invoke(DelegatingMethodAccessorImpl.java:43)
at java.base/java.lang.reflect.Method.invoke(Method.java:564)
at org.testng.internal.MethodInvocationHelper.invokeMethod(MethodInvocationHelper.java:124)
at org.testng.internal.MethodInvocationHelper.invokeMethod(MethodInvocationHelper.java:74)
at org.testng.internal.MethodInvocationHelper.invokeMethodNoCheckedException(MethodInvocationHelper.java:45)
... 21 more
]]>
            </full-stacktrace>
          </exception> <!-- java.lang.RuntimeException -->
          <reporter-output>
          </reporter-output>
        </test-method> <!-- Test_BuyTicketsUS -->
        <test-method is-config="true" signature="tearDown2()[pri:0, instance:LOT.LotBiletyAll@6631f5ca]" started-at="2018-09-13T11:16:27Z" name="tearDown2" finished-at="2018-09-13T11:16:27Z" duration-ms="0" status="PASS">
          <reporter-output>
          </reporter-output>
        </test-method> <!-- tearDown2 -->
        <test-method is-config="true" signature="tearDown1()[pri:0, instance:LOT.LotBiletyAll@6631f5ca]" started-at="2018-09-13T11:16:27Z" name="tearDown1" finished-at="2018-09-13T11:16:29Z" duration-ms="1126" status="PASS">
          <reporter-output>
          </reporter-output>
        </test-method> <!-- tearDown1 -->
      </class> <!-- LOT.LotBiletyAll -->
    </test> <!-- BiletyAll -->
    <test started-at="2018-09-13T11:16:29Z" name="Short" finished-at="2018-09-13T11:17:01Z" duration-ms="32779">
      <class name="LOT.LotBiletyAllshort">
        <test-method is-config="true" signature="setUp()[pri:0, instance:LOT.LotBiletyAllshort@1cbb87f3]" started-at="2018-09-13T11:16:29Z" name="setUp" finished-at="2018-09-13T11:16:30Z" duration-ms="1458" status="PASS">
          <reporter-output>
          </reporter-output>
        </test-method> <!-- setUp -->
        <test-method signature="Test_BuyTicketsEU(java.lang.String, java.lang.String, java.lang.String, org.apache.poi.xssf.usermodel.XSSFCell, org.apache.poi.xssf.usermodel.XSSFCell)[pri:0, instance:LOT.LotBiletyAllshort@1cbb87f3]" started-at="2018-09-13T11:16:30Z" name="Test_BuyTicketsEU" data-provider="dataEU" finished-at="2018-09-13T11:17:00Z" duration-ms="30007" status="FAIL">
          <params>
            <param index="0">
              <value>
                <![CDATA[pl/pl]]>
              </value>
            </param>
            <param index="1">
              <value>
                <![CDATA[WAW]]>
              </value>
            </param>
            <param index="2">
              <value>
                <![CDATA[AMS]]>
              </value>
            </param>
            <param index="3">
              <value>
                <![CDATA[13.0]]>
              </value>
            </param>
            <param index="4">
              <value>
                <![CDATA[20.0]]>
              </value>
            </param>
          </params>
          <exception class="org.openqa.selenium.TimeoutException">
            <message>
              <![CDATA[timeout
  (Session info: chrome=68.0.3440.106)
  (Driver info: chromedriver=2.41.578737 (49da6702b16031c40d63e5618de03a32ff6c197e),platform=Windows NT 6.1.7601 SP1 x86_64) (WARNING: The server did not provide any stacktrace information)
Command duration or timeout: 0 milliseconds
Build info: version: '3.14.0', revision: 'aacccce0', time: '2018-08-02T20:19:58.91Z'
System info: host: 'N-5CG7492PHQ', ip: '192.168.12.38', os.name: 'Windows 7', os.arch: 'amd64', os.version: '6.1', java.version: '10.0.1'
Driver info: org.openqa.selenium.chrome.ChromeDriver
Capabilities {acceptInsecureCerts: false, acceptSslCerts: false, applicationCacheEnabled: false, browserConnectionEnabled: false, browserName: chrome, chrome: {chromedriverVersion: 2.41.578737 (49da6702b16031..., userDataDir: C:\Users\30001236\AppData\L...}, cssSelectorsEnabled: true, databaseEnabled: false, goog:chromeOptions: {debuggerAddress: localhost:61213}, handlesAlerts: true, hasTouchScreen: false, javascriptEnabled: true, locationContextEnabled: true, mobileEmulationEnabled: false, nativeEvents: true, networkConnectionEnabled: false, pageLoadStrategy: normal, platform: XP, platformName: XP, rotatable: false, setWindowRect: true, takesHeapSnapshot: true, takesScreenshot: true, unexpectedAlertBehaviour: , unhandledPromptBehavior: , version: 68.0.3440.106, webStorageEnabled: true}
Session ID: 51a47c54778d332a465d00823fda5e82]]>
            </message>
            <full-stacktrace>
              <![CDATA[org.openqa.selenium.TimeoutException: timeout
  (Session info: chrome=68.0.3440.106)
  (Driver info: chromedriver=2.41.578737 (49da6702b16031c40d63e5618de03a32ff6c197e),platform=Windows NT 6.1.7601 SP1 x86_64) (WARNING: The server did not provide any stacktrace information)
Command duration or timeout: 0 milliseconds
Build info: version: '3.14.0', revision: 'aacccce0', time: '2018-08-02T20:19:58.91Z'
System info: host: 'N-5CG7492PHQ', ip: '192.168.12.38', os.name: 'Windows 7', os.arch: 'amd64', os.version: '6.1', java.version: '10.0.1'
Driver info: org.openqa.selenium.chrome.ChromeDriver
Capabilities {acceptInsecureCerts: false, acceptSslCerts: false, applicationCacheEnabled: false, browserConnectionEnabled: false, browserName: chrome, chrome: {chromedriverVersion: 2.41.578737 (49da6702b16031..., userDataDir: C:\Users\30001236\AppData\L...}, cssSelectorsEnabled: true, databaseEnabled: false, goog:chromeOptions: {debuggerAddress: localhost:61213}, handlesAlerts: true, hasTouchScreen: false, javascriptEnabled: true, locationContextEnabled: true, mobileEmulationEnabled: false, nativeEvents: true, networkConnectionEnabled: false, pageLoadStrategy: normal, platform: XP, platformName: XP, rotatable: false, setWindowRect: true, takesHeapSnapshot: true, takesScreenshot: true, unexpectedAlertBehaviour: , unhandledPromptBehavior: , version: 68.0.3440.106, webStorageEnabled: true}
Session ID: 51a47c54778d332a465d00823fda5e82
at java.base/jdk.internal.reflect.NativeConstructorAccessorImpl.newInstance0(Native Method)
at java.base/jdk.internal.reflect.NativeConstructorAccessorImpl.newInstance(NativeConstructorAccessorImpl.java:62)
at java.base/jdk.internal.reflect.DelegatingConstructorAccessorImpl.newInstance(DelegatingConstructorAccessorImpl.java:45)
at java.base/java.lang.reflect.Constructor.newInstance(Constructor.java:488)
at org.openqa.selenium.remote.ErrorHandler.createThrowable(ErrorHandler.java:214)
at org.openqa.selenium.remote.ErrorHandler.throwIfResponseFailed(ErrorHandler.java:166)
at org.openqa.selenium.remote.http.JsonHttpResponseCodec.reconstructValue(JsonHttpResponseCodec.java:40)
at org.openqa.selenium.remote.http.AbstractHttpResponseCodec.decode(AbstractHttpResponseCodec.java:80)
at org.openqa.selenium.remote.http.AbstractHttpResponseCodec.decode(AbstractHttpResponseCodec.java:44)
at org.openqa.selenium.remote.HttpCommandExecutor.execute(HttpCommandExecutor.java:158)
at org.openqa.selenium.remote.service.DriverCommandExecutor.execute(DriverCommandExecutor.java:83)
at org.openqa.selenium.remote.RemoteWebDriver.execute(RemoteWebDriver.java:548)
at org.openqa.selenium.remote.RemoteWebDriver.get(RemoteWebDriver.java:276)
at LOT.LotBiletyAllshort.Test_BuyTicketsEU(LotBiletyAllshort.java:66)
at java.base/jdk.internal.reflect.NativeMethodAccessorImpl.invoke0(Native Method)
at java.base/jdk.internal.reflect.NativeMethodAccessorImpl.invoke(NativeMethodAccessorImpl.java:62)
at java.base/jdk.internal.reflect.DelegatingMethodAccessorImpl.invoke(DelegatingMethodAccessorImpl.java:43)
at java.base/java.lang.reflect.Method.invoke(Method.java:564)
at org.testng.internal.MethodInvocationHelper.invokeMethod(MethodInvocationHelper.java:124)
at org.testng.internal.Invoker.invokeMethod(Invoker.java:583)
at org.testng.internal.Invoker.invokeTestMethod(Invoker.java:719)
at org.testng.internal.Invoker.invokeTestMethods(Invoker.java:989)
at org.testng.internal.TestMethodWorker.invokeTestMethods(TestMethodWorker.java:125)
at org.testng.internal.TestMethodWorker.run(TestMethodWorker.java:109)
at org.testng.TestRunner.privateRun(TestRunner.java:648)
at org.testng.TestRunner.run(TestRunner.java:505)
at org.testng.SuiteRunner.runTest(SuiteRunner.java:455)
at org.testng.SuiteRunner.runSequentially(SuiteRunner.java:450)
at org.testng.SuiteRunner.privateRun(SuiteRunner.java:415)
at org.testng.SuiteRunner.run(SuiteRunner.java:364)
at org.testng.SuiteRunnerWorker.runSuite(SuiteRunnerWorker.java:52)
at org.testng.SuiteRunnerWorker.run(SuiteRunnerWorker.java:84)
at org.testng.TestNG.runSuitesSequentially(TestNG.java:1208)
at org.testng.TestNG.runSuitesLocally(TestNG.java:1137)
at org.testng.TestNG.runSuites(TestNG.java:1049)
at org.testng.TestNG.run(TestNG.java:1017)
at org.testng.IDEARemoteTestNG.run(IDEARemoteTestNG.java:72)
at org.testng.RemoteTestNGStarter.main(RemoteTestNGStarter.java:123)
]]>
            </full-stacktrace>
          </exception> <!-- org.openqa.selenium.TimeoutException -->
          <reporter-output>
            <line>
              <![CDATA[<a href='C:\LOTests\ErrorScreenshot\Test_BuyTicketsEU20180913_131701.jpg'> <img src='C:\LOTests\ErrorScreenshot\Test_BuyTicketsEU20180913_131701.jpg' height='400' width='600'/> </a><br>20180913_131701]]>
            </line>
          </reporter-output>
        </test-method> <!-- Test_BuyTicketsEU -->
        <test-method signature="Test_BuyTicketsHU(java.lang.String, java.lang.String, java.lang.String, org.apache.poi.xssf.usermodel.XSSFCell, org.apache.poi.xssf.usermodel.XSSFCell)[pri:0, instance:LOT.LotBiletyAllshort@1cbb87f3]" started-at="2018-09-13T11:17:01Z" name="Test_BuyTicketsHU" data-provider="dataHU" finished-at="2018-09-13T11:17:01Z" duration-ms="0" status="SKIP">
          <exception class="java.lang.RuntimeException">
            <message>
              <![CDATA[java.lang.NullPointerException]]>
            </message>
            <full-stacktrace>
              <![CDATA[java.lang.RuntimeException: java.lang.NullPointerException
at org.testng.internal.MethodInvocationHelper.invokeMethodNoCheckedException(MethodInvocationHelper.java:49)
at org.testng.internal.MethodInvocationHelper.invokeDataProvider(MethodInvocationHelper.java:131)
at org.testng.internal.Parameters.handleParameters(Parameters.java:706)
at org.testng.internal.ParameterHandler.handleParameters(ParameterHandler.java:49)
at org.testng.internal.ParameterHandler.createParameters(ParameterHandler.java:37)
at org.testng.internal.Invoker.invokeTestMethods(Invoker.java:924)
at org.testng.internal.TestMethodWorker.invokeTestMethods(TestMethodWorker.java:125)
at org.testng.internal.TestMethodWorker.run(TestMethodWorker.java:109)
at org.testng.TestRunner.privateRun(TestRunner.java:648)
at org.testng.TestRunner.run(TestRunner.java:505)
at org.testng.SuiteRunner.runTest(SuiteRunner.java:455)
at org.testng.SuiteRunner.runSequentially(SuiteRunner.java:450)
at org.testng.SuiteRunner.privateRun(SuiteRunner.java:415)
at org.testng.SuiteRunner.run(SuiteRunner.java:364)
at org.testng.SuiteRunnerWorker.runSuite(SuiteRunnerWorker.java:52)
at org.testng.SuiteRunnerWorker.run(SuiteRunnerWorker.java:84)
at org.testng.TestNG.runSuitesSequentially(TestNG.java:1208)
at org.testng.TestNG.runSuitesLocally(TestNG.java:1137)
at org.testng.TestNG.runSuites(TestNG.java:1049)
at org.testng.TestNG.run(TestNG.java:1017)
at org.testng.IDEARemoteTestNG.run(IDEARemoteTestNG.java:72)
at org.testng.RemoteTestNGStarter.main(RemoteTestNGStarter.java:123)
Caused by: java.lang.NullPointerException
at DDT.ExcelDataConfig.getData(ExcelDataConfig.java:31)
at LOT.LotBiletyAllshort.passDataHU(LotBiletyAllshort.java:543)
at java.base/jdk.internal.reflect.NativeMethodAccessorImpl.invoke0(Native Method)
at java.base/jdk.internal.reflect.NativeMethodAccessorImpl.invoke(NativeMethodAccessorImpl.java:62)
at java.base/jdk.internal.reflect.DelegatingMethodAccessorImpl.invoke(DelegatingMethodAccessorImpl.java:43)
at java.base/java.lang.reflect.Method.invoke(Method.java:564)
at org.testng.internal.MethodInvocationHelper.invokeMethod(MethodInvocationHelper.java:124)
at org.testng.internal.MethodInvocationHelper.invokeMethod(MethodInvocationHelper.java:74)
at org.testng.internal.MethodInvocationHelper.invokeMethodNoCheckedException(MethodInvocationHelper.java:45)
... 21 more
]]>
            </full-stacktrace>
          </exception> <!-- java.lang.RuntimeException -->
          <reporter-output>
          </reporter-output>
        </test-method> <!-- Test_BuyTicketsHU -->
        <test-method signature="Test_BuyTicketsUS(java.lang.String, java.lang.String, java.lang.String, org.apache.poi.xssf.usermodel.XSSFCell, org.apache.poi.xssf.usermodel.XSSFCell)[pri:0, instance:LOT.LotBiletyAllshort@1cbb87f3]" started-at="2018-09-13T11:17:01Z" name="Test_BuyTicketsUS" data-provider="dataUS" finished-at="2018-09-13T11:17:01Z" duration-ms="0" status="SKIP">
          <exception class="java.lang.RuntimeException">
            <message>
              <![CDATA[java.lang.NullPointerException]]>
            </message>
            <full-stacktrace>
              <![CDATA[java.lang.RuntimeException: java.lang.NullPointerException
at org.testng.internal.MethodInvocationHelper.invokeMethodNoCheckedException(MethodInvocationHelper.java:49)
at org.testng.internal.MethodInvocationHelper.invokeDataProvider(MethodInvocationHelper.java:131)
at org.testng.internal.Parameters.handleParameters(Parameters.java:706)
at org.testng.internal.ParameterHandler.handleParameters(ParameterHandler.java:49)
at org.testng.internal.ParameterHandler.createParameters(ParameterHandler.java:37)
at org.testng.internal.Invoker.invokeTestMethods(Invoker.java:924)
at org.testng.internal.TestMethodWorker.invokeTestMethods(TestMethodWorker.java:125)
at org.testng.internal.TestMethodWorker.run(TestMethodWorker.java:109)
at org.testng.TestRunner.privateRun(TestRunner.java:648)
at org.testng.TestRunner.run(TestRunner.java:505)
at org.testng.SuiteRunner.runTest(SuiteRunner.java:455)
at org.testng.SuiteRunner.runSequentially(SuiteRunner.java:450)
at org.testng.SuiteRunner.privateRun(SuiteRunner.java:415)
at org.testng.SuiteRunner.run(SuiteRunner.java:364)
at org.testng.SuiteRunnerWorker.runSuite(SuiteRunnerWorker.java:52)
at org.testng.SuiteRunnerWorker.run(SuiteRunnerWorker.java:84)
at org.testng.TestNG.runSuitesSequentially(TestNG.java:1208)
at org.testng.TestNG.runSuitesLocally(TestNG.java:1137)
at org.testng.TestNG.runSuites(TestNG.java:1049)
at org.testng.TestNG.run(TestNG.java:1017)
at org.testng.IDEARemoteTestNG.run(IDEARemoteTestNG.java:72)
at org.testng.RemoteTestNGStarter.main(RemoteTestNGStarter.java:123)
Caused by: java.lang.NullPointerException
at DDT.ExcelDataConfig.getData(ExcelDataConfig.java:31)
at LOT.LotBiletyAllshort.passDataUS(LotBiletyAllshort.java:527)
at java.base/jdk.internal.reflect.NativeMethodAccessorImpl.invoke0(Native Method)
at java.base/jdk.internal.reflect.NativeMethodAccessorImpl.invoke(NativeMethodAccessorImpl.java:62)
at java.base/jdk.internal.reflect.DelegatingMethodAccessorImpl.invoke(DelegatingMethodAccessorImpl.java:43)
at java.base/java.lang.reflect.Method.invoke(Method.java:564)
at org.testng.internal.MethodInvocationHelper.invokeMethod(MethodInvocationHelper.java:124)
at org.testng.internal.MethodInvocationHelper.invokeMethod(MethodInvocationHelper.java:74)
at org.testng.internal.MethodInvocationHelper.invokeMethodNoCheckedException(MethodInvocationHelper.java:45)
... 21 more
]]>
            </full-stacktrace>
          </exception> <!-- java.lang.RuntimeException -->
          <reporter-output>
          </reporter-output>
        </test-method> <!-- Test_BuyTicketsUS -->
        <test-method is-config="true" signature="tearDown2()[pri:0, instance:LOT.LotBiletyAllshort@1cbb87f3]" started-at="2018-09-13T11:17:01Z" name="tearDown2" finished-at="2018-09-13T11:17:01Z" duration-ms="1" status="PASS">
          <reporter-output>
          </reporter-output>
        </test-method> <!-- tearDown2 -->
      </class> <!-- LOT.LotBiletyAllshort -->
    </test> <!-- Short -->
  </suite> <!-- Paczka1 -->
</testng-results>
