<?xml version="1.0" encoding="UTF-8"?>
<testng-results ignored="0" total="1" passed="1" failed="0" skipped="0">
  <reporter-output>
  </reporter-output>
  <suite started-at="2018-03-02T11:09:17Z" name="Default Suite" finished-at="2018-03-02T11:09:58Z" duration-ms="41482">
    <groups>
      <group name="p1">
        <method signature="LotBilety.testLot()[pri:0, instance:LOT.LotBilety@7714e963]" name="testLot" class="LOT.LotBilety"/>
      </group> <!-- p1 -->
    </groups>
    <test started-at="2018-03-02T11:09:17Z" name="LOTests" finished-at="2018-03-02T11:09:58Z" duration-ms="41482">
      <class name="LOT.LotBilety">
        <test-method is-config="true" signature="setUp()[pri:0, instance:LOT.LotBilety@7714e963]" started-at="2018-03-02T12:09:17Z" name="setUp" finished-at="2018-03-02T12:09:19Z" duration-ms="2422" status="PASS">
          <reporter-output>
          </reporter-output>
        </test-method> <!-- setUp -->
        <test-method signature="testLot()[pri:0, instance:LOT.LotBilety@7714e963]" started-at="2018-03-02T12:09:19Z" name="testLot" finished-at="2018-03-02T12:09:57Z" duration-ms="37803" status="PASS">
          <reporter-output>
          </reporter-output>
        </test-method> <!-- testLot -->
        <test-method is-config="true" signature="tearDown()[pri:0, instance:LOT.LotBilety@7714e963]" started-at="2018-03-02T12:09:57Z" name="tearDown" finished-at="2018-03-02T12:09:58Z" duration-ms="1229" status="PASS">
          <reporter-output>
          </reporter-output>
        </test-method> <!-- tearDown -->
      </class> <!-- LOT.LotBilety -->
    </test> <!-- LOTests -->
  </suite> <!-- Default Suite -->
</testng-results>
