<?xml version="1.0" encoding="UTF-8"?>
<testng-results ignored="45" total="46" passed="1" failed="0" skipped="0">
  <reporter-output>
  </reporter-output>
  <suite started-at="2018-04-16T12:35:47Z" name="Default Suite" finished-at="2018-04-16T12:36:30Z" duration-ms="42783">
    <groups>
      <group name="p1">
        <method signature="LotAllLanguages.Test_HomePageTabs_KR()[pri:0, instance:LOT.LotAllLanguages@53aad5d5]" name="Test_HomePageTabs_KR" class="LOT.LotAllLanguages"/>
      </group> <!-- p1 -->
    </groups>
    <test started-at="2018-04-16T12:35:47Z" name="LOTests" finished-at="2018-04-16T12:36:30Z" duration-ms="42783">
      <class name="LOT.LotAllLanguages">
        <test-method is-config="true" signature="setUp()[pri:0, instance:LOT.LotAllLanguages@53aad5d5]" started-at="2018-04-16T12:35:47Z" name="setUp" finished-at="2018-04-16T12:35:49Z" duration-ms="2645" status="PASS">
          <reporter-output>
          </reporter-output>
        </test-method> <!-- setUp -->
        <test-method signature="Test_HomePageTabs_KR()[pri:0, instance:LOT.LotAllLanguages@53aad5d5]" started-at="2018-04-16T12:35:49Z" name="Test_HomePageTabs_KR" finished-at="2018-04-16T12:36:28Z" duration-ms="39011" status="PASS">
          <reporter-output>
          </reporter-output>
        </test-method> <!-- Test_HomePageTabs_KR -->
        <test-method is-config="true" signature="tearDown()[pri:0, instance:LOT.LotAllLanguages@53aad5d5]" started-at="2018-04-16T12:36:28Z" name="tearDown" finished-at="2018-04-16T12:36:30Z" duration-ms="1101" status="PASS">
          <reporter-output>
          </reporter-output>
        </test-method> <!-- tearDown -->
      </class> <!-- LOT.LotAllLanguages -->
    </test> <!-- LOTests -->
  </suite> <!-- Default Suite -->
</testng-results>
