<?xml version="1.0" encoding="UTF-8"?>
<testng-results ignored="0" total="3" passed="3" failed="0" skipped="0">
  <reporter-output>
  </reporter-output>
  <suite started-at="2018-10-16T13:39:50Z" name="Default Suite" finished-at="2018-10-16T13:41:22Z" duration-ms="92052">
    <groups>
      <group name="BuyTickets">
        <method signature="LotBiletyAllshortSauceLabsTEST.Test_BuyTickets(java.lang.String, java.lang.String, java.lang.String, org.apache.poi.xssf.usermodel.XSSFCell, org.apache.poi.xssf.usermodel.XSSFCell)[pri:0, instance:LOT.LotBiletyAllshortSauceLabsTEST@61d6015a]" name="Test_BuyTickets" class="LOT.LotBiletyAllshortSauceLabsTEST"/>
      </group> <!-- BuyTickets -->
    </groups>
    <test started-at="2018-10-16T13:39:50Z" name="LOTests" finished-at="2018-10-16T13:41:22Z" duration-ms="92052">
      <class name="LOT.LotBiletyAllshortSauceLabsTEST">
        <test-method is-config="true" signature="setUp()[pri:0, instance:LOT.LotBiletyAllshortSauceLabsTEST@61d6015a]" started-at="2018-10-16T13:39:52Z" name="setUp" finished-at="2018-10-16T13:40:03Z" duration-ms="11008" status="PASS">
          <reporter-output>
          </reporter-output>
        </test-method> <!-- setUp -->
        <test-method signature="Test_BuyTickets(java.lang.String, java.lang.String, java.lang.String, org.apache.poi.xssf.usermodel.XSSFCell, org.apache.poi.xssf.usermodel.XSSFCell)[pri:0, instance:LOT.LotBiletyAllshortSauceLabsTEST@61d6015a]" started-at="2018-10-16T13:40:03Z" name="Test_BuyTickets" data-provider="data" finished-at="2018-10-16T13:40:18Z" duration-ms="15844" status="PASS">
          <params>
            <param index="0">
              <value>
                <![CDATA[gr/en]]>
              </value>
            </param>
            <param index="1">
              <value>
                <![CDATA[KTW]]>
              </value>
            </param>
            <param index="2">
              <value>
                <![CDATA[WAW]]>
              </value>
            </param>
            <param index="3">
              <value>
                <![CDATA[9.0]]>
              </value>
            </param>
            <param index="4">
              <value>
                <![CDATA[28.0]]>
              </value>
            </param>
          </params>
          <reporter-output>
          </reporter-output>
        </test-method> <!-- Test_BuyTickets -->
        <test-method is-config="true" signature="tearDown(org.testng.ITestResult)[pri:0, instance:LOT.LotBiletyAllshortSauceLabsTEST@61d6015a]" started-at="2018-10-16T13:40:18Z" name="tearDown" finished-at="2018-10-16T13:40:19Z" duration-ms="879" status="PASS">
          <params>
            <param index="0">
              <value>
                <![CDATA[[TestResult name=Test_BuyTickets status=SUCCESS method=LotBiletyAllshortSauceLabsTEST.Test_BuyTickets(java.lang.String, java.lang.String, java.lang.String, org.apache.poi.xssf.usermodel.XSSFCell, org.apache.poi.xssf.usermodel.XSSFCell)[pri:0, instance:LOT.LotBiletyAllshortSauceLabsTEST@61d6015a] output={null}]]]>
              </value>
            </param>
          </params>
          <reporter-output>
          </reporter-output>
        </test-method> <!-- tearDown -->
        <test-method is-config="true" signature="setUp()[pri:0, instance:LOT.LotBiletyAllshortSauceLabsTEST@61d6015a]" started-at="2018-10-16T13:40:19Z" name="setUp" finished-at="2018-10-16T13:40:30Z" duration-ms="10552" status="PASS">
          <reporter-output>
          </reporter-output>
        </test-method> <!-- setUp -->
        <test-method signature="Test_BuyTickets(java.lang.String, java.lang.String, java.lang.String, org.apache.poi.xssf.usermodel.XSSFCell, org.apache.poi.xssf.usermodel.XSSFCell)[pri:0, instance:LOT.LotBiletyAllshortSauceLabsTEST@61d6015a]" started-at="2018-10-16T13:40:30Z" name="Test_BuyTickets" data-provider="data" finished-at="2018-10-16T13:40:48Z" duration-ms="17804" status="PASS">
          <params>
            <param index="0">
              <value>
                <![CDATA[pl/pl]]>
              </value>
            </param>
            <param index="1">
              <value>
                <![CDATA[WAW]]>
              </value>
            </param>
            <param index="2">
              <value>
                <![CDATA[KTW]]>
              </value>
            </param>
            <param index="3">
              <value>
                <![CDATA[10.0]]>
              </value>
            </param>
            <param index="4">
              <value>
                <![CDATA[29.0]]>
              </value>
            </param>
          </params>
          <reporter-output>
          </reporter-output>
        </test-method> <!-- Test_BuyTickets -->
        <test-method is-config="true" signature="tearDown(org.testng.ITestResult)[pri:0, instance:LOT.LotBiletyAllshortSauceLabsTEST@61d6015a]" started-at="2018-10-16T13:40:48Z" name="tearDown" finished-at="2018-10-16T13:40:48Z" duration-ms="709" status="PASS">
          <params>
            <param index="0">
              <value>
                <![CDATA[[TestResult name=Test_BuyTickets status=SUCCESS method=LotBiletyAllshortSauceLabsTEST.Test_BuyTickets(java.lang.String, java.lang.String, java.lang.String, org.apache.poi.xssf.usermodel.XSSFCell, org.apache.poi.xssf.usermodel.XSSFCell)[pri:0, instance:LOT.LotBiletyAllshortSauceLabsTEST@61d6015a] output={null}]]]>
              </value>
            </param>
          </params>
          <reporter-output>
          </reporter-output>
        </test-method> <!-- tearDown -->
        <test-method is-config="true" signature="setUp()[pri:0, instance:LOT.LotBiletyAllshortSauceLabsTEST@61d6015a]" started-at="2018-10-16T13:40:48Z" name="setUp" finished-at="2018-10-16T13:40:59Z" duration-ms="10502" status="PASS">
          <reporter-output>
          </reporter-output>
        </test-method> <!-- setUp -->
        <test-method signature="Test_BuyTickets(java.lang.String, java.lang.String, java.lang.String, org.apache.poi.xssf.usermodel.XSSFCell, org.apache.poi.xssf.usermodel.XSSFCell)[pri:0, instance:LOT.LotBiletyAllshortSauceLabsTEST@61d6015a]" started-at="2018-10-16T13:40:59Z" name="Test_BuyTickets" data-provider="data" finished-at="2018-10-16T13:41:21Z" duration-ms="22393" status="PASS">
          <params>
            <param index="0">
              <value>
                <![CDATA[pl/en]]>
              </value>
            </param>
            <param index="1">
              <value>
                <![CDATA[KTW]]>
              </value>
            </param>
            <param index="2">
              <value>
                <![CDATA[WAW]]>
              </value>
            </param>
            <param index="3">
              <value>
                <![CDATA[11.0]]>
              </value>
            </param>
            <param index="4">
              <value>
                <![CDATA[30.0]]>
              </value>
            </param>
          </params>
          <reporter-output>
          </reporter-output>
        </test-method> <!-- Test_BuyTickets -->
        <test-method is-config="true" signature="tearDown(org.testng.ITestResult)[pri:0, instance:LOT.LotBiletyAllshortSauceLabsTEST@61d6015a]" started-at="2018-10-16T13:41:21Z" name="tearDown" finished-at="2018-10-16T13:41:22Z" duration-ms="969" status="PASS">
          <params>
            <param index="0">
              <value>
                <![CDATA[[TestResult name=Test_BuyTickets status=SUCCESS method=LotBiletyAllshortSauceLabsTEST.Test_BuyTickets(java.lang.String, java.lang.String, java.lang.String, org.apache.poi.xssf.usermodel.XSSFCell, org.apache.poi.xssf.usermodel.XSSFCell)[pri:0, instance:LOT.LotBiletyAllshortSauceLabsTEST@61d6015a] output={null}]]]>
              </value>
            </param>
          </params>
          <reporter-output>
          </reporter-output>
        </test-method> <!-- tearDown -->
      </class> <!-- LOT.LotBiletyAllshortSauceLabsTEST -->
    </test> <!-- LOTests -->
  </suite> <!-- Default Suite -->
</testng-results>
