<?xml version="1.0" encoding="UTF-8"?>
<!-- Generated by org.testng.reporters.JUnitReportReporter -->
<testsuite hostname="N-5CG7492PHQ" failures="0" tests="3" name="Selenium.Test" time="26.581" errors="0" timestamp="19 paź 2018 12:47:49 GMT" skipped="0">
  <testcase classname="Selenium.Test" name="Test_BuyTicketsEU" time="14.753"/>
  <testcase classname="Selenium.Test" name="Test_BuyTicketsEU" time="6.121"/>
  <testcase classname="Selenium.Test" name="Test_BuyTicketsEU" time="5.707"/>
</testsuite> <!-- Selenium.Test -->
